{"/home/pippo/tev2/backend/src/prisma.ts": {"path":"/home/pippo/tev2/backend/src/prisma.ts","statementMap":{"0":{"start":{"line":1,"column":0},"end":{"line":1,"column":46}},"1":{"start":{"line":10,"column":13},"end":{"line":10,"column":58}},"2":{"start":{"line":12,"column":0},"end":{"line":14,"column":1}},"3":{"start":{"line":13,"column":2},"end":{"line":13,"column":25}},"4":{"start":{"line":16,"column":26},"end":{"line":25,"column":1}},"5":{"start":{"line":17,"column":2},"end":{"line":24,"column":2}},"6":{"start":{"line":19,"column":4},"end":{"line":19,"column":28}},"7":{"start":{"line":20,"column":4},"end":{"line":20,"column":41}},"8":{"start":{"line":22,"column":4},"end":{"line":22,"column":59}},"9":{"start":{"line":23,"column":4},"end":{"line":23,"column":16}},"10":{"start":{"line":16,"column":13},"end":{"line":16,"column":26}},"11":{"start":{"line":27,"column":27},"end":{"line":29,"column":1}},"12":{"start":{"line":28,"column":2},"end":{"line":28,"column":29}},"13":{"start":{"line":27,"column":13},"end":{"line":27,"column":27}}},"fnMap":{"0":{"name":"(anonymous_0)","decl":{"start":{"line":16,"column":26},"end":{"line":16,"column":31}},"loc":{"start":{"line":16,"column":37},"end":{"line":25,"column":1}}},"1":{"name":"(anonymous_1)","decl":{"start":{"line":27,"column":27},"end":{"line":27,"column":32}},"loc":{"start":{"line":27,"column":38},"end":{"line":29,"column":1}}}},"branchMap":{"0":{"loc":{"start":{"line":10,"column":22},"end":{"line":10,"column":57}},"type":"binary-expr","locations":[{"start":{"line":10,"column":22},"end":{"line":10,"column":35}},{"start":{"line":10,"column":39},"end":{"line":10,"column":57}}]},"1":{"loc":{"start":{"line":12,"column":0},"end":{"line":14,"column":1}},"type":"if","locations":[{"start":{"line":12,"column":0},"end":{"line":14,"column":1}}]}},"s":{"0":0,"1":0,"2":0,"3":0,"4":0,"5":0,"6":0,"7":0,"8":0,"9":0,"10":0,"11":0,"12":0,"13":0},"f":{"0":0,"1":0},"b":{"0":[0,0],"1":[0]}}
,"/home/pippo/tev2/backend/src/router.ts": {"path":"/home/pippo/tev2/backend/src/router.ts","statementMap":{"0":{"start":{"line":1,"column":0},"end":{"line":1,"column":30}},"1":{"start":{"line":2,"column":0},"end":{"line":2,"column":53}},"2":{"start":{"line":3,"column":0},"end":{"line":3,"column":47}},"3":{"start":{"line":4,"column":0},"end":{"line":4,"column":57}},"4":{"start":{"line":5,"column":0},"end":{"line":5,"column":53}},"5":{"start":{"line":6,"column":0},"end":{"line":6,"column":61}},"6":{"start":{"line":7,"column":0},"end":{"line":7,"column":45}},"7":{"start":{"line":8,"column":0},"end":{"line":8,"column":47}},"8":{"start":{"line":9,"column":0},"end":{"line":9,"column":57}},"9":{"start":{"line":10,"column":0},"end":{"line":10,"column":69}},"10":{"start":{"line":11,"column":0},"end":{"line":11,"column":71}},"11":{"start":{"line":13,"column":13},"end":{"line":13,"column":39}},"12":{"start":{"line":16,"column":0},"end":{"line":16,"column":40}},"13":{"start":{"line":17,"column":0},"end":{"line":17,"column":34}},"14":{"start":{"line":18,"column":0},"end":{"line":18,"column":44}},"15":{"start":{"line":19,"column":0},"end":{"line":19,"column":40}},"16":{"start":{"line":20,"column":0},"end":{"line":20,"column":48}},"17":{"start":{"line":21,"column":0},"end":{"line":21,"column":32}},"18":{"start":{"line":22,"column":0},"end":{"line":22,"column":34}},"19":{"start":{"line":23,"column":0},"end":{"line":23,"column":45}},"20":{"start":{"line":24,"column":0},"end":{"line":24,"column":57}},"21":{"start":{"line":25,"column":0},"end":{"line":25,"column":60}},"22":{"start":{"line":28,"column":0},"end":{"line":30,"column":3}},"23":{"start":{"line":29,"column":2},"end":{"line":29,"column":90}},"24":{"start":{"line":32,"column":0},"end":{"line":32,"column":22}}},"fnMap":{"0":{"name":"(anonymous_1)","decl":{"start":{"line":28,"column":22},"end":{"line":28,"column":23}},"loc":{"start":{"line":28,"column":35},"end":{"line":30,"column":1}}}},"branchMap":{},"s":{"0":0,"1":0,"2":0,"3":0,"4":0,"5":0,"6":0,"7":0,"8":0,"9":0,"10":0,"11":0,"12":0,"13":0,"14":0,"15":0,"16":0,"17":0,"18":0,"19":0,"20":0,"21":0,"22":0,"23":0,"24":0},"f":{"0":0},"b":{}}
,"/home/pippo/tev2/backend/src/handlers/categories.ts": {"path":"/home/pippo/tev2/backend/src/handlers/categories.ts","statementMap":{"0":{"start":{"line":1,"column":0},"end":{"line":1,"column":53}},"1":{"start":{"line":2,"column":0},"end":{"line":2,"column":35}},"2":{"start":{"line":5,"column":13},"end":{"line":5,"column":49}},"3":{"start":{"line":8,"column":0},"end":{"line":22,"column":3}},"4":{"start":{"line":9,"column":2},"end":{"line":21,"column":3}},"5":{"start":{"line":10,"column":23},"end":{"line":16,"column":6}},"6":{"start":{"line":17,"column":4},"end":{"line":17,"column":25}},"7":{"start":{"line":19,"column":4},"end":{"line":19,"column":55}},"8":{"start":{"line":20,"column":4},"end":{"line":20,"column":66}},"9":{"start":{"line":25,"column":0},"end":{"line":46,"column":3}},"10":{"start":{"line":26,"column":2},"end":{"line":45,"column":3}},"11":{"start":{"line":27,"column":19},"end":{"line":27,"column":29}},"12":{"start":{"line":28,"column":21},"end":{"line":35,"column":6}},"13":{"start":{"line":37,"column":4},"end":{"line":39,"column":5}},"14":{"start":{"line":38,"column":6},"end":{"line":38,"column":67}},"15":{"start":{"line":41,"column":4},"end":{"line":41,"column":23}},"16":{"start":{"line":43,"column":4},"end":{"line":43,"column":53}},"17":{"start":{"line":44,"column":4},"end":{"line":44,"column":64}},"18":{"start":{"line":49,"column":0},"end":{"line":70,"column":3}},"19":{"start":{"line":50,"column":2},"end":{"line":69,"column":3}},"20":{"start":{"line":51,"column":37},"end":{"line":51,"column":69}},"21":{"start":{"line":53,"column":21},"end":{"line":63,"column":6}},"22":{"start":{"line":65,"column":4},"end":{"line":65,"column":35}},"23":{"start":{"line":67,"column":4},"end":{"line":67,"column":53}},"24":{"start":{"line":68,"column":4},"end":{"line":68,"column":65}},"25":{"start":{"line":73,"column":0},"end":{"line":96,"column":3}},"26":{"start":{"line":74,"column":2},"end":{"line":95,"column":3}},"27":{"start":{"line":75,"column":19},"end":{"line":75,"column":29}},"28":{"start":{"line":76,"column":37},"end":{"line":76,"column":69}},"29":{"start":{"line":78,"column":21},"end":{"line":89,"column":6}},"30":{"start":{"line":91,"column":4},"end":{"line":91,"column":23}},"31":{"start":{"line":93,"column":4},"end":{"line":93,"column":53}},"32":{"start":{"line":94,"column":4},"end":{"line":94,"column":65}},"33":{"start":{"line":99,"column":0},"end":{"line":123,"column":3}},"34":{"start":{"line":100,"column":2},"end":{"line":122,"column":3}},"35":{"start":{"line":101,"column":19},"end":{"line":101,"column":29}},"36":{"start":{"line":104,"column":21},"end":{"line":106,"column":6}},"37":{"start":{"line":108,"column":4},"end":{"line":112,"column":5}},"38":{"start":{"line":109,"column":6},"end":{"line":111,"column":9}},"39":{"start":{"line":114,"column":4},"end":{"line":116,"column":7}},"40":{"start":{"line":118,"column":4},"end":{"line":118,"column":27}},"41":{"start":{"line":120,"column":4},"end":{"line":120,"column":53}},"42":{"start":{"line":121,"column":4},"end":{"line":121,"column":65}},"43":{"start":{"line":125,"column":0},"end":{"line":125,"column":32}}},"fnMap":{"0":{"name":"(anonymous_1)","decl":{"start":{"line":8,"column":26},"end":{"line":8,"column":31}},"loc":{"start":{"line":8,"column":64},"end":{"line":22,"column":1}}},"1":{"name":"(anonymous_2)","decl":{"start":{"line":25,"column":29},"end":{"line":25,"column":34}},"loc":{"start":{"line":25,"column":67},"end":{"line":46,"column":1}}},"2":{"name":"(anonymous_3)","decl":{"start":{"line":49,"column":27},"end":{"line":49,"column":32}},"loc":{"start":{"line":49,"column":65},"end":{"line":70,"column":1}}},"3":{"name":"(anonymous_4)","decl":{"start":{"line":73,"column":29},"end":{"line":73,"column":34}},"loc":{"start":{"line":73,"column":67},"end":{"line":96,"column":1}}},"4":{"name":"(anonymous_5)","decl":{"start":{"line":99,"column":32},"end":{"line":99,"column":37}},"loc":{"start":{"line":99,"column":70},"end":{"line":123,"column":1}}}},"branchMap":{"0":{"loc":{"start":{"line":37,"column":4},"end":{"line":39,"column":5}},"type":"if","locations":[{"start":{"line":37,"column":4},"end":{"line":39,"column":5}}]},"1":{"loc":{"start":{"line":56,"column":24},"end":{"line":56,"column":44}},"type":"binary-expr","locations":[{"start":{"line":56,"column":24},"end":{"line":56,"column":38}},{"start":{"line":56,"column":42},"end":{"line":56,"column":44}}]},"2":{"loc":{"start":{"line":82,"column":24},"end":{"line":82,"column":44}},"type":"binary-expr","locations":[{"start":{"line":82,"column":24},"end":{"line":82,"column":38}},{"start":{"line":82,"column":42},"end":{"line":82,"column":44}}]},"3":{"loc":{"start":{"line":108,"column":4},"end":{"line":112,"column":5}},"type":"if","locations":[{"start":{"line":108,"column":4},"end":{"line":112,"column":5}}]}},"s":{"0":1,"1":1,"2":1,"3":1,"4":2,"5":2,"6":1,"7":1,"8":1,"9":1,"10":2,"11":2,"12":2,"13":2,"14":1,"15":1,"16":0,"17":0,"18":1,"19":1,"20":1,"21":1,"22":1,"23":0,"24":0,"25":1,"26":1,"27":1,"28":1,"29":1,"30":1,"31":0,"32":0,"33":1,"34":2,"35":2,"36":2,"37":2,"38":1,"39":1,"40":1,"41":0,"42":0,"43":1},"f":{"0":2,"1":2,"2":1,"3":1,"4":2},"b":{"0":[1],"1":[1,0],"2":[1,0],"3":[1]}}
,"/home/pippo/tev2/backend/src/handlers/orderActivityLogs.ts": {"path":"/home/pippo/tev2/backend/src/handlers/orderActivityLogs.ts","statementMap":{"0":{"start":{"line":1,"column":0},"end":{"line":1,"column":53}},"1":{"start":{"line":2,"column":0},"end":{"line":2,"column":35}},"2":{"start":{"line":5,"column":13},"end":{"line":5,"column":56}},"3":{"start":{"line":8,"column":0},"end":{"line":19,"column":3}},"4":{"start":{"line":9,"column":2},"end":{"line":18,"column":2}},"5":{"start":{"line":10,"column":30},"end":{"line":13,"column":6}},"6":{"start":{"line":14,"column":4},"end":{"line":14,"column":32}},"7":{"start":{"line":16,"column":4},"end":{"line":16,"column":64}},"8":{"start":{"line":17,"column":4},"end":{"line":17,"column":75}},"9":{"start":{"line":22,"column":0},"end":{"line":38,"column":3}},"10":{"start":{"line":23,"column":2},"end":{"line":37,"column":3}},"11":{"start":{"line":24,"column":19},"end":{"line":24,"column":29}},"12":{"start":{"line":25,"column":29},"end":{"line":27,"column":6}},"13":{"start":{"line":29,"column":4},"end":{"line":31,"column":5}},"14":{"start":{"line":30,"column":6},"end":{"line":30,"column":77}},"15":{"start":{"line":33,"column":4},"end":{"line":33,"column":31}},"16":{"start":{"line":35,"column":4},"end":{"line":35,"column":63}},"17":{"start":{"line":36,"column":4},"end":{"line":36,"column":74}},"18":{"start":{"line":41,"column":0},"end":{"line":60,"column":3}},"19":{"start":{"line":42,"column":2},"end":{"line":59,"column":2}},"20":{"start":{"line":43,"column":50},"end":{"line":43,"column":104}},"21":{"start":{"line":45,"column":29},"end":{"line":53,"column":6}},"22":{"start":{"line":55,"column":4},"end":{"line":55,"column":43}},"23":{"start":{"line":57,"column":4},"end":{"line":57,"column":63}},"24":{"start":{"line":58,"column":4},"end":{"line":58,"column":75}},"25":{"start":{"line":62,"column":0},"end":{"line":62,"column":39}}},"fnMap":{"0":{"name":"(anonymous_1)","decl":{"start":{"line":8,"column":33},"end":{"line":8,"column":38}},"loc":{"start":{"line":8,"column":71},"end":{"line":19,"column":1}}},"1":{"name":"(anonymous_2)","decl":{"start":{"line":22,"column":36},"end":{"line":22,"column":41}},"loc":{"start":{"line":22,"column":74},"end":{"line":38,"column":1}}},"2":{"name":"(anonymous_3)","decl":{"start":{"line":41,"column":34},"end":{"line":41,"column":39}},"loc":{"start":{"line":41,"column":72},"end":{"line":60,"column":1}}}},"branchMap":{"0":{"loc":{"start":{"line":29,"column":4},"end":{"line":31,"column":5}},"type":"if","locations":[{"start":{"line":29,"column":4},"end":{"line":31,"column":5}}]},"1":{"loc":{"start":{"line":48,"column":17},"end":{"line":48,"column":80}},"type":"cond-expr","locations":[{"start":{"line":48,"column":47},"end":{"line":48,"column":54}},{"start":{"line":48,"column":57},"end":{"line":48,"column":80}}]}},"s":{"0":1,"1":1,"2":1,"3":1,"4":2,"5":2,"6":1,"7":1,"8":1,"9":1,"10":2,"11":2,"12":2,"13":2,"14":1,"15":1,"16":0,"17":0,"18":1,"19":1,"20":1,"21":1,"22":1,"23":0,"24":0,"25":1},"f":{"0":2,"1":2,"2":1},"b":{"0":[1],"1":[1,0]}}
,"/home/pippo/tev2/backend/src/handlers/products.ts": {"path":"/home/pippo/tev2/backend/src/handlers/products.ts","statementMap":{"0":{"start":{"line":1,"column":0},"end":{"line":1,"column":53}},"1":{"start":{"line":2,"column":0},"end":{"line":2,"column":35}},"2":{"start":{"line":5,"column":13},"end":{"line":5,"column":47}},"3":{"start":{"line":8,"column":0},"end":{"line":24,"column":3}},"4":{"start":{"line":9,"column":2},"end":{"line":23,"column":3}},"5":{"start":{"line":10,"column":21},"end":{"line":18,"column":6}},"6":{"start":{"line":19,"column":4},"end":{"line":19,"column":23}},"7":{"start":{"line":21,"column":4},"end":{"line":21,"column":53}},"8":{"start":{"line":22,"column":4},"end":{"line":22,"column":64}},"9":{"start":{"line":27,"column":0},"end":{"line":50,"column":3}},"10":{"start":{"line":28,"column":2},"end":{"line":49,"column":3}},"11":{"start":{"line":29,"column":19},"end":{"line":29,"column":29}},"12":{"start":{"line":30,"column":20},"end":{"line":39,"column":6}},"13":{"start":{"line":41,"column":4},"end":{"line":43,"column":5}},"14":{"start":{"line":42,"column":6},"end":{"line":42,"column":66}},"15":{"start":{"line":45,"column":4},"end":{"line":45,"column":22}},"16":{"start":{"line":47,"column":4},"end":{"line":47,"column":52}},"17":{"start":{"line":48,"column":4},"end":{"line":48,"column":63}},"18":{"start":{"line":53,"column":0},"end":{"line":91,"column":3}},"19":{"start":{"line":54,"column":2},"end":{"line":90,"column":3}},"20":{"start":{"line":55,"column":43},"end":{"line":55,"column":133}},"21":{"start":{"line":57,"column":20},"end":{"line":84,"column":6}},"22":{"start":{"line":62,"column":37},"end":{"line":74,"column":12}},"23":{"start":{"line":69,"column":97},"end":{"line":72,"column":16}},"24":{"start":{"line":86,"column":4},"end":{"line":86,"column":34}},"25":{"start":{"line":88,"column":4},"end":{"line":88,"column":52}},"26":{"start":{"line":89,"column":4},"end":{"line":89,"column":64}},"27":{"start":{"line":94,"column":0},"end":{"line":139,"column":3}},"28":{"start":{"line":95,"column":2},"end":{"line":138,"column":3}},"29":{"start":{"line":96,"column":19},"end":{"line":96,"column":29}},"30":{"start":{"line":97,"column":43},"end":{"line":97,"column":133}},"31":{"start":{"line":100,"column":4},"end":{"line":102,"column":7}},"32":{"start":{"line":104,"column":20},"end":{"line":132,"column":6}},"33":{"start":{"line":110,"column":37},"end":{"line":122,"column":12}},"34":{"start":{"line":117,"column":97},"end":{"line":120,"column":16}},"35":{"start":{"line":134,"column":4},"end":{"line":134,"column":22}},"36":{"start":{"line":136,"column":4},"end":{"line":136,"column":52}},"37":{"start":{"line":137,"column":4},"end":{"line":137,"column":64}},"38":{"start":{"line":142,"column":0},"end":{"line":155,"column":3}},"39":{"start":{"line":143,"column":2},"end":{"line":154,"column":3}},"40":{"start":{"line":144,"column":19},"end":{"line":144,"column":29}},"41":{"start":{"line":146,"column":4},"end":{"line":148,"column":7}},"42":{"start":{"line":150,"column":4},"end":{"line":150,"column":27}},"43":{"start":{"line":152,"column":4},"end":{"line":152,"column":52}},"44":{"start":{"line":153,"column":4},"end":{"line":153,"column":64}},"45":{"start":{"line":157,"column":0},"end":{"line":157,"column":30}}},"fnMap":{"0":{"name":"(anonymous_1)","decl":{"start":{"line":8,"column":24},"end":{"line":8,"column":29}},"loc":{"start":{"line":8,"column":62},"end":{"line":24,"column":1}}},"1":{"name":"(anonymous_2)","decl":{"start":{"line":27,"column":27},"end":{"line":27,"column":32}},"loc":{"start":{"line":27,"column":65},"end":{"line":50,"column":1}}},"2":{"name":"(anonymous_3)","decl":{"start":{"line":53,"column":25},"end":{"line":53,"column":30}},"loc":{"start":{"line":53,"column":63},"end":{"line":91,"column":1}}},"3":{"name":"(anonymous_4)","decl":{"start":{"line":62,"column":31},"end":{"line":62,"column":32}},"loc":{"start":{"line":62,"column":37},"end":{"line":74,"column":12}}},"4":{"name":"(anonymous_5)","decl":{"start":{"line":69,"column":45},"end":{"line":69,"column":46}},"loc":{"start":{"line":69,"column":97},"end":{"line":72,"column":16}}},"5":{"name":"(anonymous_6)","decl":{"start":{"line":94,"column":27},"end":{"line":94,"column":32}},"loc":{"start":{"line":94,"column":65},"end":{"line":139,"column":1}}},"6":{"name":"(anonymous_7)","decl":{"start":{"line":110,"column":31},"end":{"line":110,"column":32}},"loc":{"start":{"line":110,"column":37},"end":{"line":122,"column":12}}},"7":{"name":"(anonymous_8)","decl":{"start":{"line":117,"column":45},"end":{"line":117,"column":46}},"loc":{"start":{"line":117,"column":97},"end":{"line":120,"column":16}}},"8":{"name":"(anonymous_9)","decl":{"start":{"line":142,"column":30},"end":{"line":142,"column":35}},"loc":{"start":{"line":142,"column":68},"end":{"line":155,"column":1}}}},"branchMap":{"0":{"loc":{"start":{"line":41,"column":4},"end":{"line":43,"column":5}},"type":"if","locations":[{"start":{"line":41,"column":4},"end":{"line":43,"column":5}}]},"1":{"loc":{"start":{"line":65,"column":25},"end":{"line":65,"column":47}},"type":"binary-expr","locations":[{"start":{"line":65,"column":25},"end":{"line":65,"column":38}},{"start":{"line":65,"column":42},"end":{"line":65,"column":47}}]},"2":{"loc":{"start":{"line":113,"column":25},"end":{"line":113,"column":47}},"type":"binary-expr","locations":[{"start":{"line":113,"column":25},"end":{"line":113,"column":38}},{"start":{"line":113,"column":42},"end":{"line":113,"column":47}}]}},"s":{"0":1,"1":1,"2":1,"3":1,"4":2,"5":2,"6":1,"7":1,"8":1,"9":1,"10":2,"11":2,"12":2,"13":2,"14":1,"15":1,"16":0,"17":0,"18":1,"19":1,"20":1,"21":1,"22":0,"23":0,"24":1,"25":0,"26":0,"27":1,"28":1,"29":1,"30":1,"31":1,"32":1,"33":0,"34":0,"35":1,"36":0,"37":0,"38":1,"39":1,"40":1,"41":1,"42":1,"43":0,"44":0,"45":1},"f":{"0":2,"1":2,"2":1,"3":0,"4":0,"5":1,"6":0,"7":0,"8":1},"b":{"0":[1],"1":[0,0],"2":[0,0]}}
,"/home/pippo/tev2/backend/src/handlers/settings.ts": {"path":"/home/pippo/tev2/backend/src/handlers/settings.ts","statementMap":{"0":{"start":{"line":1,"column":0},"end":{"line":1,"column":53}},"1":{"start":{"line":2,"column":0},"end":{"line":2,"column":35}},"2":{"start":{"line":5,"column":13},"end":{"line":5,"column":47}},"3":{"start":{"line":8,"column":0},"end":{"line":41,"column":3}},"4":{"start":{"line":9,"column":2},"end":{"line":40,"column":3}},"5":{"start":{"line":11,"column":21},"end":{"line":11,"column":54}},"6":{"start":{"line":13,"column":4},"end":{"line":23,"column":5}},"7":{"start":{"line":15,"column":6},"end":{"line":21,"column":9}},"8":{"start":{"line":22,"column":6},"end":{"line":22,"column":13}},"9":{"start":{"line":26,"column":29},"end":{"line":34,"column":6}},"10":{"start":{"line":36,"column":4},"end":{"line":36,"column":21}},"11":{"start":{"line":38,"column":4},"end":{"line":38,"column":53}},"12":{"start":{"line":39,"column":4},"end":{"line":39,"column":64}},"13":{"start":{"line":44,"column":0},"end":{"line":88,"column":3}},"14":{"start":{"line":45,"column":2},"end":{"line":87,"column":3}},"15":{"start":{"line":46,"column":33},"end":{"line":46,"column":53}},"16":{"start":{"line":49,"column":19},"end":{"line":49,"column":52}},"17":{"start":{"line":51,"column":4},"end":{"line":70,"column":5}},"18":{"start":{"line":53,"column":6},"end":{"line":60,"column":9}},"19":{"start":{"line":63,"column":6},"end":{"line":69,"column":9}},"20":{"start":{"line":73,"column":29},"end":{"line":81,"column":6}},"21":{"start":{"line":83,"column":4},"end":{"line":83,"column":21}},"22":{"start":{"line":85,"column":4},"end":{"line":85,"column":53}},"23":{"start":{"line":86,"column":4},"end":{"line":86,"column":65}},"24":{"start":{"line":90,"column":0},"end":{"line":90,"column":30}}},"fnMap":{"0":{"name":"(anonymous_1)","decl":{"start":{"line":8,"column":24},"end":{"line":8,"column":29}},"loc":{"start":{"line":8,"column":62},"end":{"line":41,"column":1}}},"1":{"name":"(anonymous_2)","decl":{"start":{"line":44,"column":24},"end":{"line":44,"column":29}},"loc":{"start":{"line":44,"column":62},"end":{"line":88,"column":1}}}},"branchMap":{"0":{"loc":{"start":{"line":13,"column":4},"end":{"line":23,"column":5}},"type":"if","locations":[{"start":{"line":13,"column":4},"end":{"line":23,"column":5}}]},"1":{"loc":{"start":{"line":32,"column":25},"end":{"line":32,"column":72}},"type":"binary-expr","locations":[{"start":{"line":32,"column":25},"end":{"line":32,"column":64}},{"start":{"line":32,"column":68},"end":{"line":32,"column":72}}]},"2":{"loc":{"start":{"line":51,"column":4},"end":{"line":70,"column":5}},"type":"if","locations":[{"start":{"line":51,"column":4},"end":{"line":70,"column":5}},{"start":{"line":61,"column":11},"end":{"line":70,"column":5}}]},"3":{"loc":{"start":{"line":58,"column":27},"end":{"line":58,"column":101}},"type":"cond-expr","locations":[{"start":{"line":58,"column":57},"end":{"line":58,"column":94}},{"start":{"line":58,"column":97},"end":{"line":58,"column":101}}]},"4":{"loc":{"start":{"line":67,"column":27},"end":{"line":67,"column":101}},"type":"cond-expr","locations":[{"start":{"line":67,"column":57},"end":{"line":67,"column":94}},{"start":{"line":67,"column":97},"end":{"line":67,"column":101}}]},"5":{"loc":{"start":{"line":79,"column":25},"end":{"line":79,"column":72}},"type":"binary-expr","locations":[{"start":{"line":79,"column":25},"end":{"line":79,"column":64}},{"start":{"line":79,"column":68},"end":{"line":79,"column":72}}]}},"s":{"0":1,"1":1,"2":1,"3":1,"4":3,"5":3,"6":2,"7":1,"8":1,"9":1,"10":1,"11":1,"12":1,"13":1,"14":2,"15":2,"16":2,"17":2,"18":1,"19":1,"20":2,"21":2,"22":0,"23":0,"24":1},"f":{"0":3,"1":2},"b":{"0":[1],"1":[1,1],"2":[1,1],"3":[0,1],"4":[0,1],"5":[2,2]}}
,"/home/pippo/tev2/backend/src/handlers/stockAdjustments.ts": {"path":"/home/pippo/tev2/backend/src/handlers/stockAdjustments.ts","statementMap":{"0":{"start":{"line":1,"column":0},"end":{"line":1,"column":53}},"1":{"start":{"line":2,"column":0},"end":{"line":2,"column":35}},"2":{"start":{"line":5,"column":13},"end":{"line":5,"column":55}},"3":{"start":{"line":8,"column":0},"end":{"line":18,"column":3}},"4":{"start":{"line":9,"column":2},"end":{"line":17,"column":2}},"5":{"start":{"line":10,"column":29},"end":{"line":12,"column":6}},"6":{"start":{"line":13,"column":4},"end":{"line":13,"column":31}},"7":{"start":{"line":15,"column":4},"end":{"line":15,"column":62}},"8":{"start":{"line":16,"column":4},"end":{"line":16,"column":73}},"9":{"start":{"line":21,"column":0},"end":{"line":37,"column":3}},"10":{"start":{"line":22,"column":2},"end":{"line":36,"column":3}},"11":{"start":{"line":23,"column":19},"end":{"line":23,"column":29}},"12":{"start":{"line":24,"column":28},"end":{"line":26,"column":6}},"13":{"start":{"line":28,"column":4},"end":{"line":30,"column":5}},"14":{"start":{"line":29,"column":6},"end":{"line":29,"column":75}},"15":{"start":{"line":32,"column":4},"end":{"line":32,"column":30}},"16":{"start":{"line":34,"column":4},"end":{"line":34,"column":61}},"17":{"start":{"line":35,"column":4},"end":{"line":35,"column":72}},"18":{"start":{"line":40,"column":0},"end":{"line":72,"column":3}},"19":{"start":{"line":41,"column":2},"end":{"line":71,"column":3}},"20":{"start":{"line":42,"column":74},"end":{"line":42,"column":127}},"21":{"start":{"line":45,"column":4},"end":{"line":52,"column":7}},"22":{"start":{"line":55,"column":28},"end":{"line":65,"column":6}},"23":{"start":{"line":67,"column":4},"end":{"line":67,"column":42}},"24":{"start":{"line":69,"column":4},"end":{"line":69,"column":61}},"25":{"start":{"line":70,"column":4},"end":{"line":70,"column":73}},"26":{"start":{"line":74,"column":0},"end":{"line":74,"column":38}}},"fnMap":{"0":{"name":"(anonymous_1)","decl":{"start":{"line":8,"column":32},"end":{"line":8,"column":37}},"loc":{"start":{"line":8,"column":70},"end":{"line":18,"column":1}}},"1":{"name":"(anonymous_2)","decl":{"start":{"line":21,"column":35},"end":{"line":21,"column":40}},"loc":{"start":{"line":21,"column":73},"end":{"line":37,"column":1}}},"2":{"name":"(anonymous_3)","decl":{"start":{"line":40,"column":33},"end":{"line":40,"column":38}},"loc":{"start":{"line":40,"column":71},"end":{"line":72,"column":1}}}},"branchMap":{"0":{"loc":{"start":{"line":28,"column":4},"end":{"line":30,"column":5}},"type":"if","locations":[{"start":{"line":28,"column":4},"end":{"line":30,"column":5}}]}},"s":{"0":1,"1":1,"2":1,"3":1,"4":2,"5":2,"6":1,"7":1,"8":1,"9":1,"10":2,"11":2,"12":2,"13":2,"14":1,"15":1,"16":0,"17":0,"18":1,"19":1,"20":1,"21":1,"22":1,"23":1,"24":0,"25":0,"26":1},"f":{"0":2,"1":2,"2":1},"b":{"0":[1]}}
,"/home/pippo/tev2/backend/src/handlers/stockItems.ts": {"path":"/home/pippo/tev2/backend/src/handlers/stockItems.ts","statementMap":{"0":{"start":{"line":1,"column":0},"end":{"line":1,"column":53}},"1":{"start":{"line":2,"column":0},"end":{"line":2,"column":35}},"2":{"start":{"line":5,"column":13},"end":{"line":5,"column":49}},"3":{"start":{"line":8,"column":0},"end":{"line":16,"column":3}},"4":{"start":{"line":9,"column":2},"end":{"line":15,"column":2}},"5":{"start":{"line":10,"column":23},"end":{"line":10,"column":56}},"6":{"start":{"line":11,"column":4},"end":{"line":11,"column":25}},"7":{"start":{"line":13,"column":4},"end":{"line":13,"column":56}},"8":{"start":{"line":14,"column":4},"end":{"line":14,"column":67}},"9":{"start":{"line":19,"column":0},"end":{"line":35,"column":3}},"10":{"start":{"line":20,"column":2},"end":{"line":34,"column":2}},"11":{"start":{"line":21,"column":19},"end":{"line":21,"column":29}},"12":{"start":{"line":22,"column":22},"end":{"line":24,"column":6}},"13":{"start":{"line":26,"column":4},"end":{"line":28,"column":5}},"14":{"start":{"line":27,"column":6},"end":{"line":27,"column":69}},"15":{"start":{"line":30,"column":4},"end":{"line":30,"column":24}},"16":{"start":{"line":32,"column":4},"end":{"line":32,"column":55}},"17":{"start":{"line":33,"column":4},"end":{"line":33,"column":66}},"18":{"start":{"line":38,"column":0},"end":{"line":56,"column":3}},"19":{"start":{"line":39,"column":2},"end":{"line":55,"column":3}},"20":{"start":{"line":40,"column":54},"end":{"line":40,"column":87}},"21":{"start":{"line":42,"column":22},"end":{"line":49,"column":6}},"22":{"start":{"line":51,"column":4},"end":{"line":51,"column":36}},"23":{"start":{"line":53,"column":4},"end":{"line":53,"column":55}},"24":{"start":{"line":54,"column":4},"end":{"line":54,"column":67}},"25":{"start":{"line":59,"column":0},"end":{"line":79,"column":3}},"26":{"start":{"line":60,"column":2},"end":{"line":78,"column":3}},"27":{"start":{"line":61,"column":19},"end":{"line":61,"column":29}},"28":{"start":{"line":62,"column":54},"end":{"line":62,"column":87}},"29":{"start":{"line":64,"column":22},"end":{"line":72,"column":6}},"30":{"start":{"line":74,"column":4},"end":{"line":74,"column":24}},"31":{"start":{"line":76,"column":4},"end":{"line":76,"column":55}},"32":{"start":{"line":77,"column":4},"end":{"line":77,"column":67}},"33":{"start":{"line":82,"column":0},"end":{"line":106,"column":3}},"34":{"start":{"line":83,"column":2},"end":{"line":105,"column":3}},"35":{"start":{"line":84,"column":19},"end":{"line":84,"column":29}},"36":{"start":{"line":87,"column":30},"end":{"line":89,"column":6}},"37":{"start":{"line":91,"column":4},"end":{"line":95,"column":5}},"38":{"start":{"line":92,"column":6},"end":{"line":94,"column":9}},"39":{"start":{"line":97,"column":4},"end":{"line":99,"column":7}},"40":{"start":{"line":101,"column":4},"end":{"line":101,"column":27}},"41":{"start":{"line":103,"column":4},"end":{"line":103,"column":55}},"42":{"start":{"line":104,"column":4},"end":{"line":104,"column":67}},"43":{"start":{"line":109,"column":0},"end":{"line":130,"column":3}},"44":{"start":{"line":110,"column":1},"end":{"line":129,"column":3}},"45":{"start":{"line":111,"column":29},"end":{"line":111,"column":102}},"46":{"start":{"line":114,"column":4},"end":{"line":123,"column":5}},"47":{"start":{"line":115,"column":6},"end":{"line":122,"column":9}},"48":{"start":{"line":125,"column":4},"end":{"line":125,"column":75}},"49":{"start":{"line":127,"column":4},"end":{"line":127,"column":57}},"50":{"start":{"line":128,"column":4},"end":{"line":128,"column":69}},"51":{"start":{"line":132,"column":0},"end":{"line":132,"column":32}}},"fnMap":{"0":{"name":"(anonymous_1)","decl":{"start":{"line":8,"column":26},"end":{"line":8,"column":31}},"loc":{"start":{"line":8,"column":64},"end":{"line":16,"column":1}}},"1":{"name":"(anonymous_2)","decl":{"start":{"line":19,"column":29},"end":{"line":19,"column":34}},"loc":{"start":{"line":19,"column":67},"end":{"line":35,"column":1}}},"2":{"name":"(anonymous_3)","decl":{"start":{"line":38,"column":27},"end":{"line":38,"column":32}},"loc":{"start":{"line":38,"column":65},"end":{"line":56,"column":1}}},"3":{"name":"(anonymous_4)","decl":{"start":{"line":59,"column":29},"end":{"line":59,"column":34}},"loc":{"start":{"line":59,"column":67},"end":{"line":79,"column":1}}},"4":{"name":"(anonymous_5)","decl":{"start":{"line":82,"column":32},"end":{"line":82,"column":37}},"loc":{"start":{"line":82,"column":70},"end":{"line":106,"column":1}}},"5":{"name":"(anonymous_6)","decl":{"start":{"line":109,"column":39},"end":{"line":109,"column":44}},"loc":{"start":{"line":109,"column":77},"end":{"line":130,"column":1}}}},"branchMap":{"0":{"loc":{"start":{"line":26,"column":4},"end":{"line":28,"column":5}},"type":"if","locations":[{"start":{"line":26,"column":4},"end":{"line":28,"column":5}}]},"1":{"loc":{"start":{"line":47,"column":25},"end":{"line":47,"column":86}},"type":"cond-expr","locations":[{"start":{"line":47,"column":43},"end":{"line":47,"column":74}},{"start":{"line":47,"column":77},"end":{"line":47,"column":86}}]},"2":{"loc":{"start":{"line":70,"column":25},"end":{"line":70,"column":86}},"type":"cond-expr","locations":[{"start":{"line":70,"column":43},"end":{"line":70,"column":74}},{"start":{"line":70,"column":77},"end":{"line":70,"column":86}}]},"3":{"loc":{"start":{"line":91,"column":4},"end":{"line":95,"column":5}},"type":"if","locations":[{"start":{"line":91,"column":4},"end":{"line":95,"column":5}}]}},"s":{"0":1,"1":1,"2":1,"3":1,"4":2,"5":2,"6":1,"7":1,"8":1,"9":1,"10":2,"11":2,"12":2,"13":2,"14":1,"15":1,"16":0,"17":0,"18":1,"19":1,"20":1,"21":1,"22":1,"23":0,"24":0,"25":1,"26":1,"27":1,"28":1,"29":1,"30":1,"31":0,"32":0,"33":1,"34":2,"35":2,"36":2,"37":2,"38":1,"39":1,"40":1,"41":0,"42":0,"43":1,"44":0,"45":0,"46":0,"47":0,"48":0,"49":0,"50":0,"51":1},"f":{"0":2,"1":2,"2":1,"3":1,"4":2,"5":0},"b":{"0":[1],"1":[0,1],"2":[0,1],"3":[1]}}
,"/home/pippo/tev2/backend/src/handlers/tabs.ts": {"path":"/home/pippo/tev2/backend/src/handlers/tabs.ts","statementMap":{"0":{"start":{"line":1,"column":0},"end":{"line":1,"column":53}},"1":{"start":{"line":2,"column":0},"end":{"line":2,"column":35}},"2":{"start":{"line":5,"column":13},"end":{"line":5,"column":43}},"3":{"start":{"line":8,"column":0},"end":{"line":16,"column":3}},"4":{"start":{"line":9,"column":2},"end":{"line":15,"column":3}},"5":{"start":{"line":10,"column":17},"end":{"line":10,"column":44}},"6":{"start":{"line":11,"column":4},"end":{"line":11,"column":19}},"7":{"start":{"line":13,"column":4},"end":{"line":13,"column":49}},"8":{"start":{"line":14,"column":4},"end":{"line":14,"column":60}},"9":{"start":{"line":19,"column":0},"end":{"line":35,"column":3}},"10":{"start":{"line":20,"column":2},"end":{"line":34,"column":3}},"11":{"start":{"line":21,"column":19},"end":{"line":21,"column":29}},"12":{"start":{"line":22,"column":16},"end":{"line":24,"column":6}},"13":{"start":{"line":26,"column":4},"end":{"line":28,"column":5}},"14":{"start":{"line":27,"column":6},"end":{"line":27,"column":62}},"15":{"start":{"line":30,"column":4},"end":{"line":30,"column":18}},"16":{"start":{"line":32,"column":4},"end":{"line":32,"column":48}},"17":{"start":{"line":33,"column":4},"end":{"line":33,"column":59}},"18":{"start":{"line":38,"column":0},"end":{"line":57,"column":3}},"19":{"start":{"line":39,"column":2},"end":{"line":56,"column":3}},"20":{"start":{"line":40,"column":46},"end":{"line":40,"column":87}},"21":{"start":{"line":42,"column":16},"end":{"line":50,"column":6}},"22":{"start":{"line":52,"column":4},"end":{"line":52,"column":30}},"23":{"start":{"line":54,"column":4},"end":{"line":54,"column":48}},"24":{"start":{"line":55,"column":4},"end":{"line":55,"column":60}},"25":{"start":{"line":60,"column":0},"end":{"line":80,"column":3}},"26":{"start":{"line":61,"column":2},"end":{"line":79,"column":3}},"27":{"start":{"line":62,"column":19},"end":{"line":62,"column":29}},"28":{"start":{"line":63,"column":46},"end":{"line":63,"column":87}},"29":{"start":{"line":65,"column":16},"end":{"line":73,"column":6}},"30":{"start":{"line":75,"column":4},"end":{"line":75,"column":18}},"31":{"start":{"line":77,"column":4},"end":{"line":77,"column":48}},"32":{"start":{"line":78,"column":4},"end":{"line":78,"column":60}},"33":{"start":{"line":83,"column":0},"end":{"line":96,"column":3}},"34":{"start":{"line":84,"column":2},"end":{"line":95,"column":3}},"35":{"start":{"line":85,"column":19},"end":{"line":85,"column":29}},"36":{"start":{"line":87,"column":4},"end":{"line":89,"column":7}},"37":{"start":{"line":91,"column":4},"end":{"line":91,"column":27}},"38":{"start":{"line":93,"column":4},"end":{"line":93,"column":48}},"39":{"start":{"line":94,"column":4},"end":{"line":94,"column":60}},"40":{"start":{"line":98,"column":0},"end":{"line":98,"column":26}}},"fnMap":{"0":{"name":"(anonymous_1)","decl":{"start":{"line":8,"column":20},"end":{"line":8,"column":25}},"loc":{"start":{"line":8,"column":58},"end":{"line":16,"column":1}}},"1":{"name":"(anonymous_2)","decl":{"start":{"line":19,"column":23},"end":{"line":19,"column":28}},"loc":{"start":{"line":19,"column":61},"end":{"line":35,"column":1}}},"2":{"name":"(anonymous_3)","decl":{"start":{"line":38,"column":21},"end":{"line":38,"column":26}},"loc":{"start":{"line":38,"column":59},"end":{"line":57,"column":1}}},"3":{"name":"(anonymous_4)","decl":{"start":{"line":60,"column":23},"end":{"line":60,"column":28}},"loc":{"start":{"line":60,"column":61},"end":{"line":80,"column":1}}},"4":{"name":"(anonymous_5)","decl":{"start":{"line":83,"column":26},"end":{"line":83,"column":31}},"loc":{"start":{"line":83,"column":64},"end":{"line":96,"column":1}}}},"branchMap":{"0":{"loc":{"start":{"line":26,"column":4},"end":{"line":28,"column":5}},"type":"if","locations":[{"start":{"line":26,"column":4},"end":{"line":28,"column":5}}]}},"s":{"0":1,"1":1,"2":1,"3":1,"4":2,"5":2,"6":1,"7":1,"8":1,"9":1,"10":2,"11":2,"12":2,"13":2,"14":1,"15":1,"16":0,"17":0,"18":1,"19":1,"20":1,"21":1,"22":1,"23":0,"24":0,"25":1,"26":1,"27":1,"28":1,"29":1,"30":1,"31":0,"32":0,"33":1,"34":1,"35":1,"36":1,"37":1,"38":0,"39":0,"40":1},"f":{"0":2,"1":2,"2":1,"3":1,"4":1},"b":{"0":[1]}}
,"/home/pippo/tev2/backend/src/handlers/tills.ts": {"path":"/home/pippo/tev2/backend/src/handlers/tills.ts","statementMap":{"0":{"start":{"line":1,"column":0},"end":{"line":1,"column":53}},"1":{"start":{"line":2,"column":0},"end":{"line":2,"column":35}},"2":{"start":{"line":5,"column":13},"end":{"line":5,"column":44}},"3":{"start":{"line":8,"column":0},"end":{"line":16,"column":3}},"4":{"start":{"line":9,"column":2},"end":{"line":15,"column":2}},"5":{"start":{"line":10,"column":18},"end":{"line":10,"column":46}},"6":{"start":{"line":11,"column":4},"end":{"line":11,"column":20}},"7":{"start":{"line":13,"column":4},"end":{"line":13,"column":50}},"8":{"start":{"line":14,"column":4},"end":{"line":14,"column":61}},"9":{"start":{"line":19,"column":0},"end":{"line":35,"column":3}},"10":{"start":{"line":20,"column":2},"end":{"line":34,"column":3}},"11":{"start":{"line":21,"column":19},"end":{"line":21,"column":29}},"12":{"start":{"line":22,"column":17},"end":{"line":24,"column":6}},"13":{"start":{"line":26,"column":4},"end":{"line":28,"column":5}},"14":{"start":{"line":27,"column":6},"end":{"line":27,"column":63}},"15":{"start":{"line":30,"column":4},"end":{"line":30,"column":19}},"16":{"start":{"line":32,"column":4},"end":{"line":32,"column":49}},"17":{"start":{"line":33,"column":4},"end":{"line":33,"column":60}},"18":{"start":{"line":38,"column":0},"end":{"line":53,"column":3}},"19":{"start":{"line":39,"column":2},"end":{"line":52,"column":3}},"20":{"start":{"line":40,"column":21},"end":{"line":40,"column":49}},"21":{"start":{"line":42,"column":17},"end":{"line":46,"column":6}},"22":{"start":{"line":48,"column":4},"end":{"line":48,"column":31}},"23":{"start":{"line":50,"column":4},"end":{"line":50,"column":49}},"24":{"start":{"line":51,"column":4},"end":{"line":51,"column":61}},"25":{"start":{"line":56,"column":0},"end":{"line":73,"column":3}},"26":{"start":{"line":57,"column":2},"end":{"line":72,"column":3}},"27":{"start":{"line":58,"column":19},"end":{"line":58,"column":29}},"28":{"start":{"line":59,"column":21},"end":{"line":59,"column":49}},"29":{"start":{"line":61,"column":17},"end":{"line":66,"column":6}},"30":{"start":{"line":68,"column":4},"end":{"line":68,"column":19}},"31":{"start":{"line":70,"column":4},"end":{"line":70,"column":49}},"32":{"start":{"line":71,"column":4},"end":{"line":71,"column":61}},"33":{"start":{"line":76,"column":0},"end":{"line":106,"column":3}},"34":{"start":{"line":77,"column":2},"end":{"line":105,"column":3}},"35":{"start":{"line":78,"column":19},"end":{"line":78,"column":29}},"36":{"start":{"line":81,"column":4},"end":{"line":95,"column":7}},"37":{"start":{"line":97,"column":4},"end":{"line":99,"column":7}},"38":{"start":{"line":101,"column":4},"end":{"line":101,"column":27}},"39":{"start":{"line":103,"column":4},"end":{"line":103,"column":49}},"40":{"start":{"line":104,"column":4},"end":{"line":104,"column":61}},"41":{"start":{"line":108,"column":0},"end":{"line":108,"column":27}}},"fnMap":{"0":{"name":"(anonymous_1)","decl":{"start":{"line":8,"column":21},"end":{"line":8,"column":26}},"loc":{"start":{"line":8,"column":59},"end":{"line":16,"column":1}}},"1":{"name":"(anonymous_2)","decl":{"start":{"line":19,"column":24},"end":{"line":19,"column":29}},"loc":{"start":{"line":19,"column":62},"end":{"line":35,"column":1}}},"2":{"name":"(anonymous_3)","decl":{"start":{"line":38,"column":22},"end":{"line":38,"column":27}},"loc":{"start":{"line":38,"column":60},"end":{"line":53,"column":1}}},"3":{"name":"(anonymous_4)","decl":{"start":{"line":56,"column":24},"end":{"line":56,"column":29}},"loc":{"start":{"line":56,"column":62},"end":{"line":73,"column":1}}},"4":{"name":"(anonymous_5)","decl":{"start":{"line":76,"column":27},"end":{"line":76,"column":32}},"loc":{"start":{"line":76,"column":65},"end":{"line":106,"column":1}}}},"branchMap":{"0":{"loc":{"start":{"line":26,"column":4},"end":{"line":28,"column":5}},"type":"if","locations":[{"start":{"line":26,"column":4},"end":{"line":28,"column":5}}]}},"s":{"0":1,"1":1,"2":1,"3":1,"4":2,"5":2,"6":1,"7":1,"8":1,"9":1,"10":2,"11":2,"12":2,"13":2,"14":1,"15":1,"16":0,"17":0,"18":1,"19":1,"20":1,"21":1,"22":1,"23":0,"24":0,"25":1,"26":1,"27":1,"28":1,"29":1,"30":1,"31":0,"32":0,"33":1,"34":1,"35":1,"36":1,"37":1,"38":1,"39":0,"40":0,"41":1},"f":{"0":2,"1":2,"2":1,"3":1,"4":1},"b":{"0":[1]}}
,"/home/pippo/tev2/backend/src/handlers/transactions.ts": {"path":"/home/pippo/tev2/backend/src/handlers/transactions.ts","statementMap":{"0":{"start":{"line":1,"column":0},"end":{"line":1,"column":53}},"1":{"start":{"line":2,"column":0},"end":{"line":2,"column":35}},"2":{"start":{"line":5,"column":13},"end":{"line":5,"column":51}},"3":{"start":{"line":8,"column":0},"end":{"line":18,"column":3}},"4":{"start":{"line":9,"column":2},"end":{"line":17,"column":3}},"5":{"start":{"line":10,"column":25},"end":{"line":12,"column":6}},"6":{"start":{"line":13,"column":4},"end":{"line":13,"column":27}},"7":{"start":{"line":15,"column":4},"end":{"line":15,"column":57}},"8":{"start":{"line":16,"column":4},"end":{"line":16,"column":68}},"9":{"start":{"line":21,"column":0},"end":{"line":37,"column":3}},"10":{"start":{"line":22,"column":2},"end":{"line":36,"column":3}},"11":{"start":{"line":23,"column":19},"end":{"line":23,"column":29}},"12":{"start":{"line":24,"column":24},"end":{"line":26,"column":6}},"13":{"start":{"line":28,"column":4},"end":{"line":30,"column":5}},"14":{"start":{"line":29,"column":6},"end":{"line":29,"column":70}},"15":{"start":{"line":32,"column":4},"end":{"line":32,"column":26}},"16":{"start":{"line":34,"column":4},"end":{"line":34,"column":56}},"17":{"start":{"line":35,"column":4},"end":{"line":35,"column":67}},"18":{"start":{"line":40,"column":0},"end":{"line":68,"column":3}},"19":{"start":{"line":41,"column":2},"end":{"line":67,"column":3}},"20":{"start":{"line":45,"column":8},"end":{"line":45,"column":57}},"21":{"start":{"line":47,"column":24},"end":{"line":61,"column":6}},"22":{"start":{"line":63,"column":4},"end":{"line":63,"column":38}},"23":{"start":{"line":65,"column":4},"end":{"line":65,"column":56}},"24":{"start":{"line":66,"column":4},"end":{"line":66,"column":68}},"25":{"start":{"line":70,"column":0},"end":{"line":70,"column":34}}},"fnMap":{"0":{"name":"(anonymous_1)","decl":{"start":{"line":8,"column":28},"end":{"line":8,"column":33}},"loc":{"start":{"line":8,"column":66},"end":{"line":18,"column":1}}},"1":{"name":"(anonymous_2)","decl":{"start":{"line":21,"column":31},"end":{"line":21,"column":36}},"loc":{"start":{"line":21,"column":69},"end":{"line":37,"column":1}}},"2":{"name":"(anonymous_3)","decl":{"start":{"line":40,"column":29},"end":{"line":40,"column":34}},"loc":{"start":{"line":40,"column":67},"end":{"line":68,"column":1}}}},"branchMap":{"0":{"loc":{"start":{"line":28,"column":4},"end":{"line":30,"column":5}},"type":"if","locations":[{"start":{"line":28,"column":4},"end":{"line":30,"column":5}}]}},"s":{"0":1,"1":1,"2":1,"3":1,"4":2,"5":2,"6":1,"7":1,"8":1,"9":1,"10":2,"11":2,"12":2,"13":2,"14":1,"15":1,"16":0,"17":0,"18":1,"19":1,"20":1,"21":1,"22":1,"23":0,"24":0,"25":1},"f":{"0":2,"1":2,"2":1},"b":{"0":[1]}}
,"/home/pippo/tev2/backend/src/handlers/users.ts": {"path":"/home/pippo/tev2/backend/src/handlers/users.ts","statementMap":{"0":{"start":{"line":1,"column":0},"end":{"line":1,"column":53}},"1":{"start":{"line":2,"column":0},"end":{"line":2,"column":35}},"2":{"start":{"line":5,"column":13},"end":{"line":5,"column":44}},"3":{"start":{"line":8,"column":0},"end":{"line":16,"column":3}},"4":{"start":{"line":9,"column":2},"end":{"line":15,"column":3}},"5":{"start":{"line":10,"column":18},"end":{"line":10,"column":46}},"6":{"start":{"line":11,"column":4},"end":{"line":11,"column":20}},"7":{"start":{"line":13,"column":4},"end":{"line":13,"column":50}},"8":{"start":{"line":14,"column":4},"end":{"line":14,"column":61}},"9":{"start":{"line":19,"column":0},"end":{"line":35,"column":3}},"10":{"start":{"line":20,"column":2},"end":{"line":34,"column":3}},"11":{"start":{"line":21,"column":19},"end":{"line":21,"column":29}},"12":{"start":{"line":22,"column":17},"end":{"line":24,"column":6}},"13":{"start":{"line":26,"column":4},"end":{"line":28,"column":5}},"14":{"start":{"line":27,"column":6},"end":{"line":27,"column":63}},"15":{"start":{"line":30,"column":4},"end":{"line":30,"column":19}},"16":{"start":{"line":32,"column":4},"end":{"line":32,"column":49}},"17":{"start":{"line":33,"column":4},"end":{"line":33,"column":60}},"18":{"start":{"line":38,"column":0},"end":{"line":65,"column":3}},"19":{"start":{"line":39,"column":2},"end":{"line":64,"column":3}},"20":{"start":{"line":40,"column":52},"end":{"line":40,"column":80}},"21":{"start":{"line":43,"column":25},"end":{"line":45,"column":6}},"22":{"start":{"line":47,"column":4},"end":{"line":49,"column":5}},"23":{"start":{"line":48,"column":6},"end":{"line":48,"column":72}},"24":{"start":{"line":51,"column":17},"end":{"line":58,"column":6}},"25":{"start":{"line":60,"column":4},"end":{"line":60,"column":31}},"26":{"start":{"line":62,"column":4},"end":{"line":62,"column":49}},"27":{"start":{"line":63,"column":4},"end":{"line":63,"column":61}},"28":{"start":{"line":68,"column":0},"end":{"line":88,"column":3}},"29":{"start":{"line":69,"column":2},"end":{"line":87,"column":3}},"30":{"start":{"line":70,"column":19},"end":{"line":70,"column":29}},"31":{"start":{"line":71,"column":52},"end":{"line":71,"column":80}},"32":{"start":{"line":73,"column":17},"end":{"line":81,"column":6}},"33":{"start":{"line":83,"column":4},"end":{"line":83,"column":19}},"34":{"start":{"line":85,"column":4},"end":{"line":85,"column":49}},"35":{"start":{"line":86,"column":4},"end":{"line":86,"column":61}},"36":{"start":{"line":91,"column":0},"end":{"line":104,"column":3}},"37":{"start":{"line":92,"column":2},"end":{"line":103,"column":3}},"38":{"start":{"line":93,"column":19},"end":{"line":93,"column":29}},"39":{"start":{"line":95,"column":4},"end":{"line":97,"column":7}},"40":{"start":{"line":99,"column":4},"end":{"line":99,"column":27}},"41":{"start":{"line":101,"column":4},"end":{"line":101,"column":49}},"42":{"start":{"line":102,"column":4},"end":{"line":102,"column":61}},"43":{"start":{"line":107,"column":0},"end":{"line":131,"column":3}},"44":{"start":{"line":108,"column":2},"end":{"line":130,"column":3}},"45":{"start":{"line":109,"column":35},"end":{"line":109,"column":43}},"46":{"start":{"line":111,"column":4},"end":{"line":113,"column":5}},"47":{"start":{"line":112,"column":6},"end":{"line":112,"column":83}},"48":{"start":{"line":115,"column":17},"end":{"line":120,"column":6}},"49":{"start":{"line":122,"column":4},"end":{"line":124,"column":5}},"50":{"start":{"line":123,"column":6},"end":{"line":123,"column":68}},"51":{"start":{"line":126,"column":4},"end":{"line":126,"column":19}},"52":{"start":{"line":128,"column":4},"end":{"line":128,"column":48}},"53":{"start":{"line":129,"column":4},"end":{"line":129,"column":52}},"54":{"start":{"line":133,"column":0},"end":{"line":133,"column":27}}},"fnMap":{"0":{"name":"(anonymous_1)","decl":{"start":{"line":8,"column":21},"end":{"line":8,"column":26}},"loc":{"start":{"line":8,"column":59},"end":{"line":16,"column":1}}},"1":{"name":"(anonymous_2)","decl":{"start":{"line":19,"column":24},"end":{"line":19,"column":29}},"loc":{"start":{"line":19,"column":62},"end":{"line":35,"column":1}}},"2":{"name":"(anonymous_3)","decl":{"start":{"line":38,"column":22},"end":{"line":38,"column":27}},"loc":{"start":{"line":38,"column":60},"end":{"line":65,"column":1}}},"3":{"name":"(anonymous_4)","decl":{"start":{"line":68,"column":24},"end":{"line":68,"column":29}},"loc":{"start":{"line":68,"column":62},"end":{"line":88,"column":1}}},"4":{"name":"(anonymous_5)","decl":{"start":{"line":91,"column":27},"end":{"line":91,"column":32}},"loc":{"start":{"line":91,"column":65},"end":{"line":104,"column":1}}},"5":{"name":"(anonymous_6)","decl":{"start":{"line":107,"column":27},"end":{"line":107,"column":32}},"loc":{"start":{"line":107,"column":65},"end":{"line":131,"column":1}}}},"branchMap":{"0":{"loc":{"start":{"line":26,"column":4},"end":{"line":28,"column":5}},"type":"if","locations":[{"start":{"line":26,"column":4},"end":{"line":28,"column":5}}]},"1":{"loc":{"start":{"line":47,"column":4},"end":{"line":49,"column":5}},"type":"if","locations":[{"start":{"line":47,"column":4},"end":{"line":49,"column":5}}]},"2":{"loc":{"start":{"line":111,"column":4},"end":{"line":113,"column":5}},"type":"if","locations":[{"start":{"line":111,"column":4},"end":{"line":113,"column":5}}]},"3":{"loc":{"start":{"line":111,"column":8},"end":{"line":111,"column":30}},"type":"binary-expr","locations":[{"start":{"line":111,"column":8},"end":{"line":111,"column":17}},{"start":{"line":111,"column":21},"end":{"line":111,"column":30}}]},"4":{"loc":{"start":{"line":122,"column":4},"end":{"line":124,"column":5}},"type":"if","locations":[{"start":{"line":122,"column":4},"end":{"line":124,"column":5}}]}},"s":{"0":1,"1":1,"2":1,"3":1,"4":2,"5":2,"6":1,"7":1,"8":1,"9":1,"10":2,"11":2,"12":2,"13":2,"14":1,"15":1,"16":0,"17":0,"18":1,"19":2,"20":2,"21":2,"22":2,"23":1,"24":1,"25":1,"26":0,"27":0,"28":1,"29":1,"30":1,"31":1,"32":1,"33":1,"34":0,"35":0,"36":1,"37":1,"38":1,"39":1,"40":1,"41":0,"42":0,"43":1,"44":3,"45":3,"46":3,"47":1,"48":2,"49":2,"50":1,"51":1,"52":0,"53":0,"54":1},"f":{"0":2,"1":2,"2":2,"3":1,"4":1,"5":3},"b":{"0":[1],"1":[1],"2":[1],"3":[3,2],"4":[1]}}
}
