{"/home/pippo/tev2/backend/src/prisma.ts": {"path":"/home/pippo/tev2/backend/src/prisma.ts","statementMap":{"0":{"start":{"line":1,"column":0},"end":{"line":1,"column":46}},"1":{"start":{"line":2,"column":0},"end":{"line":2,"column":60}},"2":{"start":{"line":25,"column":27},"end":{"line":33,"column":1}},"3":{"start":{"line":26,"column":17},"end":{"line":30,"column":4}},"4":{"start":{"line":32,"column":2},"end":{"line":32,"column":16}},"5":{"start":{"line":36,"column":13},"end":{"line":36,"column":60}},"6":{"start":{"line":38,"column":0},"end":{"line":40,"column":1}},"7":{"start":{"line":39,"column":2},"end":{"line":39,"column":25}},"8":{"start":{"line":47,"column":18},"end":{"line":47,"column":23}},"9":{"start":{"line":48,"column":24},"end":{"line":48,"column":25}},"10":{"start":{"line":49,"column":31},"end":{"line":49,"column":33}},"11":{"start":{"line":50,"column":27},"end":{"line":50,"column":31}},"12":{"start":{"line":51,"column":48},"end":{"line":51,"column":52}},"13":{"start":{"line":56,"column":18},"end":{"line":83,"column":1}},"14":{"start":{"line":57,"column":2},"end":{"line":60,"column":3}},"15":{"start":{"line":58,"column":4},"end":{"line":58,"column":90}},"16":{"start":{"line":59,"column":4},"end":{"line":59,"column":11}},"17":{"start":{"line":62,"column":2},"end":{"line":62,"column":22}},"18":{"start":{"line":63,"column":2},"end":{"line":63,"column":109}},"19":{"start":{"line":65,"column":2},"end":{"line":82,"column":3}},"20":{"start":{"line":66,"column":4},"end":{"line":66,"column":28}},"21":{"start":{"line":67,"column":4},"end":{"line":67,"column":23}},"22":{"start":{"line":68,"column":4},"end":{"line":68,"column":26}},"23":{"start":{"line":69,"column":4},"end":{"line":69,"column":52}},"24":{"start":{"line":71,"column":25},"end":{"line":71,"column":81}},"25":{"start":{"line":72,"column":4},"end":{"line":72,"column":65}},"26":{"start":{"line":75,"column":4},"end":{"line":81,"column":5}},"27":{"start":{"line":76,"column":6},"end":{"line":80,"column":29}},"28":{"start":{"line":77,"column":8},"end":{"line":79,"column":9}},"29":{"start":{"line":78,"column":10},"end":{"line":78,"column":22}},"30":{"start":{"line":88,"column":25},"end":{"line":94,"column":1}},"31":{"start":{"line":89,"column":2},"end":{"line":93,"column":3}},"32":{"start":{"line":90,"column":4},"end":{"line":90,"column":24}},"33":{"start":{"line":91,"column":4},"end":{"line":91,"column":65}},"34":{"start":{"line":92,"column":4},"end":{"line":92,"column":16}},"35":{"start":{"line":100,"column":26},"end":{"line":116,"column":1}},"36":{"start":{"line":101,"column":2},"end":{"line":115,"column":3}},"37":{"start":{"line":103,"column":4},"end":{"line":103,"column":28}},"38":{"start":{"line":104,"column":4},"end":{"line":104,"column":23}},"39":{"start":{"line":105,"column":4},"end":{"line":105,"column":69}},"40":{"start":{"line":107,"column":25},"end":{"line":107,"column":90}},"41":{"start":{"line":108,"column":4},"end":{"line":108,"column":63}},"42":{"start":{"line":111,"column":4},"end":{"line":111,"column":23}},"43":{"start":{"line":114,"column":4},"end":{"line":114,"column":60}},"44":{"start":{"line":100,"column":13},"end":{"line":100,"column":26}},"45":{"start":{"line":121,"column":27},"end":{"line":136,"column":1}},"46":{"start":{"line":122,"column":2},"end":{"line":135,"column":3}},"47":{"start":{"line":124,"column":4},"end":{"line":127,"column":5}},"48":{"start":{"line":125,"column":6},"end":{"line":125,"column":39}},"49":{"start":{"line":126,"column":6},"end":{"line":126,"column":32}},"50":{"start":{"line":129,"column":4},"end":{"line":129,"column":24}},"51":{"start":{"line":130,"column":4},"end":{"line":130,"column":31}},"52":{"start":{"line":131,"column":4},"end":{"line":131,"column":42}},"53":{"start":{"line":133,"column":25},"end":{"line":133,"column":81}},"54":{"start":{"line":134,"column":4},"end":{"line":134,"column":67}},"55":{"start":{"line":121,"column":13},"end":{"line":121,"column":27}},"56":{"start":{"line":146,"column":35},"end":{"line":190,"column":1}},"57":{"start":{"line":152,"column":20},"end":{"line":152,"column":30}},"58":{"start":{"line":154,"column":2},"end":{"line":189,"column":3}},"59":{"start":{"line":156,"column":4},"end":{"line":156,"column":37}},"60":{"start":{"line":157,"column":27},"end":{"line":157,"column":49}},"61":{"start":{"line":160,"column":4},"end":{"line":164,"column":5}},"62":{"start":{"line":161,"column":6},"end":{"line":161,"column":25}},"63":{"start":{"line":162,"column":6},"end":{"line":162,"column":28}},"64":{"start":{"line":163,"column":6},"end":{"line":163,"column":46}},"65":{"start":{"line":166,"column":4},"end":{"line":170,"column":6}},"66":{"start":{"line":172,"column":27},"end":{"line":172,"column":49}},"67":{"start":{"line":173,"column":25},"end":{"line":173,"column":90}},"68":{"start":{"line":176,"column":4},"end":{"line":176,"column":62}},"69":{"start":{"line":179,"column":4},"end":{"line":181,"column":5}},"70":{"start":{"line":180,"column":6},"end":{"line":180,"column":25}},"71":{"start":{"line":183,"column":4},"end":{"line":188,"column":6}},"72":{"start":{"line":146,"column":13},"end":{"line":146,"column":35}},"73":{"start":{"line":195,"column":35},"end":{"line":203,"column":1}},"74":{"start":{"line":199,"column":2},"end":{"line":202,"column":4}},"75":{"start":{"line":195,"column":13},"end":{"line":195,"column":35}},"76":{"start":{"line":205,"column":0},"end":{"line":205,"column":22}}},"fnMap":{"0":{"name":"(anonymous_0)","decl":{"start":{"line":25,"column":27},"end":{"line":25,"column":44}},"loc":{"start":{"line":25,"column":46},"end":{"line":33,"column":1}}},"1":{"name":"(anonymous_1)","decl":{"start":{"line":56,"column":18},"end":{"line":56,"column":23}},"loc":{"start":{"line":56,"column":44},"end":{"line":83,"column":1}}},"2":{"name":"(anonymous_2)","decl":{"start":{"line":76,"column":38},"end":{"line":76,"column":41}},"loc":{"start":{"line":76,"column":43},"end":{"line":80,"column":7}}},"3":{"name":"(anonymous_3)","decl":{"start":{"line":88,"column":25},"end":{"line":88,"column":34}},"loc":{"start":{"line":88,"column":36},"end":{"line":94,"column":1}}},"4":{"name":"(anonymous_4)","decl":{"start":{"line":100,"column":26},"end":{"line":100,"column":31}},"loc":{"start":{"line":100,"column":52},"end":{"line":116,"column":1}}},"5":{"name":"(anonymous_5)","decl":{"start":{"line":121,"column":27},"end":{"line":121,"column":32}},"loc":{"start":{"line":121,"column":53},"end":{"line":136,"column":1}}},"6":{"name":"(anonymous_6)","decl":{"start":{"line":146,"column":35},"end":{"line":146,"column":40}},"loc":{"start":{"line":151,"column":5},"end":{"line":190,"column":1}}},"7":{"name":"(anonymous_7)","decl":{"start":{"line":195,"column":35},"end":{"line":195,"column":null}},"loc":{"start":{"line":198,"column":4},"end":{"line":203,"column":1}}}},"branchMap":{"0":{"loc":{"start":{"line":27,"column":9},"end":{"line":29,"column":25}},"type":"cond-expr","locations":[{"start":{"line":28,"column":8},"end":{"line":28,"column":42}},{"start":{"line":29,"column":8},"end":{"line":29,"column":25}}]},"1":{"loc":{"start":{"line":36,"column":22},"end":{"line":36,"column":59}},"type":"binary-expr","locations":[{"start":{"line":36,"column":22},"end":{"line":36,"column":35}},{"start":{"line":36,"column":39},"end":{"line":36,"column":59}}]},"2":{"loc":{"start":{"line":38,"column":0},"end":{"line":40,"column":1}},"type":"if","locations":[{"start":{"line":38,"column":0},"end":{"line":40,"column":1}}]},"3":{"loc":{"start":{"line":57,"column":2},"end":{"line":60,"column":3}},"type":"if","locations":[{"start":{"line":57,"column":2},"end":{"line":60,"column":3}}]},"4":{"loc":{"start":{"line":71,"column":25},"end":{"line":71,"column":81}},"type":"cond-expr","locations":[{"start":{"line":71,"column":50},"end":{"line":71,"column":63}},{"start":{"line":71,"column":66},"end":{"line":71,"column":81}}]},"5":{"loc":{"start":{"line":75,"column":4},"end":{"line":81,"column":5}},"type":"if","locations":[{"start":{"line":75,"column":4},"end":{"line":81,"column":5}}]},"6":{"loc":{"start":{"line":77,"column":8},"end":{"line":79,"column":9}},"type":"if","locations":[{"start":{"line":77,"column":8},"end":{"line":79,"column":9}}]},"7":{"loc":{"start":{"line":89,"column":2},"end":{"line":93,"column":3}},"type":"if","locations":[{"start":{"line":89,"column":2},"end":{"line":93,"column":3}}]},"8":{"loc":{"start":{"line":107,"column":25},"end":{"line":107,"column":90}},"type":"cond-expr","locations":[{"start":{"line":107,"column":50},"end":{"line":107,"column":63}},{"start":{"line":107,"column":66},"end":{"line":107,"column":90}}]},"9":{"loc":{"start":{"line":124,"column":4},"end":{"line":127,"column":5}},"type":"if","locations":[{"start":{"line":124,"column":4},"end":{"line":127,"column":5}}]},"10":{"loc":{"start":{"line":133,"column":25},"end":{"line":133,"column":81}},"type":"cond-expr","locations":[{"start":{"line":133,"column":50},"end":{"line":133,"column":63}},{"start":{"line":133,"column":66},"end":{"line":133,"column":81}}]},"11":{"loc":{"start":{"line":160,"column":4},"end":{"line":164,"column":5}},"type":"if","locations":[{"start":{"line":160,"column":4},"end":{"line":164,"column":5}}]},"12":{"loc":{"start":{"line":173,"column":25},"end":{"line":173,"column":90}},"type":"cond-expr","locations":[{"start":{"line":173,"column":50},"end":{"line":173,"column":63}},{"start":{"line":173,"column":66},"end":{"line":173,"column":90}}]},"13":{"loc":{"start":{"line":179,"column":4},"end":{"line":181,"column":5}},"type":"if","locations":[{"start":{"line":179,"column":4},"end":{"line":181,"column":5}}]}},"s":{"0":0,"1":0,"2":0,"3":0,"4":0,"5":0,"6":0,"7":0,"8":0,"9":0,"10":0,"11":0,"12":0,"13":0,"14":0,"15":0,"16":0,"17":0,"18":0,"19":0,"20":0,"21":0,"22":0,"23":0,"24":0,"25":0,"26":0,"27":0,"28":0,"29":0,"30":0,"31":0,"32":0,"33":0,"34":0,"35":0,"36":0,"37":0,"38":0,"39":0,"40":0,"41":0,"42":0,"43":0,"44":0,"45":0,"46":0,"47":0,"48":0,"49":0,"50":0,"51":0,"52":0,"53":0,"54":0,"55":0,"56":0,"57":0,"58":0,"59":0,"60":0,"61":0,"62":0,"63":0,"64":0,"65":0,"66":0,"67":0,"68":0,"69":0,"70":0,"71":0,"72":0,"73":0,"74":0,"75":0,"76":0},"f":{"0":0,"1":0,"2":0,"3":0,"4":0,"5":0,"6":0,"7":0},"b":{"0":[0,0],"1":[0,0],"2":[0],"3":[0],"4":[0,0],"5":[0],"6":[0],"7":[0],"8":[0,0],"9":[0],"10":[0,0],"11":[0],"12":[0,0],"13":[0]}}
,"/home/pippo/tev2/backend/src/router.ts": {"path":"/home/pippo/tev2/backend/src/router.ts","statementMap":{"0":{"start":{"line":1,"column":0},"end":{"line":1,"column":30}},"1":{"start":{"line":2,"column":0},"end":{"line":2,"column":53}},"2":{"start":{"line":3,"column":0},"end":{"line":3,"column":47}},"3":{"start":{"line":4,"column":0},"end":{"line":4,"column":57}},"4":{"start":{"line":5,"column":0},"end":{"line":5,"column":53}},"5":{"start":{"line":6,"column":0},"end":{"line":6,"column":61}},"6":{"start":{"line":7,"column":0},"end":{"line":7,"column":45}},"7":{"start":{"line":8,"column":0},"end":{"line":8,"column":47}},"8":{"start":{"line":9,"column":0},"end":{"line":9,"column":57}},"9":{"start":{"line":10,"column":0},"end":{"line":10,"column":69}},"10":{"start":{"line":11,"column":0},"end":{"line":11,"column":71}},"11":{"start":{"line":12,"column":0},"end":{"line":12,"column":63}},"12":{"start":{"line":13,"column":0},"end":{"line":13,"column":45}},"13":{"start":{"line":14,"column":0},"end":{"line":14,"column":43}},"14":{"start":{"line":15,"column":0},"end":{"line":15,"column":63}},"15":{"start":{"line":16,"column":0},"end":{"line":16,"column":73}},"16":{"start":{"line":17,"column":0},"end":{"line":17,"column":55}},"17":{"start":{"line":18,"column":0},"end":{"line":18,"column":51}},"18":{"start":{"line":19,"column":0},"end":{"line":19,"column":53}},"19":{"start":{"line":20,"column":0},"end":{"line":20,"column":61}},"20":{"start":{"line":21,"column":0},"end":{"line":21,"column":63}},"21":{"start":{"line":22,"column":0},"end":{"line":22,"column":59}},"22":{"start":{"line":24,"column":13},"end":{"line":24,"column":39}},"23":{"start":{"line":26,"column":0},"end":{"line":26,"column":40}},"24":{"start":{"line":27,"column":0},"end":{"line":27,"column":34}},"25":{"start":{"line":28,"column":0},"end":{"line":28,"column":44}},"26":{"start":{"line":29,"column":0},"end":{"line":29,"column":40}},"27":{"start":{"line":30,"column":0},"end":{"line":30,"column":48}},"28":{"start":{"line":31,"column":0},"end":{"line":31,"column":32}},"29":{"start":{"line":32,"column":0},"end":{"line":32,"column":34}},"30":{"start":{"line":33,"column":0},"end":{"line":33,"column":45}},"31":{"start":{"line":34,"column":0},"end":{"line":34,"column":57}},"32":{"start":{"line":35,"column":0},"end":{"line":35,"column":60}},"33":{"start":{"line":36,"column":0},"end":{"line":36,"column":51}},"34":{"start":{"line":37,"column":0},"end":{"line":37,"column":36}},"35":{"start":{"line":38,"column":0},"end":{"line":38,"column":34}},"36":{"start":{"line":39,"column":0},"end":{"line":39,"column":51}},"37":{"start":{"line":40,"column":0},"end":{"line":40,"column":61}},"38":{"start":{"line":41,"column":0},"end":{"line":41,"column":42}},"39":{"start":{"line":42,"column":0},"end":{"line":42,"column":38}},"40":{"start":{"line":43,"column":0},"end":{"line":43,"column":41}},"41":{"start":{"line":44,"column":0},"end":{"line":44,"column":63}},"42":{"start":{"line":45,"column":0},"end":{"line":45,"column":40}},"43":{"start":{"line":47,"column":0},"end":{"line":49,"column":3}},"44":{"start":{"line":48,"column":2},"end":{"line":48,"column":90}},"45":{"start":{"line":51,"column":0},"end":{"line":51,"column":22}}},"fnMap":{"0":{"name":"(anonymous_1)","decl":{"start":{"line":47,"column":22},"end":{"line":47,"column":23}},"loc":{"start":{"line":47,"column":35},"end":{"line":49,"column":1}}}},"branchMap":{},"s":{"0":0,"1":0,"2":0,"3":0,"4":0,"5":0,"6":0,"7":0,"8":0,"9":0,"10":0,"11":0,"12":0,"13":0,"14":0,"15":0,"16":0,"17":0,"18":0,"19":0,"20":0,"21":0,"22":0,"23":0,"24":0,"25":0,"26":0,"27":0,"28":0,"29":0,"30":0,"31":0,"32":0,"33":0,"34":0,"35":0,"36":0,"37":0,"38":0,"39":0,"40":0,"41":0,"42":0,"43":0,"44":0,"45":0},"f":{"0":0},"b":{}}
,"/home/pippo/tev2/backend/src/config/fonts.ts": {"path":"/home/pippo/tev2/backend/src/config/fonts.ts","statementMap":{"0":{"start":{"line":34,"column":0},"end":{"line":34,"column":16}},"1":{"start":{"line":38,"column":0},"end":{"line":38,"column":16}},"2":{"start":{"line":1,"column":0},"end":{"line":1,"column":24}},"3":{"start":{"line":3,"column":13},"end":{"line":3,"column":97}},"4":{"start":{"line":5,"column":13},"end":{"line":30,"column":2}},"5":{"start":{"line":32,"column":13},"end":{"line":32,"column":75}},"6":{"start":{"line":35,"column":2},"end":{"line":35,"column":63}},"7":{"start":{"line":39,"column":22},"end":{"line":39,"column":44}},"8":{"start":{"line":40,"column":2},"end":{"line":40,"column":59}}},"fnMap":{"0":{"name":"getDefaultFontConfig","decl":{"start":{"line":34,"column":16},"end":{"line":34,"column":36}},"loc":{"start":{"line":34,"column":36},"end":{"line":36,"column":1}}},"1":{"name":"getFontPaths","decl":{"start":{"line":38,"column":16},"end":{"line":38,"column":28}},"loc":{"start":{"line":38,"column":28},"end":{"line":41,"column":1}}}},"branchMap":{"0":{"loc":{"start":{"line":3,"column":25},"end":{"line":3,"column":96}},"type":"binary-expr","locations":[{"start":{"line":3,"column":25},"end":{"line":3,"column":50}},{"start":{"line":3,"column":54},"end":{"line":3,"column":96}}]},"1":{"loc":{"start":{"line":32,"column":35},"end":{"line":32,"column":74}},"type":"binary-expr","locations":[{"start":{"line":32,"column":35},"end":{"line":32,"column":63}},{"start":{"line":32,"column":67},"end":{"line":32,"column":74}}]},"2":{"loc":{"start":{"line":35,"column":9},"end":{"line":35,"column":62}},"type":"binary-expr","locations":[{"start":{"line":35,"column":9},"end":{"line":35,"column":41}},{"start":{"line":35,"column":45},"end":{"line":35,"column":62}}]}},"s":{"0":0,"1":0,"2":0,"3":0,"4":0,"5":0,"6":0,"7":0,"8":0},"f":{"0":0,"1":0},"b":{"0":[0,0],"1":[0,0],"2":[0,0]}}
,"/home/pippo/tev2/backend/src/handlers/analytics.ts": {"path":"/home/pippo/tev2/backend/src/handlers/analytics.ts","statementMap":{"0":{"start":{"line":1,"column":0},"end":{"line":1,"column":53}},"1":{"start":{"line":2,"column":0},"end":{"line":2,"column":35}},"2":{"start":{"line":3,"column":0},"end":{"line":3,"column":62}},"3":{"start":{"line":4,"column":0},"end":{"line":4,"column":117}},"4":{"start":{"line":5,"column":0},"end":{"line":5,"column":43}},"5":{"start":{"line":6,"column":0},"end":{"line":6,"column":27}},"6":{"start":{"line":7,"column":0},"end":{"line":7,"column":55}},"7":{"start":{"line":8,"column":0},"end":{"line":8,"column":59}},"8":{"start":{"line":10,"column":13},"end":{"line":10,"column":48}},"9":{"start":{"line":13,"column":0},"end":{"line":29,"column":3}},"10":{"start":{"line":14,"column":2},"end":{"line":28,"column":3}},"11":{"start":{"line":16,"column":19},"end":{"line":16,"column":53}},"12":{"start":{"line":19,"column":20},"end":{"line":19,"column":61}},"13":{"start":{"line":22,"column":4},"end":{"line":22,"column":22}},"14":{"start":{"line":24,"column":4},"end":{"line":26,"column":7}},"15":{"start":{"line":27,"column":4},"end":{"line":27,"column":95}},"16":{"start":{"line":32,"column":0},"end":{"line":52,"column":3}},"17":{"start":{"line":33,"column":2},"end":{"line":51,"column":3}},"18":{"start":{"line":35,"column":19},"end":{"line":35,"column":53}},"19":{"start":{"line":38,"column":20},"end":{"line":42,"column":6}},"20":{"start":{"line":45,"column":4},"end":{"line":45,"column":22}},"21":{"start":{"line":47,"column":4},"end":{"line":49,"column":7}},"22":{"start":{"line":50,"column":4},"end":{"line":50,"column":90}},"23":{"start":{"line":59,"column":0},"end":{"line":95,"column":3}},"24":{"start":{"line":60,"column":2},"end":{"line":94,"column":3}},"25":{"start":{"line":61,"column":21},"end":{"line":61,"column":30}},"26":{"start":{"line":63,"column":4},"end":{"line":66,"column":5}},"27":{"start":{"line":64,"column":6},"end":{"line":64,"column":91}},"28":{"start":{"line":65,"column":6},"end":{"line":65,"column":13}},"29":{"start":{"line":69,"column":22},"end":{"line":69,"column":43}},"30":{"start":{"line":70,"column":4},"end":{"line":73,"column":5}},"31":{"start":{"line":71,"column":6},"end":{"line":71,"column":77}},"32":{"start":{"line":72,"column":6},"end":{"line":72,"column":13}},"33":{"start":{"line":76,"column":21},"end":{"line":76,"column":54}},"34":{"start":{"line":78,"column":4},"end":{"line":81,"column":5}},"35":{"start":{"line":79,"column":6},"end":{"line":79,"column":74}},"36":{"start":{"line":80,"column":6},"end":{"line":80,"column":13}},"37":{"start":{"line":83,"column":19},"end":{"line":86,"column":6}},"38":{"start":{"line":88,"column":4},"end":{"line":88,"column":21}},"39":{"start":{"line":90,"column":4},"end":{"line":92,"column":7}},"40":{"start":{"line":93,"column":4},"end":{"line":93,"column":88}},"41":{"start":{"line":98,"column":0},"end":{"line":134,"column":3}},"42":{"start":{"line":99,"column":2},"end":{"line":133,"column":3}},"43":{"start":{"line":100,"column":29},"end":{"line":100,"column":38}},"44":{"start":{"line":102,"column":4},"end":{"line":105,"column":5}},"45":{"start":{"line":103,"column":6},"end":{"line":103,"column":88}},"46":{"start":{"line":104,"column":6},"end":{"line":104,"column":13}},"47":{"start":{"line":108,"column":22},"end":{"line":108,"column":43}},"48":{"start":{"line":109,"column":4},"end":{"line":112,"column":5}},"49":{"start":{"line":110,"column":6},"end":{"line":110,"column":77}},"50":{"start":{"line":111,"column":6},"end":{"line":111,"column":13}},"51":{"start":{"line":115,"column":21},"end":{"line":115,"column":54}},"52":{"start":{"line":117,"column":4},"end":{"line":120,"column":5}},"53":{"start":{"line":118,"column":6},"end":{"line":118,"column":74}},"54":{"start":{"line":119,"column":6},"end":{"line":119,"column":13}},"55":{"start":{"line":122,"column":19},"end":{"line":125,"column":6}},"56":{"start":{"line":127,"column":4},"end":{"line":127,"column":21}},"57":{"start":{"line":129,"column":4},"end":{"line":131,"column":7}},"58":{"start":{"line":132,"column":4},"end":{"line":132,"column":84}}},"fnMap":{"0":{"name":"(anonymous_1)","decl":{"start":{"line":13,"column":77},"end":{"line":13,"column":82}},"loc":{"start":{"line":13,"column":115},"end":{"line":29,"column":1}}},"1":{"name":"(anonymous_2)","decl":{"start":{"line":32,"column":72},"end":{"line":32,"column":77}},"loc":{"start":{"line":32,"column":110},"end":{"line":52,"column":1}}},"2":{"name":"(anonymous_3)","decl":{"start":{"line":59,"column":70},"end":{"line":59,"column":75}},"loc":{"start":{"line":59,"column":108},"end":{"line":95,"column":1}}},"3":{"name":"(anonymous_4)","decl":{"start":{"line":98,"column":65},"end":{"line":98,"column":70}},"loc":{"start":{"line":98,"column":103},"end":{"line":134,"column":1}}}},"branchMap":{"0":{"loc":{"start":{"line":24,"column":13},"end":{"line":24,"column":82}},"type":"cond-expr","locations":[{"start":{"line":24,"column":38},"end":{"line":24,"column":43}},{"start":{"line":24,"column":46},"end":{"line":24,"column":82}}]},"1":{"loc":{"start":{"line":40,"column":13},"end":{"line":40,"column":30}},"type":"binary-expr","locations":[{"start":{"line":40,"column":13},"end":{"line":40,"column":25}},{"start":{"line":40,"column":29},"end":{"line":40,"column":30}}]},"2":{"loc":{"start":{"line":47,"column":13},"end":{"line":47,"column":77}},"type":"cond-expr","locations":[{"start":{"line":47,"column":38},"end":{"line":47,"column":43}},{"start":{"line":47,"column":46},"end":{"line":47,"column":77}}]},"3":{"loc":{"start":{"line":63,"column":4},"end":{"line":66,"column":5}},"type":"if","locations":[{"start":{"line":63,"column":4},"end":{"line":66,"column":5}}]},"4":{"loc":{"start":{"line":63,"column":8},"end":{"line":63,"column":41}},"type":"binary-expr","locations":[{"start":{"line":63,"column":8},"end":{"line":63,"column":13}},{"start":{"line":63,"column":17},"end":{"line":63,"column":41}}]},"5":{"loc":{"start":{"line":70,"column":4},"end":{"line":73,"column":5}},"type":"if","locations":[{"start":{"line":70,"column":4},"end":{"line":73,"column":5}}]},"6":{"loc":{"start":{"line":78,"column":4},"end":{"line":81,"column":5}},"type":"if","locations":[{"start":{"line":78,"column":4},"end":{"line":81,"column":5}}]},"7":{"loc":{"start":{"line":90,"column":13},"end":{"line":90,"column":75}},"type":"cond-expr","locations":[{"start":{"line":90,"column":38},"end":{"line":90,"column":43}},{"start":{"line":90,"column":46},"end":{"line":90,"column":75}}]},"8":{"loc":{"start":{"line":102,"column":4},"end":{"line":105,"column":5}},"type":"if","locations":[{"start":{"line":102,"column":4},"end":{"line":105,"column":5}}]},"9":{"loc":{"start":{"line":102,"column":8},"end":{"line":102,"column":82}},"type":"binary-expr","locations":[{"start":{"line":102,"column":8},"end":{"line":102,"column":14}},{"start":{"line":102,"column":18},"end":{"line":102,"column":24}},{"start":{"line":102,"column":28},"end":{"line":102,"column":53}},{"start":{"line":102,"column":57},"end":{"line":102,"column":82}}]},"10":{"loc":{"start":{"line":109,"column":4},"end":{"line":112,"column":5}},"type":"if","locations":[{"start":{"line":109,"column":4},"end":{"line":112,"column":5}}]},"11":{"loc":{"start":{"line":109,"column":8},"end":{"line":109,"column":56}},"type":"binary-expr","locations":[{"start":{"line":109,"column":8},"end":{"line":109,"column":30}},{"start":{"line":109,"column":34},"end":{"line":109,"column":56}}]},"12":{"loc":{"start":{"line":117,"column":4},"end":{"line":120,"column":5}},"type":"if","locations":[{"start":{"line":117,"column":4},"end":{"line":120,"column":5}}]},"13":{"loc":{"start":{"line":129,"column":13},"end":{"line":129,"column":76}},"type":"cond-expr","locations":[{"start":{"line":129,"column":38},"end":{"line":129,"column":43}},{"start":{"line":129,"column":46},"end":{"line":129,"column":76}}]}},"s":{"0":0,"1":0,"2":0,"3":0,"4":0,"5":0,"6":0,"7":0,"8":0,"9":0,"10":0,"11":0,"12":0,"13":0,"14":0,"15":0,"16":0,"17":0,"18":0,"19":0,"20":0,"21":0,"22":0,"23":0,"24":0,"25":0,"26":0,"27":0,"28":0,"29":0,"30":0,"31":0,"32":0,"33":0,"34":0,"35":0,"36":0,"37":0,"38":0,"39":0,"40":0,"41":0,"42":0,"43":0,"44":0,"45":0,"46":0,"47":0,"48":0,"49":0,"50":0,"51":0,"52":0,"53":0,"54":0,"55":0,"56":0,"57":0,"58":0},"f":{"0":0,"1":0,"2":0,"3":0},"b":{"0":[0,0],"1":[0,0],"2":[0,0],"3":[0],"4":[0,0],"5":[0],"6":[0],"7":[0,0],"8":[0],"9":[0,0,0,0],"10":[0],"11":[0,0],"12":[0],"13":[0,0]}}
,"/home/pippo/tev2/backend/src/handlers/categories.ts": {"path":"/home/pippo/tev2/backend/src/handlers/categories.ts","statementMap":{"0":{"start":{"line":1,"column":0},"end":{"line":1,"column":53}},"1":{"start":{"line":2,"column":0},"end":{"line":2,"column":35}},"2":{"start":{"line":4,"column":0},"end":{"line":4,"column":77}},"3":{"start":{"line":5,"column":0},"end":{"line":5,"column":43}},"4":{"start":{"line":6,"column":0},"end":{"line":6,"column":55}},"5":{"start":{"line":7,"column":0},"end":{"line":7,"column":59}},"6":{"start":{"line":8,"column":0},"end":{"line":8,"column":27}},"7":{"start":{"line":10,"column":13},"end":{"line":10,"column":49}},"8":{"start":{"line":15,"column":0},"end":{"line":38,"column":3}},"9":{"start":{"line":16,"column":2},"end":{"line":37,"column":3}},"10":{"start":{"line":17,"column":26},"end":{"line":17,"column":60}},"11":{"start":{"line":21,"column":18},"end":{"line":21,"column":56}},"12":{"start":{"line":23,"column":23},"end":{"line":30,"column":6}},"13":{"start":{"line":31,"column":4},"end":{"line":31,"column":25}},"14":{"start":{"line":33,"column":4},"end":{"line":35,"column":7}},"15":{"start":{"line":36,"column":4},"end":{"line":36,"column":70}},"16":{"start":{"line":41,"column":0},"end":{"line":64,"column":3}},"17":{"start":{"line":42,"column":2},"end":{"line":63,"column":3}},"18":{"start":{"line":43,"column":19},"end":{"line":43,"column":29}},"19":{"start":{"line":44,"column":21},"end":{"line":51,"column":6}},"20":{"start":{"line":53,"column":4},"end":{"line":55,"column":5}},"21":{"start":{"line":54,"column":6},"end":{"line":54,"column":76}},"22":{"start":{"line":57,"column":4},"end":{"line":57,"column":23}},"23":{"start":{"line":59,"column":4},"end":{"line":61,"column":7}},"24":{"start":{"line":62,"column":4},"end":{"line":62,"column":73}},"25":{"start":{"line":67,"column":0},"end":{"line":96,"column":3}},"26":{"start":{"line":68,"column":2},"end":{"line":95,"column":3}},"27":{"start":{"line":69,"column":37},"end":{"line":69,"column":69}},"28":{"start":{"line":72,"column":23},"end":{"line":72,"column":49}},"29":{"start":{"line":73,"column":4},"end":{"line":75,"column":5}},"30":{"start":{"line":74,"column":6},"end":{"line":74,"column":112}},"31":{"start":{"line":77,"column":21},"end":{"line":87,"column":6}},"32":{"start":{"line":89,"column":4},"end":{"line":89,"column":35}},"33":{"start":{"line":91,"column":4},"end":{"line":93,"column":7}},"34":{"start":{"line":94,"column":4},"end":{"line":94,"column":71}},"35":{"start":{"line":99,"column":0},"end":{"line":139,"column":3}},"36":{"start":{"line":100,"column":2},"end":{"line":138,"column":3}},"37":{"start":{"line":101,"column":19},"end":{"line":101,"column":29}},"38":{"start":{"line":102,"column":37},"end":{"line":102,"column":69}},"39":{"start":{"line":105,"column":4},"end":{"line":109,"column":5}},"40":{"start":{"line":106,"column":6},"end":{"line":108,"column":9}},"41":{"start":{"line":112,"column":4},"end":{"line":117,"column":5}},"42":{"start":{"line":113,"column":24},"end":{"line":113,"column":50}},"43":{"start":{"line":114,"column":6},"end":{"line":116,"column":7}},"44":{"start":{"line":115,"column":8},"end":{"line":115,"column":108}},"45":{"start":{"line":119,"column":21},"end":{"line":130,"column":6}},"46":{"start":{"line":132,"column":4},"end":{"line":132,"column":23}},"47":{"start":{"line":134,"column":4},"end":{"line":136,"column":7}},"48":{"start":{"line":137,"column":4},"end":{"line":137,"column":71}},"49":{"start":{"line":142,"column":0},"end":{"line":186,"column":3}},"50":{"start":{"line":143,"column":2},"end":{"line":185,"column":3}},"51":{"start":{"line":144,"column":19},"end":{"line":144,"column":29}},"52":{"start":{"line":147,"column":4},"end":{"line":151,"column":5}},"53":{"start":{"line":148,"column":6},"end":{"line":150,"column":9}},"54":{"start":{"line":154,"column":21},"end":{"line":156,"column":6}},"55":{"start":{"line":158,"column":4},"end":{"line":162,"column":5}},"56":{"start":{"line":159,"column":6},"end":{"line":161,"column":9}},"57":{"start":{"line":165,"column":26},"end":{"line":167,"column":6}},"58":{"start":{"line":169,"column":4},"end":{"line":173,"column":5}},"59":{"start":{"line":170,"column":6},"end":{"line":172,"column":9}},"60":{"start":{"line":175,"column":4},"end":{"line":177,"column":7}},"61":{"start":{"line":179,"column":4},"end":{"line":179,"column":27}},"62":{"start":{"line":181,"column":4},"end":{"line":183,"column":7}},"63":{"start":{"line":184,"column":4},"end":{"line":184,"column":76}},"64":{"start":{"line":188,"column":0},"end":{"line":188,"column":32}}},"fnMap":{"0":{"name":"(anonymous_1)","decl":{"start":{"line":15,"column":45},"end":{"line":15,"column":50}},"loc":{"start":{"line":15,"column":83},"end":{"line":38,"column":1}}},"1":{"name":"(anonymous_2)","decl":{"start":{"line":41,"column":48},"end":{"line":41,"column":53}},"loc":{"start":{"line":41,"column":86},"end":{"line":64,"column":1}}},"2":{"name":"(anonymous_3)","decl":{"start":{"line":67,"column":60},"end":{"line":67,"column":65}},"loc":{"start":{"line":67,"column":98},"end":{"line":96,"column":1}}},"3":{"name":"(anonymous_4)","decl":{"start":{"line":99,"column":62},"end":{"line":99,"column":67}},"loc":{"start":{"line":99,"column":100},"end":{"line":139,"column":1}}},"4":{"name":"(anonymous_5)","decl":{"start":{"line":142,"column":65},"end":{"line":142,"column":70}},"loc":{"start":{"line":142,"column":103},"end":{"line":186,"column":1}}}},"branchMap":{"0":{"loc":{"start":{"line":21,"column":18},"end":{"line":21,"column":56}},"type":"cond-expr","locations":[{"start":{"line":21,"column":34},"end":{"line":21,"column":36}},{"start":{"line":21,"column":39},"end":{"line":21,"column":56}}]},"1":{"loc":{"start":{"line":33,"column":13},"end":{"line":33,"column":81}},"type":"cond-expr","locations":[{"start":{"line":33,"column":38},"end":{"line":33,"column":43}},{"start":{"line":33,"column":46},"end":{"line":33,"column":81}}]},"2":{"loc":{"start":{"line":53,"column":4},"end":{"line":55,"column":5}},"type":"if","locations":[{"start":{"line":53,"column":4},"end":{"line":55,"column":5}}]},"3":{"loc":{"start":{"line":59,"column":13},"end":{"line":59,"column":84}},"type":"cond-expr","locations":[{"start":{"line":59,"column":38},"end":{"line":59,"column":43}},{"start":{"line":59,"column":46},"end":{"line":59,"column":84}}]},"4":{"loc":{"start":{"line":73,"column":4},"end":{"line":75,"column":5}},"type":"if","locations":[{"start":{"line":73,"column":4},"end":{"line":75,"column":5}}]},"5":{"loc":{"start":{"line":80,"column":24},"end":{"line":80,"column":44}},"type":"binary-expr","locations":[{"start":{"line":80,"column":24},"end":{"line":80,"column":38}},{"start":{"line":80,"column":42},"end":{"line":80,"column":44}}]},"6":{"loc":{"start":{"line":91,"column":13},"end":{"line":91,"column":82}},"type":"cond-expr","locations":[{"start":{"line":91,"column":38},"end":{"line":91,"column":43}},{"start":{"line":91,"column":46},"end":{"line":91,"column":82}}]},"7":{"loc":{"start":{"line":105,"column":4},"end":{"line":109,"column":5}},"type":"if","locations":[{"start":{"line":105,"column":4},"end":{"line":109,"column":5}}]},"8":{"loc":{"start":{"line":112,"column":4},"end":{"line":117,"column":5}},"type":"if","locations":[{"start":{"line":112,"column":4},"end":{"line":117,"column":5}}]},"9":{"loc":{"start":{"line":114,"column":6},"end":{"line":116,"column":7}},"type":"if","locations":[{"start":{"line":114,"column":6},"end":{"line":116,"column":7}}]},"10":{"loc":{"start":{"line":123,"column":24},"end":{"line":123,"column":44}},"type":"binary-expr","locations":[{"start":{"line":123,"column":24},"end":{"line":123,"column":38}},{"start":{"line":123,"column":42},"end":{"line":123,"column":44}}]},"11":{"loc":{"start":{"line":134,"column":13},"end":{"line":134,"column":82}},"type":"cond-expr","locations":[{"start":{"line":134,"column":38},"end":{"line":134,"column":43}},{"start":{"line":134,"column":46},"end":{"line":134,"column":82}}]},"12":{"loc":{"start":{"line":147,"column":4},"end":{"line":151,"column":5}},"type":"if","locations":[{"start":{"line":147,"column":4},"end":{"line":151,"column":5}}]},"13":{"loc":{"start":{"line":158,"column":4},"end":{"line":162,"column":5}},"type":"if","locations":[{"start":{"line":158,"column":4},"end":{"line":162,"column":5}}]},"14":{"loc":{"start":{"line":169,"column":4},"end":{"line":173,"column":5}},"type":"if","locations":[{"start":{"line":169,"column":4},"end":{"line":173,"column":5}}]},"15":{"loc":{"start":{"line":181,"column":13},"end":{"line":181,"column":82}},"type":"cond-expr","locations":[{"start":{"line":181,"column":38},"end":{"line":181,"column":43}},{"start":{"line":181,"column":46},"end":{"line":181,"column":82}}]}},"s":{"0":0,"1":0,"2":0,"3":0,"4":0,"5":0,"6":0,"7":0,"8":0,"9":0,"10":0,"11":0,"12":0,"13":0,"14":0,"15":0,"16":0,"17":0,"18":0,"19":0,"20":0,"21":0,"22":0,"23":0,"24":0,"25":0,"26":0,"27":0,"28":0,"29":0,"30":0,"31":0,"32":0,"33":0,"34":0,"35":0,"36":0,"37":0,"38":0,"39":0,"40":0,"41":0,"42":0,"43":0,"44":0,"45":0,"46":0,"47":0,"48":0,"49":0,"50":0,"51":0,"52":0,"53":0,"54":0,"55":0,"56":0,"57":0,"58":0,"59":0,"60":0,"61":0,"62":0,"63":0,"64":0},"f":{"0":0,"1":0,"2":0,"3":0,"4":0},"b":{"0":[0,0],"1":[0,0],"2":[0],"3":[0,0],"4":[0],"5":[0,0],"6":[0,0],"7":[0],"8":[0],"9":[0],"10":[0,0],"11":[0,0],"12":[0],"13":[0],"14":[0],"15":[0,0]}}
,"/home/pippo/tev2/backend/src/handlers/consumptionReports.ts": {"path":"/home/pippo/tev2/backend/src/handlers/consumptionReports.ts","statementMap":{"0":{"start":{"line":1,"column":0},"end":{"line":1,"column":53}},"1":{"start":{"line":2,"column":0},"end":{"line":2,"column":35}},"2":{"start":{"line":3,"column":0},"end":{"line":3,"column":43}},"3":{"start":{"line":4,"column":0},"end":{"line":4,"column":55}},"4":{"start":{"line":5,"column":0},"end":{"line":5,"column":27}},"5":{"start":{"line":8,"column":13},"end":{"line":8,"column":57}},"6":{"start":{"line":11,"column":0},"end":{"line":183,"column":3}},"7":{"start":{"line":12,"column":2},"end":{"line":182,"column":3}},"8":{"start":{"line":18,"column":8},"end":{"line":18,"column":17}},"9":{"start":{"line":21,"column":34},"end":{"line":21,"column":36}},"10":{"start":{"line":23,"column":4},"end":{"line":36,"column":5}},"11":{"start":{"line":24,"column":6},"end":{"line":27,"column":8}},"12":{"start":{"line":28,"column":11},"end":{"line":36,"column":5}},"13":{"start":{"line":29,"column":6},"end":{"line":31,"column":8}},"14":{"start":{"line":32,"column":11},"end":{"line":36,"column":5}},"15":{"start":{"line":33,"column":6},"end":{"line":35,"column":8}},"16":{"start":{"line":38,"column":25},"end":{"line":44,"column":6}},"17":{"start":{"line":47,"column":37},"end":{"line":47,"column":54}},"18":{"start":{"line":48,"column":4},"end":{"line":55,"column":7}},"19":{"start":{"line":49,"column":20},"end":{"line":49,"column":109}},"20":{"start":{"line":50,"column":6},"end":{"line":54,"column":9}},"21":{"start":{"line":51,"column":8},"end":{"line":53,"column":9}},"22":{"start":{"line":52,"column":10},"end":{"line":52,"column":55}},"23":{"start":{"line":58,"column":34},"end":{"line":62,"column":6}},"24":{"start":{"line":65,"column":4},"end":{"line":71,"column":5}},"25":{"start":{"line":66,"column":6},"end":{"line":70,"column":8}},"26":{"start":{"line":73,"column":30},"end":{"line":83,"column":6}},"27":{"start":{"line":86,"column":34},"end":{"line":86,"column":148}},"28":{"start":{"line":87,"column":4},"end":{"line":92,"column":7}},"29":{"start":{"line":88,"column":6},"end":{"line":90,"column":7}},"30":{"start":{"line":89,"column":8},"end":{"line":89,"column":61}},"31":{"start":{"line":91,"column":6},"end":{"line":91,"column":74}},"32":{"start":{"line":95,"column":37},"end":{"line":95,"column":39}},"33":{"start":{"line":98,"column":4},"end":{"line":129,"column":7}},"34":{"start":{"line":99,"column":20},"end":{"line":99,"column":109}},"35":{"start":{"line":101,"column":6},"end":{"line":128,"column":9}},"36":{"start":{"line":102,"column":8},"end":{"line":127,"column":9}},"37":{"start":{"line":103,"column":31},"end":{"line":103,"column":73}},"38":{"start":{"line":106,"column":10},"end":{"line":126,"column":13}},"39":{"start":{"line":108,"column":12},"end":{"line":110,"column":13}},"40":{"start":{"line":109,"column":14},"end":{"line":109,"column":21}},"41":{"start":{"line":112,"column":12},"end":{"line":125,"column":15}},"42":{"start":{"line":132,"column":24},"end":{"line":132,"column":78}},"43":{"start":{"line":132,"column":63},"end":{"line":132,"column":75}},"44":{"start":{"line":133,"column":23},"end":{"line":143,"column":6}},"45":{"start":{"line":145,"column":24},"end":{"line":145,"column":106}},"46":{"start":{"line":145,"column":86},"end":{"line":145,"column":104}},"47":{"start":{"line":148,"column":24},"end":{"line":151,"column":7}},"48":{"start":{"line":148,"column":55},"end":{"line":151,"column":6}},"49":{"start":{"line":154,"column":4},"end":{"line":154,"column":110}},"50":{"start":{"line":154,"column":31},"end":{"line":154,"column":108}},"51":{"start":{"line":157,"column":139},"end":{"line":168,"column":122}},"52":{"start":{"line":158,"column":6},"end":{"line":165,"column":7}},"53":{"start":{"line":159,"column":8},"end":{"line":164,"column":10}},"54":{"start":{"line":166,"column":6},"end":{"line":166,"column":69}},"55":{"start":{"line":167,"column":6},"end":{"line":167,"column":17}},"56":{"start":{"line":171,"column":34},"end":{"line":171,"column":115}},"57":{"start":{"line":171,"column":81},"end":{"line":171,"column":114}},"58":{"start":{"line":173,"column":4},"end":{"line":176,"column":7}},"59":{"start":{"line":178,"column":4},"end":{"line":180,"column":7}},"60":{"start":{"line":181,"column":4},"end":{"line":181,"column":85}},"61":{"start":{"line":185,"column":0},"end":{"line":185,"column":40}}},"fnMap":{"0":{"name":"(anonymous_1)","decl":{"start":{"line":11,"column":61},"end":{"line":11,"column":66}},"loc":{"start":{"line":11,"column":99},"end":{"line":183,"column":1}}},"1":{"name":"(anonymous_2)","decl":{"start":{"line":48,"column":25},"end":{"line":48,"column":36}},"loc":{"start":{"line":48,"column":39},"end":{"line":55,"column":5}}},"2":{"name":"(anonymous_3)","decl":{"start":{"line":50,"column":20},"end":{"line":50,"column":21}},"loc":{"start":{"line":50,"column":34},"end":{"line":54,"column":7}}},"3":{"name":"(anonymous_4)","decl":{"start":{"line":87,"column":30},"end":{"line":87,"column":31}},"loc":{"start":{"line":87,"column":139},"end":{"line":92,"column":5}}},"4":{"name":"(anonymous_5)","decl":{"start":{"line":98,"column":25},"end":{"line":98,"column":36}},"loc":{"start":{"line":98,"column":39},"end":{"line":129,"column":5}}},"5":{"name":"(anonymous_6)","decl":{"start":{"line":101,"column":20},"end":{"line":101,"column":21}},"loc":{"start":{"line":101,"column":34},"end":{"line":128,"column":7}}},"6":{"name":"(anonymous_7)","decl":{"start":{"line":106,"column":31},"end":{"line":106,"column":42}},"loc":{"start":{"line":106,"column":45},"end":{"line":126,"column":11}}},"7":{"name":"(anonymous_8)","decl":{"start":{"line":132,"column":58},"end":{"line":132,"column":59}},"loc":{"start":{"line":132,"column":63},"end":{"line":132,"column":75}}},"8":{"name":"(anonymous_9)","decl":{"start":{"line":145,"column":47},"end":{"line":145,"column":48}},"loc":{"start":{"line":145,"column":86},"end":{"line":145,"column":104}}},"9":{"name":"(anonymous_10)","decl":{"start":{"line":148,"column":46},"end":{"line":148,"column":50}},"loc":{"start":{"line":148,"column":55},"end":{"line":151,"column":6}}},"10":{"name":"(anonymous_11)","decl":{"start":{"line":154,"column":21},"end":{"line":154,"column":22}},"loc":{"start":{"line":154,"column":31},"end":{"line":154,"column":108}}},"11":{"name":"(anonymous_12)","decl":{"start":{"line":157,"column":158},"end":{"line":157,"column":159}},"loc":{"start":{"line":157,"column":172},"end":{"line":168,"column":5}}},"12":{"name":"(anonymous_13)","decl":{"start":{"line":171,"column":71},"end":{"line":171,"column":72}},"loc":{"start":{"line":171,"column":81},"end":{"line":171,"column":114}}}},"branchMap":{"0":{"loc":{"start":{"line":23,"column":4},"end":{"line":36,"column":5}},"type":"if","locations":[{"start":{"line":23,"column":4},"end":{"line":36,"column":5}},{"start":{"line":28,"column":11},"end":{"line":36,"column":5}}]},"1":{"loc":{"start":{"line":23,"column":8},"end":{"line":23,"column":28}},"type":"binary-expr","locations":[{"start":{"line":23,"column":8},"end":{"line":23,"column":17}},{"start":{"line":23,"column":21},"end":{"line":23,"column":28}}]},"2":{"loc":{"start":{"line":28,"column":11},"end":{"line":36,"column":5}},"type":"if","locations":[{"start":{"line":28,"column":11},"end":{"line":36,"column":5}},{"start":{"line":32,"column":11},"end":{"line":36,"column":5}}]},"3":{"loc":{"start":{"line":32,"column":11},"end":{"line":36,"column":5}},"type":"if","locations":[{"start":{"line":32,"column":11},"end":{"line":36,"column":5}}]},"4":{"loc":{"start":{"line":49,"column":20},"end":{"line":49,"column":109}},"type":"cond-expr","locations":[{"start":{"line":49,"column":60},"end":{"line":49,"column":89}},{"start":{"line":49,"column":92},"end":{"line":49,"column":109}}]},"5":{"loc":{"start":{"line":51,"column":8},"end":{"line":53,"column":9}},"type":"if","locations":[{"start":{"line":51,"column":8},"end":{"line":53,"column":9}}]},"6":{"loc":{"start":{"line":65,"column":4},"end":{"line":71,"column":5}},"type":"if","locations":[{"start":{"line":65,"column":4},"end":{"line":71,"column":5}}]},"7":{"loc":{"start":{"line":88,"column":6},"end":{"line":90,"column":7}},"type":"if","locations":[{"start":{"line":88,"column":6},"end":{"line":90,"column":7}}]},"8":{"loc":{"start":{"line":99,"column":20},"end":{"line":99,"column":109}},"type":"cond-expr","locations":[{"start":{"line":99,"column":60},"end":{"line":99,"column":89}},{"start":{"line":99,"column":92},"end":{"line":99,"column":109}}]},"9":{"loc":{"start":{"line":102,"column":8},"end":{"line":127,"column":9}},"type":"if","locations":[{"start":{"line":102,"column":8},"end":{"line":127,"column":9}}]},"10":{"loc":{"start":{"line":102,"column":12},"end":{"line":102,"column":71}},"type":"binary-expr","locations":[{"start":{"line":102,"column":12},"end":{"line":102,"column":26}},{"start":{"line":102,"column":30},"end":{"line":102,"column":71}}]},"11":{"loc":{"start":{"line":108,"column":12},"end":{"line":110,"column":13}},"type":"if","locations":[{"start":{"line":108,"column":12},"end":{"line":110,"column":13}}]},"12":{"loc":{"start":{"line":108,"column":16},"end":{"line":108,"column":77}},"type":"binary-expr","locations":[{"start":{"line":108,"column":16},"end":{"line":108,"column":29}},{"start":{"line":108,"column":33},"end":{"line":108,"column":77}}]},"13":{"loc":{"start":{"line":150,"column":20},"end":{"line":150,"column":58}},"type":"binary-expr","locations":[{"start":{"line":150,"column":20},"end":{"line":150,"column":52}},{"start":{"line":150,"column":56},"end":{"line":150,"column":58}}]},"14":{"loc":{"start":{"line":158,"column":6},"end":{"line":165,"column":7}},"type":"if","locations":[{"start":{"line":158,"column":6},"end":{"line":165,"column":7}}]},"15":{"loc":{"start":{"line":178,"column":13},"end":{"line":178,"column":90}},"type":"cond-expr","locations":[{"start":{"line":178,"column":38},"end":{"line":178,"column":43}},{"start":{"line":178,"column":46},"end":{"line":178,"column":90}}]}},"s":{"0":0,"1":0,"2":0,"3":0,"4":0,"5":0,"6":0,"7":0,"8":0,"9":0,"10":0,"11":0,"12":0,"13":0,"14":0,"15":0,"16":0,"17":0,"18":0,"19":0,"20":0,"21":0,"22":0,"23":0,"24":0,"25":0,"26":0,"27":0,"28":0,"29":0,"30":0,"31":0,"32":0,"33":0,"34":0,"35":0,"36":0,"37":0,"38":0,"39":0,"40":0,"41":0,"42":0,"43":0,"44":0,"45":0,"46":0,"47":0,"48":0,"49":0,"50":0,"51":0,"52":0,"53":0,"54":0,"55":0,"56":0,"57":0,"58":0,"59":0,"60":0,"61":0},"f":{"0":0,"1":0,"2":0,"3":0,"4":0,"5":0,"6":0,"7":0,"8":0,"9":0,"10":0,"11":0,"12":0},"b":{"0":[0,0],"1":[0,0],"2":[0,0],"3":[0],"4":[0,0],"5":[0],"6":[0],"7":[0],"8":[0,0],"9":[0],"10":[0,0],"11":[0],"12":[0,0],"13":[0,0],"14":[0],"15":[0,0]}}
,"/home/pippo/tev2/backend/src/handlers/customerHandler.ts": {"path":"/home/pippo/tev2/backend/src/handlers/customerHandler.ts","statementMap":{"0":{"start":{"line":1,"column":0},"end":{"line":1,"column":53}},"1":{"start":{"line":2,"column":0},"end":{"line":2,"column":24}},"2":{"start":{"line":3,"column":0},"end":{"line":3,"column":55}},"3":{"start":{"line":5,"column":0},"end":{"line":5,"column":63}},"4":{"start":{"line":6,"column":0},"end":{"line":6,"column":58}},"5":{"start":{"line":7,"column":0},"end":{"line":7,"column":27}},"6":{"start":{"line":15,"column":29},"end":{"line":25,"column":2}},"7":{"start":{"line":27,"column":29},"end":{"line":37,"column":2}},"8":{"start":{"line":39,"column":26},"end":{"line":44,"column":1}},"9":{"start":{"line":40,"column":2},"end":{"line":40,"column":24}},"10":{"start":{"line":40,"column":12},"end":{"line":40,"column":24}},"11":{"start":{"line":41,"column":21},"end":{"line":41,"column":36}},"12":{"start":{"line":42,"column":21},"end":{"line":42,"column":47}},"13":{"start":{"line":43,"column":2},"end":{"line":43,"column":54}},"14":{"start":{"line":46,"column":13},"end":{"line":46,"column":48}},"15":{"start":{"line":48,"column":0},"end":{"line":95,"column":3}},"16":{"start":{"line":49,"column":2},"end":{"line":94,"column":3}},"17":{"start":{"line":64,"column":8},"end":{"line":64,"column":17}},"18":{"start":{"line":66,"column":37},"end":{"line":76,"column":6}},"19":{"start":{"line":78,"column":43},"end":{"line":85,"column":6}},"20":{"start":{"line":87,"column":19},"end":{"line":87,"column":75}},"21":{"start":{"line":88,"column":4},"end":{"line":88,"column":21}},"22":{"start":{"line":90,"column":4},"end":{"line":92,"column":7}},"23":{"start":{"line":93,"column":4},"end":{"line":93,"column":69}},"24":{"start":{"line":97,"column":0},"end":{"line":114,"column":3}},"25":{"start":{"line":98,"column":2},"end":{"line":113,"column":3}},"26":{"start":{"line":99,"column":25},"end":{"line":99,"column":34}},"27":{"start":{"line":101,"column":4},"end":{"line":103,"column":5}},"28":{"start":{"line":102,"column":6},"end":{"line":102,"column":86}},"29":{"start":{"line":105,"column":21},"end":{"line":105,"column":54}},"30":{"start":{"line":106,"column":22},"end":{"line":106,"column":72}},"31":{"start":{"line":107,"column":4},"end":{"line":107,"column":24}},"32":{"start":{"line":109,"column":4},"end":{"line":111,"column":7}},"33":{"start":{"line":112,"column":4},"end":{"line":112,"column":70}},"34":{"start":{"line":116,"column":0},"end":{"line":135,"column":3}},"35":{"start":{"line":117,"column":2},"end":{"line":134,"column":3}},"36":{"start":{"line":118,"column":28},"end":{"line":118,"column":37}},"37":{"start":{"line":120,"column":4},"end":{"line":122,"column":5}},"38":{"start":{"line":121,"column":6},"end":{"line":121,"column":79}},"39":{"start":{"line":124,"column":19},"end":{"line":126,"column":null}},"40":{"start":{"line":128,"column":4},"end":{"line":128,"column":21}},"41":{"start":{"line":130,"column":4},"end":{"line":132,"column":7}},"42":{"start":{"line":133,"column":4},"end":{"line":133,"column":78}},"43":{"start":{"line":137,"column":0},"end":{"line":153,"column":3}},"44":{"start":{"line":138,"column":2},"end":{"line":152,"column":3}},"45":{"start":{"line":139,"column":19},"end":{"line":139,"column":29}},"46":{"start":{"line":140,"column":21},"end":{"line":140,"column":70}},"47":{"start":{"line":142,"column":4},"end":{"line":144,"column":5}},"48":{"start":{"line":143,"column":6},"end":{"line":143,"column":75}},"49":{"start":{"line":146,"column":4},"end":{"line":146,"column":23}},"50":{"start":{"line":148,"column":4},"end":{"line":150,"column":7}},"51":{"start":{"line":151,"column":4},"end":{"line":151,"column":72}},"52":{"start":{"line":155,"column":0},"end":{"line":209,"column":3}},"53":{"start":{"line":156,"column":2},"end":{"line":208,"column":3}},"54":{"start":{"line":157,"column":19},"end":{"line":157,"column":31}},"55":{"start":{"line":159,"column":4},"end":{"line":161,"column":5}},"56":{"start":{"line":160,"column":6},"end":{"line":160,"column":74}},"57":{"start":{"line":163,"column":23},"end":{"line":163,"column":63}},"58":{"start":{"line":164,"column":4},"end":{"line":169,"column":5}},"59":{"start":{"line":165,"column":6},"end":{"line":168,"column":9}},"60":{"start":{"line":171,"column":89},"end":{"line":171,"column":104}},"61":{"start":{"line":173,"column":4},"end":{"line":177,"column":5}},"62":{"start":{"line":174,"column":6},"end":{"line":176,"column":9}},"63":{"start":{"line":179,"column":4},"end":{"line":184,"column":5}},"64":{"start":{"line":180,"column":23},"end":{"line":180,"column":72}},"65":{"start":{"line":181,"column":6},"end":{"line":183,"column":7}},"66":{"start":{"line":182,"column":8},"end":{"line":182,"column":83}},"67":{"start":{"line":186,"column":39},"end":{"line":196,"column":6}},"68":{"start":{"line":198,"column":21},"end":{"line":198,"column":72}},"69":{"start":{"line":200,"column":4},"end":{"line":200,"column":81}},"70":{"start":{"line":202,"column":4},"end":{"line":202,"column":35}},"71":{"start":{"line":204,"column":4},"end":{"line":206,"column":7}},"72":{"start":{"line":207,"column":4},"end":{"line":207,"column":70}},"73":{"start":{"line":211,"column":0},"end":{"line":272,"column":3}},"74":{"start":{"line":212,"column":2},"end":{"line":271,"column":3}},"75":{"start":{"line":213,"column":19},"end":{"line":213,"column":29}},"76":{"start":{"line":214,"column":19},"end":{"line":214,"column":31}},"77":{"start":{"line":216,"column":4},"end":{"line":218,"column":5}},"78":{"start":{"line":217,"column":6},"end":{"line":217,"column":74}},"79":{"start":{"line":220,"column":23},"end":{"line":220,"column":63}},"80":{"start":{"line":221,"column":4},"end":{"line":226,"column":5}},"81":{"start":{"line":222,"column":6},"end":{"line":225,"column":9}},"82":{"start":{"line":228,"column":89},"end":{"line":228,"column":104}},"83":{"start":{"line":229,"column":25},"end":{"line":229,"column":33}},"84":{"start":{"line":231,"column":4},"end":{"line":235,"column":5}},"85":{"start":{"line":232,"column":6},"end":{"line":234,"column":9}},"86":{"start":{"line":237,"column":4},"end":{"line":242,"column":5}},"87":{"start":{"line":238,"column":23},"end":{"line":238,"column":84}},"88":{"start":{"line":239,"column":6},"end":{"line":241,"column":7}},"89":{"start":{"line":240,"column":8},"end":{"line":240,"column":83}},"90":{"start":{"line":244,"column":39},"end":{"line":255,"column":6}},"91":{"start":{"line":257,"column":21},"end":{"line":257,"column":76}},"92":{"start":{"line":259,"column":4},"end":{"line":261,"column":5}},"93":{"start":{"line":260,"column":6},"end":{"line":260,"column":75}},"94":{"start":{"line":263,"column":4},"end":{"line":263,"column":81}},"95":{"start":{"line":265,"column":4},"end":{"line":265,"column":23}},"96":{"start":{"line":267,"column":4},"end":{"line":269,"column":7}},"97":{"start":{"line":270,"column":4},"end":{"line":270,"column":70}},"98":{"start":{"line":274,"column":0},"end":{"line":298,"column":3}},"99":{"start":{"line":275,"column":2},"end":{"line":297,"column":3}},"100":{"start":{"line":276,"column":19},"end":{"line":276,"column":29}},"101":{"start":{"line":277,"column":19},"end":{"line":277,"column":31}},"102":{"start":{"line":279,"column":4},"end":{"line":281,"column":5}},"103":{"start":{"line":280,"column":6},"end":{"line":280,"column":74}},"104":{"start":{"line":283,"column":21},"end":{"line":283,"column":73}},"105":{"start":{"line":285,"column":4},"end":{"line":287,"column":5}},"106":{"start":{"line":286,"column":6},"end":{"line":286,"column":75}},"107":{"start":{"line":289,"column":4},"end":{"line":289,"column":81}},"108":{"start":{"line":291,"column":4},"end":{"line":291,"column":23}},"109":{"start":{"line":293,"column":4},"end":{"line":295,"column":7}},"110":{"start":{"line":296,"column":4},"end":{"line":296,"column":70}},"111":{"start":{"line":300,"column":0},"end":{"line":300,"column":31}}},"fnMap":{"0":{"name":"(anonymous_10)","decl":{"start":{"line":39,"column":26},"end":{"line":39,"column":27}},"loc":{"start":{"line":39,"column":63},"end":{"line":44,"column":1}}},"1":{"name":"(anonymous_11)","decl":{"start":{"line":48,"column":44},"end":{"line":48,"column":49}},"loc":{"start":{"line":48,"column":82},"end":{"line":95,"column":1}}},"2":{"name":"(anonymous_12)","decl":{"start":{"line":97,"column":50},"end":{"line":97,"column":55}},"loc":{"start":{"line":97,"column":88},"end":{"line":114,"column":1}}},"3":{"name":"(anonymous_13)","decl":{"start":{"line":116,"column":59},"end":{"line":116,"column":64}},"loc":{"start":{"line":116,"column":97},"end":{"line":135,"column":1}}},"4":{"name":"(anonymous_14)","decl":{"start":{"line":137,"column":47},"end":{"line":137,"column":52}},"loc":{"start":{"line":137,"column":85},"end":{"line":153,"column":1}}},"5":{"name":"(anonymous_15)","decl":{"start":{"line":155,"column":45},"end":{"line":155,"column":50}},"loc":{"start":{"line":155,"column":83},"end":{"line":209,"column":1}}},"6":{"name":"(anonymous_16)","decl":{"start":{"line":211,"column":47},"end":{"line":211,"column":52}},"loc":{"start":{"line":211,"column":85},"end":{"line":272,"column":1}}},"7":{"name":"(anonymous_17)","decl":{"start":{"line":274,"column":50},"end":{"line":274,"column":55}},"loc":{"start":{"line":274,"column":88},"end":{"line":298,"column":1}}}},"branchMap":{"0":{"loc":{"start":{"line":40,"column":2},"end":{"line":40,"column":24}},"type":"if","locations":[{"start":{"line":40,"column":2},"end":{"line":40,"column":24}}]},"1":{"loc":{"start":{"line":43,"column":9},"end":{"line":43,"column":53}},"type":"binary-expr","locations":[{"start":{"line":43,"column":9},"end":{"line":43,"column":29}},{"start":{"line":43,"column":33},"end":{"line":43,"column":53}}]},"2":{"loc":{"start":{"line":60,"column":6},"end":{"line":60,"column":16}},"type":"default-arg","locations":[{"start":{"line":60,"column":13},"end":{"line":60,"column":16}}]},"3":{"loc":{"start":{"line":61,"column":6},"end":{"line":61,"column":18}},"type":"default-arg","locations":[{"start":{"line":61,"column":14},"end":{"line":61,"column":18}}]},"4":{"loc":{"start":{"line":62,"column":6},"end":{"line":62,"column":21}},"type":"default-arg","locations":[{"start":{"line":62,"column":15},"end":{"line":62,"column":21}}]},"5":{"loc":{"start":{"line":63,"column":6},"end":{"line":63,"column":23}},"type":"default-arg","locations":[{"start":{"line":63,"column":18},"end":{"line":63,"column":23}}]},"6":{"loc":{"start":{"line":67,"column":10},"end":{"line":67,"column":46}},"type":"binary-expr","locations":[{"start":{"line":67,"column":10},"end":{"line":67,"column":16}},{"start":{"line":67,"column":20},"end":{"line":67,"column":46}}]},"7":{"loc":{"start":{"line":68,"column":10},"end":{"line":68,"column":40}},"type":"binary-expr","locations":[{"start":{"line":68,"column":10},"end":{"line":68,"column":14}},{"start":{"line":68,"column":18},"end":{"line":68,"column":40}}]},"8":{"loc":{"start":{"line":69,"column":10},"end":{"line":69,"column":43}},"type":"binary-expr","locations":[{"start":{"line":69,"column":10},"end":{"line":69,"column":15}},{"start":{"line":69,"column":19},"end":{"line":69,"column":43}}]},"9":{"loc":{"start":{"line":70,"column":10},"end":{"line":70,"column":43}},"type":"binary-expr","locations":[{"start":{"line":70,"column":10},"end":{"line":70,"column":15}},{"start":{"line":70,"column":19},"end":{"line":70,"column":43}}]},"10":{"loc":{"start":{"line":71,"column":10},"end":{"line":71,"column":55}},"type":"binary-expr","locations":[{"start":{"line":71,"column":10},"end":{"line":71,"column":19}},{"start":{"line":71,"column":23},"end":{"line":71,"column":55}}]},"11":{"loc":{"start":{"line":72,"column":10},"end":{"line":72,"column":40}},"type":"binary-expr","locations":[{"start":{"line":72,"column":10},"end":{"line":72,"column":14}},{"start":{"line":72,"column":18},"end":{"line":72,"column":40}}]},"12":{"loc":{"start":{"line":73,"column":10},"end":{"line":73,"column":49}},"type":"binary-expr","locations":[{"start":{"line":73,"column":10},"end":{"line":73,"column":17}},{"start":{"line":73,"column":21},"end":{"line":73,"column":49}}]},"13":{"loc":{"start":{"line":74,"column":10},"end":{"line":74,"column":69}},"type":"binary-expr","locations":[{"start":{"line":74,"column":10},"end":{"line":74,"column":32}},{"start":{"line":74,"column":36},"end":{"line":74,"column":69}}]},"14":{"loc":{"start":{"line":75,"column":10},"end":{"line":75,"column":73}},"type":"binary-expr","locations":[{"start":{"line":75,"column":10},"end":{"line":75,"column":24}},{"start":{"line":75,"column":28},"end":{"line":75,"column":73}}]},"15":{"loc":{"start":{"line":79,"column":12},"end":{"line":79,"column":43}},"type":"binary-expr","locations":[{"start":{"line":79,"column":12},"end":{"line":79,"column":38}},{"start":{"line":79,"column":42},"end":{"line":79,"column":43}}]},"16":{"loc":{"start":{"line":80,"column":13},"end":{"line":80,"column":46}},"type":"binary-expr","locations":[{"start":{"line":80,"column":13},"end":{"line":80,"column":40}},{"start":{"line":80,"column":44},"end":{"line":80,"column":46}}]},"17":{"loc":{"start":{"line":81,"column":14},"end":{"line":83,"column":16}},"type":"cond-expr","locations":[{"start":{"line":82,"column":11},"end":{"line":82,"column":64}},{"start":{"line":83,"column":10},"end":{"line":83,"column":16}}]},"18":{"loc":{"start":{"line":84,"column":17},"end":{"line":84,"column":54}},"type":"cond-expr","locations":[{"start":{"line":84,"column":40},"end":{"line":84,"column":46}},{"start":{"line":84,"column":49},"end":{"line":84,"column":54}}]},"19":{"loc":{"start":{"line":90,"column":13},"end":{"line":90,"column":71}},"type":"cond-expr","locations":[{"start":{"line":90,"column":38},"end":{"line":90,"column":43}},{"start":{"line":90,"column":46},"end":{"line":90,"column":71}}]},"20":{"loc":{"start":{"line":101,"column":4},"end":{"line":103,"column":5}},"type":"if","locations":[{"start":{"line":101,"column":4},"end":{"line":103,"column":5}}]},"21":{"loc":{"start":{"line":101,"column":8},"end":{"line":101,"column":35}},"type":"binary-expr","locations":[{"start":{"line":101,"column":8},"end":{"line":101,"column":10}},{"start":{"line":101,"column":14},"end":{"line":101,"column":35}}]},"22":{"loc":{"start":{"line":105,"column":21},"end":{"line":105,"column":54}},"type":"binary-expr","locations":[{"start":{"line":105,"column":21},"end":{"line":105,"column":48}},{"start":{"line":105,"column":52},"end":{"line":105,"column":54}}]},"23":{"loc":{"start":{"line":109,"column":13},"end":{"line":109,"column":73}},"type":"cond-expr","locations":[{"start":{"line":109,"column":38},"end":{"line":109,"column":43}},{"start":{"line":109,"column":46},"end":{"line":109,"column":73}}]},"24":{"loc":{"start":{"line":120,"column":4},"end":{"line":122,"column":5}},"type":"if","locations":[{"start":{"line":120,"column":4},"end":{"line":122,"column":5}}]},"25":{"loc":{"start":{"line":120,"column":8},"end":{"line":120,"column":41}},"type":"binary-expr","locations":[{"start":{"line":120,"column":8},"end":{"line":120,"column":13}},{"start":{"line":120,"column":17},"end":{"line":120,"column":41}}]},"26":{"loc":{"start":{"line":126,"column":6},"end":{"line":126,"column":34}},"type":"cond-expr","locations":[{"start":{"line":126,"column":14},"end":{"line":126,"column":27}},{"start":{"line":126,"column":30},"end":{"line":126,"column":34}}]},"27":{"loc":{"start":{"line":130,"column":13},"end":{"line":130,"column":72}},"type":"cond-expr","locations":[{"start":{"line":130,"column":38},"end":{"line":130,"column":43}},{"start":{"line":130,"column":46},"end":{"line":130,"column":72}}]},"28":{"loc":{"start":{"line":142,"column":4},"end":{"line":144,"column":5}},"type":"if","locations":[{"start":{"line":142,"column":4},"end":{"line":144,"column":5}}]},"29":{"loc":{"start":{"line":148,"column":13},"end":{"line":148,"column":71}},"type":"cond-expr","locations":[{"start":{"line":148,"column":38},"end":{"line":148,"column":43}},{"start":{"line":148,"column":46},"end":{"line":148,"column":71}}]},"30":{"loc":{"start":{"line":159,"column":4},"end":{"line":161,"column":5}},"type":"if","locations":[{"start":{"line":159,"column":4},"end":{"line":161,"column":5}}]},"31":{"loc":{"start":{"line":164,"column":4},"end":{"line":169,"column":5}},"type":"if","locations":[{"start":{"line":164,"column":4},"end":{"line":169,"column":5}}]},"32":{"loc":{"start":{"line":173,"column":4},"end":{"line":177,"column":5}},"type":"if","locations":[{"start":{"line":173,"column":4},"end":{"line":177,"column":5}}]},"33":{"loc":{"start":{"line":173,"column":8},"end":{"line":173,"column":50}},"type":"binary-expr","locations":[{"start":{"line":173,"column":8},"end":{"line":173,"column":17}},{"start":{"line":173,"column":21},"end":{"line":173,"column":50}}]},"34":{"loc":{"start":{"line":179,"column":4},"end":{"line":184,"column":5}},"type":"if","locations":[{"start":{"line":179,"column":4},"end":{"line":184,"column":5}}]},"35":{"loc":{"start":{"line":181,"column":6},"end":{"line":183,"column":7}},"type":"if","locations":[{"start":{"line":181,"column":6},"end":{"line":183,"column":7}}]},"36":{"loc":{"start":{"line":188,"column":13},"end":{"line":188,"column":34}},"type":"binary-expr","locations":[{"start":{"line":188,"column":13},"end":{"line":188,"column":26}},{"start":{"line":188,"column":30},"end":{"line":188,"column":34}}]},"37":{"loc":{"start":{"line":189,"column":13},"end":{"line":189,"column":34}},"type":"binary-expr","locations":[{"start":{"line":189,"column":13},"end":{"line":189,"column":26}},{"start":{"line":189,"column":30},"end":{"line":189,"column":34}}]},"38":{"loc":{"start":{"line":190,"column":17},"end":{"line":190,"column":42}},"type":"binary-expr","locations":[{"start":{"line":190,"column":17},"end":{"line":190,"column":34}},{"start":{"line":190,"column":38},"end":{"line":190,"column":42}}]},"39":{"loc":{"start":{"line":191,"column":15},"end":{"line":191,"column":38}},"type":"binary-expr","locations":[{"start":{"line":191,"column":15},"end":{"line":191,"column":30}},{"start":{"line":191,"column":34},"end":{"line":191,"column":38}}]},"40":{"loc":{"start":{"line":192,"column":12},"end":{"line":192,"column":32}},"type":"binary-expr","locations":[{"start":{"line":192,"column":12},"end":{"line":192,"column":24}},{"start":{"line":192,"column":28},"end":{"line":192,"column":32}}]},"41":{"loc":{"start":{"line":193,"column":18},"end":{"line":193,"column":44}},"type":"binary-expr","locations":[{"start":{"line":193,"column":18},"end":{"line":193,"column":36}},{"start":{"line":193,"column":40},"end":{"line":193,"column":44}}]},"42":{"loc":{"start":{"line":194,"column":15},"end":{"line":194,"column":38}},"type":"binary-expr","locations":[{"start":{"line":194,"column":15},"end":{"line":194,"column":30}},{"start":{"line":194,"column":34},"end":{"line":194,"column":38}}]},"43":{"loc":{"start":{"line":195,"column":13},"end":{"line":195,"column":34}},"type":"binary-expr","locations":[{"start":{"line":195,"column":13},"end":{"line":195,"column":26}},{"start":{"line":195,"column":30},"end":{"line":195,"column":34}}]},"44":{"loc":{"start":{"line":204,"column":13},"end":{"line":204,"column":71}},"type":"cond-expr","locations":[{"start":{"line":204,"column":38},"end":{"line":204,"column":43}},{"start":{"line":204,"column":46},"end":{"line":204,"column":71}}]},"45":{"loc":{"start":{"line":216,"column":4},"end":{"line":218,"column":5}},"type":"if","locations":[{"start":{"line":216,"column":4},"end":{"line":218,"column":5}}]},"46":{"loc":{"start":{"line":221,"column":4},"end":{"line":226,"column":5}},"type":"if","locations":[{"start":{"line":221,"column":4},"end":{"line":226,"column":5}}]},"47":{"loc":{"start":{"line":231,"column":4},"end":{"line":235,"column":5}},"type":"if","locations":[{"start":{"line":231,"column":4},"end":{"line":235,"column":5}}]},"48":{"loc":{"start":{"line":231,"column":8},"end":{"line":231,"column":50}},"type":"binary-expr","locations":[{"start":{"line":231,"column":8},"end":{"line":231,"column":17}},{"start":{"line":231,"column":21},"end":{"line":231,"column":50}}]},"49":{"loc":{"start":{"line":237,"column":4},"end":{"line":242,"column":5}},"type":"if","locations":[{"start":{"line":237,"column":4},"end":{"line":242,"column":5}}]},"50":{"loc":{"start":{"line":237,"column":8},"end":{"line":237,"column":45}},"type":"binary-expr","locations":[{"start":{"line":237,"column":8},"end":{"line":237,"column":27}},{"start":{"line":237,"column":31},"end":{"line":237,"column":45}}]},"51":{"loc":{"start":{"line":239,"column":6},"end":{"line":241,"column":7}},"type":"if","locations":[{"start":{"line":239,"column":6},"end":{"line":241,"column":7}}]},"52":{"loc":{"start":{"line":245,"column":10},"end":{"line":245,"column":53}},"type":"binary-expr","locations":[{"start":{"line":245,"column":10},"end":{"line":245,"column":28}},{"start":{"line":245,"column":32},"end":{"line":245,"column":53}}]},"53":{"loc":{"start":{"line":246,"column":10},"end":{"line":246,"column":65}},"type":"binary-expr","locations":[{"start":{"line":246,"column":10},"end":{"line":246,"column":29}},{"start":{"line":246,"column":33},"end":{"line":246,"column":65}}]},"54":{"loc":{"start":{"line":246,"column":42},"end":{"line":246,"column":63}},"type":"binary-expr","locations":[{"start":{"line":246,"column":42},"end":{"line":246,"column":55}},{"start":{"line":246,"column":59},"end":{"line":246,"column":63}}]},"55":{"loc":{"start":{"line":247,"column":10},"end":{"line":247,"column":65}},"type":"binary-expr","locations":[{"start":{"line":247,"column":10},"end":{"line":247,"column":29}},{"start":{"line":247,"column":33},"end":{"line":247,"column":65}}]},"56":{"loc":{"start":{"line":247,"column":42},"end":{"line":247,"column":63}},"type":"binary-expr","locations":[{"start":{"line":247,"column":42},"end":{"line":247,"column":55}},{"start":{"line":247,"column":59},"end":{"line":247,"column":63}}]},"57":{"loc":{"start":{"line":248,"column":10},"end":{"line":248,"column":77}},"type":"binary-expr","locations":[{"start":{"line":248,"column":10},"end":{"line":248,"column":33}},{"start":{"line":248,"column":37},"end":{"line":248,"column":77}}]},"58":{"loc":{"start":{"line":248,"column":50},"end":{"line":248,"column":75}},"type":"binary-expr","locations":[{"start":{"line":248,"column":50},"end":{"line":248,"column":67}},{"start":{"line":248,"column":71},"end":{"line":248,"column":75}}]},"59":{"loc":{"start":{"line":249,"column":10},"end":{"line":249,"column":71}},"type":"binary-expr","locations":[{"start":{"line":249,"column":10},"end":{"line":249,"column":31}},{"start":{"line":249,"column":35},"end":{"line":249,"column":71}}]},"60":{"loc":{"start":{"line":249,"column":46},"end":{"line":249,"column":69}},"type":"binary-expr","locations":[{"start":{"line":249,"column":46},"end":{"line":249,"column":61}},{"start":{"line":249,"column":65},"end":{"line":249,"column":69}}]},"61":{"loc":{"start":{"line":250,"column":10},"end":{"line":250,"column":62}},"type":"binary-expr","locations":[{"start":{"line":250,"column":10},"end":{"line":250,"column":28}},{"start":{"line":250,"column":32},"end":{"line":250,"column":62}}]},"62":{"loc":{"start":{"line":250,"column":40},"end":{"line":250,"column":60}},"type":"binary-expr","locations":[{"start":{"line":250,"column":40},"end":{"line":250,"column":52}},{"start":{"line":250,"column":56},"end":{"line":250,"column":60}}]},"63":{"loc":{"start":{"line":251,"column":10},"end":{"line":251,"column":80}},"type":"binary-expr","locations":[{"start":{"line":251,"column":10},"end":{"line":251,"column":34}},{"start":{"line":251,"column":38},"end":{"line":251,"column":80}}]},"64":{"loc":{"start":{"line":251,"column":52},"end":{"line":251,"column":78}},"type":"binary-expr","locations":[{"start":{"line":251,"column":52},"end":{"line":251,"column":70}},{"start":{"line":251,"column":74},"end":{"line":251,"column":78}}]},"65":{"loc":{"start":{"line":252,"column":10},"end":{"line":252,"column":71}},"type":"binary-expr","locations":[{"start":{"line":252,"column":10},"end":{"line":252,"column":31}},{"start":{"line":252,"column":35},"end":{"line":252,"column":71}}]},"66":{"loc":{"start":{"line":252,"column":46},"end":{"line":252,"column":69}},"type":"binary-expr","locations":[{"start":{"line":252,"column":46},"end":{"line":252,"column":61}},{"start":{"line":252,"column":65},"end":{"line":252,"column":69}}]},"67":{"loc":{"start":{"line":253,"column":10},"end":{"line":253,"column":65}},"type":"binary-expr","locations":[{"start":{"line":253,"column":10},"end":{"line":253,"column":29}},{"start":{"line":253,"column":33},"end":{"line":253,"column":65}}]},"68":{"loc":{"start":{"line":253,"column":42},"end":{"line":253,"column":63}},"type":"binary-expr","locations":[{"start":{"line":253,"column":42},"end":{"line":253,"column":55}},{"start":{"line":253,"column":59},"end":{"line":253,"column":63}}]},"69":{"loc":{"start":{"line":254,"column":10},"end":{"line":254,"column":48}},"type":"binary-expr","locations":[{"start":{"line":254,"column":10},"end":{"line":254,"column":32}},{"start":{"line":254,"column":36},"end":{"line":254,"column":48}}]},"70":{"loc":{"start":{"line":259,"column":4},"end":{"line":261,"column":5}},"type":"if","locations":[{"start":{"line":259,"column":4},"end":{"line":261,"column":5}}]},"71":{"loc":{"start":{"line":267,"column":13},"end":{"line":267,"column":71}},"type":"cond-expr","locations":[{"start":{"line":267,"column":38},"end":{"line":267,"column":43}},{"start":{"line":267,"column":46},"end":{"line":267,"column":71}}]},"72":{"loc":{"start":{"line":279,"column":4},"end":{"line":281,"column":5}},"type":"if","locations":[{"start":{"line":279,"column":4},"end":{"line":281,"column":5}}]},"73":{"loc":{"start":{"line":285,"column":4},"end":{"line":287,"column":5}},"type":"if","locations":[{"start":{"line":285,"column":4},"end":{"line":287,"column":5}}]},"74":{"loc":{"start":{"line":293,"column":13},"end":{"line":293,"column":71}},"type":"cond-expr","locations":[{"start":{"line":293,"column":38},"end":{"line":293,"column":43}},{"start":{"line":293,"column":46},"end":{"line":293,"column":71}}]}},"s":{"0":0,"1":0,"2":0,"3":0,"4":0,"5":0,"6":0,"7":0,"8":0,"9":0,"10":0,"11":0,"12":0,"13":0,"14":0,"15":0,"16":0,"17":0,"18":0,"19":0,"20":0,"21":0,"22":0,"23":0,"24":0,"25":0,"26":0,"27":0,"28":0,"29":0,"30":0,"31":0,"32":0,"33":0,"34":0,"35":0,"36":0,"37":0,"38":0,"39":0,"40":0,"41":0,"42":0,"43":0,"44":0,"45":0,"46":0,"47":0,"48":0,"49":0,"50":0,"51":0,"52":0,"53":0,"54":0,"55":0,"56":0,"57":0,"58":0,"59":0,"60":0,"61":0,"62":0,"63":0,"64":0,"65":0,"66":0,"67":0,"68":0,"69":0,"70":0,"71":0,"72":0,"73":0,"74":0,"75":0,"76":0,"77":0,"78":0,"79":0,"80":0,"81":0,"82":0,"83":0,"84":0,"85":0,"86":0,"87":0,"88":0,"89":0,"90":0,"91":0,"92":0,"93":0,"94":0,"95":0,"96":0,"97":0,"98":0,"99":0,"100":0,"101":0,"102":0,"103":0,"104":0,"105":0,"106":0,"107":0,"108":0,"109":0,"110":0,"111":0},"f":{"0":0,"1":0,"2":0,"3":0,"4":0,"5":0,"6":0,"7":0},"b":{"0":[0],"1":[0,0],"2":[0],"3":[0],"4":[0],"5":[0],"6":[0,0],"7":[0,0],"8":[0,0],"9":[0,0],"10":[0,0],"11":[0,0],"12":[0,0],"13":[0,0],"14":[0,0],"15":[0,0],"16":[0,0],"17":[0,0],"18":[0,0],"19":[0,0],"20":[0],"21":[0,0],"22":[0,0],"23":[0,0],"24":[0],"25":[0,0],"26":[0,0],"27":[0,0],"28":[0],"29":[0,0],"30":[0],"31":[0],"32":[0],"33":[0,0],"34":[0],"35":[0],"36":[0,0],"37":[0,0],"38":[0,0],"39":[0,0],"40":[0,0],"41":[0,0],"42":[0,0],"43":[0,0],"44":[0,0],"45":[0],"46":[0],"47":[0],"48":[0,0],"49":[0],"50":[0,0],"51":[0],"52":[0,0],"53":[0,0],"54":[0,0],"55":[0,0],"56":[0,0],"57":[0,0],"58":[0,0],"59":[0,0],"60":[0,0],"61":[0,0],"62":[0,0],"63":[0,0],"64":[0,0],"65":[0,0],"66":[0,0],"67":[0,0],"68":[0,0],"69":[0,0],"70":[0],"71":[0,0],"72":[0],"73":[0],"74":[0,0]}}
,"/home/pippo/tev2/backend/src/handlers/dailyClosings.ts": {"path":"/home/pippo/tev2/backend/src/handlers/dailyClosings.ts","statementMap":{"0":{"start":{"line":1,"column":0},"end":{"line":1,"column":53}},"1":{"start":{"line":2,"column":0},"end":{"line":2,"column":35}},"2":{"start":{"line":4,"column":0},"end":{"line":4,"column":99}},"3":{"start":{"line":5,"column":0},"end":{"line":5,"column":43}},"4":{"start":{"line":7,"column":0},"end":{"line":7,"column":55}},"5":{"start":{"line":8,"column":0},"end":{"line":8,"column":59}},"6":{"start":{"line":9,"column":0},"end":{"line":9,"column":27}},"7":{"start":{"line":11,"column":13},"end":{"line":11,"column":52}},"8":{"start":{"line":14,"column":0},"end":{"line":70,"column":3}},"9":{"start":{"line":15,"column":2},"end":{"line":69,"column":3}},"10":{"start":{"line":16,"column":41},"end":{"line":16,"column":50}},"11":{"start":{"line":19,"column":24},"end":{"line":19,"column":26}},"12":{"start":{"line":20,"column":4},"end":{"line":22,"column":5}},"13":{"start":{"line":21,"column":6},"end":{"line":21,"column":37}},"14":{"start":{"line":23,"column":4},"end":{"line":31,"column":5}},"15":{"start":{"line":24,"column":6},"end":{"line":24,"column":27}},"16":{"start":{"line":25,"column":6},"end":{"line":27,"column":7}},"17":{"start":{"line":26,"column":8},"end":{"line":26,"column":59}},"18":{"start":{"line":28,"column":6},"end":{"line":30,"column":7}},"19":{"start":{"line":29,"column":8},"end":{"line":29,"column":57}},"20":{"start":{"line":34,"column":26},"end":{"line":40,"column":6}},"21":{"start":{"line":43,"column":35},"end":{"line":61,"column":7}},"22":{"start":{"line":45,"column":19},"end":{"line":51,"column":8}},"23":{"start":{"line":53,"column":6},"end":{"line":60,"column":8}},"24":{"start":{"line":63,"column":4},"end":{"line":63,"column":21}},"25":{"start":{"line":65,"column":4},"end":{"line":67,"column":7}},"26":{"start":{"line":68,"column":4},"end":{"line":68,"column":80}},"27":{"start":{"line":73,"column":0},"end":{"line":111,"column":3}},"28":{"start":{"line":74,"column":2},"end":{"line":110,"column":3}},"29":{"start":{"line":75,"column":19},"end":{"line":75,"column":29}},"30":{"start":{"line":77,"column":25},"end":{"line":79,"column":6}},"31":{"start":{"line":81,"column":4},"end":{"line":84,"column":5}},"32":{"start":{"line":82,"column":6},"end":{"line":82,"column":79}},"33":{"start":{"line":83,"column":6},"end":{"line":83,"column":13}},"34":{"start":{"line":87,"column":17},"end":{"line":93,"column":6}},"35":{"start":{"line":95,"column":33},"end":{"line":102,"column":6}},"36":{"start":{"line":104,"column":4},"end":{"line":104,"column":21}},"37":{"start":{"line":106,"column":4},"end":{"line":108,"column":7}},"38":{"start":{"line":109,"column":4},"end":{"line":109,"column":83}},"39":{"start":{"line":114,"column":0},"end":{"line":203,"column":3}},"40":{"start":{"line":115,"column":2},"end":{"line":202,"column":3}},"41":{"start":{"line":116,"column":33},"end":{"line":116,"column":41}},"42":{"start":{"line":119,"column":4},"end":{"line":122,"column":5}},"43":{"start":{"line":120,"column":6},"end":{"line":120,"column":92}},"44":{"start":{"line":121,"column":6},"end":{"line":121,"column":13}},"45":{"start":{"line":125,"column":21},"end":{"line":125,"column":54}},"46":{"start":{"line":126,"column":4},"end":{"line":129,"column":5}},"47":{"start":{"line":127,"column":6},"end":{"line":127,"column":74}},"48":{"start":{"line":128,"column":6},"end":{"line":128,"column":13}},"49":{"start":{"line":132,"column":24},"end":{"line":140,"column":6}},"50":{"start":{"line":143,"column":16},"end":{"line":143,"column":34}},"51":{"start":{"line":144,"column":29},"end":{"line":144,"column":89}},"52":{"start":{"line":145,"column":26},"end":{"line":145,"column":106}},"53":{"start":{"line":148,"column":4},"end":{"line":156,"column":5}},"54":{"start":{"line":150,"column":6},"end":{"line":150,"column":39}},"55":{"start":{"line":153,"column":32},"end":{"line":153,"column":55}},"56":{"start":{"line":154,"column":6},"end":{"line":154,"column":65}},"57":{"start":{"line":155,"column":6},"end":{"line":155,"column":43}},"58":{"start":{"line":159,"column":4},"end":{"line":165,"column":5}},"59":{"start":{"line":160,"column":34},"end":{"line":160,"column":83}},"60":{"start":{"line":162,"column":6},"end":{"line":164,"column":7}},"61":{"start":{"line":163,"column":8},"end":{"line":163,"column":47}},"62":{"start":{"line":168,"column":20},"end":{"line":168,"column":92}},"63":{"start":{"line":170,"column":25},"end":{"line":176,"column":6}},"64":{"start":{"line":179,"column":17},"end":{"line":185,"column":6}},"65":{"start":{"line":187,"column":33},"end":{"line":194,"column":6}},"66":{"start":{"line":196,"column":4},"end":{"line":196,"column":33}},"67":{"start":{"line":198,"column":4},"end":{"line":200,"column":7}},"68":{"start":{"line":201,"column":4},"end":{"line":201,"column":81}},"69":{"start":{"line":205,"column":0},"end":{"line":205,"column":35}}},"fnMap":{"0":{"name":"(anonymous_1)","decl":{"start":{"line":14,"column":48},"end":{"line":14,"column":53}},"loc":{"start":{"line":14,"column":86},"end":{"line":70,"column":1}}},"1":{"name":"(anonymous_2)","decl":{"start":{"line":43,"column":71},"end":{"line":43,"column":76}},"loc":{"start":{"line":43,"column":94},"end":{"line":61,"column":5}}},"2":{"name":"(anonymous_3)","decl":{"start":{"line":73,"column":51},"end":{"line":73,"column":56}},"loc":{"start":{"line":73,"column":89},"end":{"line":111,"column":1}}},"3":{"name":"(anonymous_4)","decl":{"start":{"line":114,"column":63},"end":{"line":114,"column":68}},"loc":{"start":{"line":114,"column":101},"end":{"line":203,"column":1}}}},"branchMap":{"0":{"loc":{"start":{"line":20,"column":4},"end":{"line":22,"column":5}},"type":"if","locations":[{"start":{"line":20,"column":4},"end":{"line":22,"column":5}}]},"1":{"loc":{"start":{"line":23,"column":4},"end":{"line":31,"column":5}},"type":"if","locations":[{"start":{"line":23,"column":4},"end":{"line":31,"column":5}}]},"2":{"loc":{"start":{"line":23,"column":8},"end":{"line":23,"column":26}},"type":"binary-expr","locations":[{"start":{"line":23,"column":8},"end":{"line":23,"column":16}},{"start":{"line":23,"column":20},"end":{"line":23,"column":26}}]},"3":{"loc":{"start":{"line":25,"column":6},"end":{"line":27,"column":7}},"type":"if","locations":[{"start":{"line":25,"column":6},"end":{"line":27,"column":7}}]},"4":{"loc":{"start":{"line":28,"column":6},"end":{"line":30,"column":7}},"type":"if","locations":[{"start":{"line":28,"column":6},"end":{"line":30,"column":7}}]},"5":{"loc":{"start":{"line":59,"column":18},"end":{"line":59,"column":60}},"type":"binary-expr","locations":[{"start":{"line":59,"column":18},"end":{"line":59,"column":28}},{"start":{"line":59,"column":32},"end":{"line":59,"column":60}}]},"6":{"loc":{"start":{"line":65,"column":13},"end":{"line":65,"column":77}},"type":"cond-expr","locations":[{"start":{"line":65,"column":38},"end":{"line":65,"column":43}},{"start":{"line":65,"column":46},"end":{"line":65,"column":77}}]},"7":{"loc":{"start":{"line":81,"column":4},"end":{"line":84,"column":5}},"type":"if","locations":[{"start":{"line":81,"column":4},"end":{"line":84,"column":5}}]},"8":{"loc":{"start":{"line":101,"column":16},"end":{"line":101,"column":58}},"type":"binary-expr","locations":[{"start":{"line":101,"column":16},"end":{"line":101,"column":26}},{"start":{"line":101,"column":30},"end":{"line":101,"column":58}}]},"9":{"loc":{"start":{"line":106,"column":13},"end":{"line":106,"column":76}},"type":"cond-expr","locations":[{"start":{"line":106,"column":38},"end":{"line":106,"column":43}},{"start":{"line":106,"column":46},"end":{"line":106,"column":76}}]},"10":{"loc":{"start":{"line":119,"column":4},"end":{"line":122,"column":5}},"type":"if","locations":[{"start":{"line":119,"column":4},"end":{"line":122,"column":5}}]},"11":{"loc":{"start":{"line":119,"column":8},"end":{"line":119,"column":28}},"type":"binary-expr","locations":[{"start":{"line":
[...]
mn":2},"end":{"line":231,"column":3}}]},"58":{"loc":{"start":{"line":229,"column":6},"end":{"line":229,"column":47}},"type":"binary-expr","locations":[{"start":{"line":229,"column":6},"end":{"line":229,"column":15}},{"start":{"line":229,"column":19},"end":{"line":229,"column":47}}]},"59":{"loc":{"start":{"line":233,"column":2},"end":{"line":235,"column":3}},"type":"if","locations":[{"start":{"line":233,"column":2},"end":{"line":235,"column":3}}]},"60":{"loc":{"start":{"line":237,"column":2},"end":{"line":239,"column":3}},"type":"if","locations":[{"start":{"line":237,"column":2},"end":{"line":239,"column":3}}]},"61":{"loc":{"start":{"line":245,"column":20},"end":{"line":245,"column":71}},"type":"binary-expr","locations":[{"start":{"line":245,"column":20},"end":{"line":245,"column":21}},{"start":{"line":245,"column":26},"end":{"line":245,"column":70}}]},"62":{"loc":{"start":{"line":245,"column":43},"end":{"line":245,"column":70}},"type":"binary-expr","locations":[{"start":{"line":245,"column":43},"end":{"line":245,"column":63}},{"start":{"line":245,"column":67},"end":{"line":245,"column":70}}]},"63":{"loc":{"start":{"line":247,"column":2},"end":{"line":249,"column":3}},"type":"if","locations":[{"start":{"line":247,"column":2},"end":{"line":249,"column":3}}]},"64":{"loc":{"start":{"line":247,"column":6},"end":{"line":247,"column":49}},"type":"binary-expr","locations":[{"start":{"line":247,"column":6},"end":{"line":247,"column":16}},{"start":{"line":247,"column":20},"end":{"line":247,"column":49}}]},"65":{"loc":{"start":{"line":251,"column":2},"end":{"line":253,"column":3}},"type":"if","locations":[{"start":{"line":251,"column":2},"end":{"line":253,"column":3}}]},"66":{"loc":{"start":{"line":255,"column":2},"end":{"line":257,"column":3}},"type":"if","locations":[{"start":{"line":255,"column":2},"end":{"line":257,"column":3}}]},"67":{"loc":{"start":{"line":259,"column":2},"end":{"line":261,"column":3}},"type":"if","locations":[{"start":{"line":259,"column":2},"end":{"line":261,"column":3}}]},"68":{"loc":{"start":{"line":259,"column":6},"end":{"line":259,"column":65}},"type":"binary-expr","locations":[{"start":{"line":259,"column":6},"end":{"line":259,"column":41}},{"start":{"line":259,"column":45},"end":{"line":259,"column":65}}]},"69":{"loc":{"start":{"line":270,"column":2},"end":{"line":272,"column":3}},"type":"if","locations":[{"start":{"line":270,"column":2},"end":{"line":272,"column":3}}]},"70":{"loc":{"start":{"line":275,"column":2},"end":{"line":277,"column":3}},"type":"if","locations":[{"start":{"line":275,"column":2},"end":{"line":277,"column":3}}]},"71":{"loc":{"start":{"line":280,"column":2},"end":{"line":282,"column":3}},"type":"if","locations":[{"start":{"line":280,"column":2},"end":{"line":282,"column":3}}]},"72":{"loc":{"start":{"line":284,"column":2},"end":{"line":292,"column":3}},"type":"if","locations":[{"start":{"line":284,"column":2},"end":{"line":292,"column":3}}]},"73":{"loc":{"start":{"line":284,"column":6},"end":{"line":284,"column":75}},"type":"binary-expr","locations":[{"start":{"line":284,"column":6},"end":{"line":284,"column":31}},{"start":{"line":284,"column":35},"end":{"line":284,"column":75}}]},"74":{"loc":{"start":{"line":288,"column":6},"end":{"line":290,"column":7}},"type":"if","locations":[{"start":{"line":288,"column":6},"end":{"line":290,"column":7}}]},"75":{"loc":{"start":{"line":316,"column":47},"end":{"line":316,"column":75}},"type":"default-arg","locations":[{"start":{"line":316,"column":73},"end":{"line":316,"column":75}}]},"76":{"loc":{"start":{"line":317,"column":20},"end":{"line":317,"column":71}},"type":"binary-expr","locations":[{"start":{"line":317,"column":20},"end":{"line":317,"column":21}},{"start":{"line":317,"column":26},"end":{"line":317,"column":70}}]},"77":{"loc":{"start":{"line":317,"column":43},"end":{"line":317,"column":70}},"type":"binary-expr","locations":[{"start":{"line":317,"column":43},"end":{"line":317,"column":63}},{"start":{"line":317,"column":67},"end":{"line":317,"column":70}}]},"78":{"loc":{"start":{"line":319,"column":2},"end":{"line":321,"column":3}},"type":"if","locations":[{"start":{"line":319,"column":2},"end":{"line":321,"column":3}}]},"79":{"loc":{"start":{"line":319,"column":6},"end":{"line":319,"column":39}},"type":"binary-expr","locations":[{"start":{"line":319,"column":6},"end":{"line":319,"column":11}},{"start":{"line":319,"column":15},"end":{"line":319,"column":39}}]},"80":{"loc":{"start":{"line":323,"column":2},"end":{"line":325,"column":3}},"type":"if","locations":[{"start":{"line":323,"column":2},"end":{"line":325,"column":3}}]},"81":{"loc":{"start":{"line":327,"column":2},"end":{"line":329,"column":3}},"type":"if","locations":[{"start":{"line":327,"column":2},"end":{"line":329,"column":3}}]},"82":{"loc":{"start":{"line":331,"column":2},"end":{"line":333,"column":3}},"type":"if","locations":[{"start":{"line":331,"column":2},"end":{"line":333,"column":3}}]},"83":{"loc":{"start":{"line":331,"column":30},"end":{"line":331,"column":89}},"type":"binary-expr","locations":[{"start":{"line":331,"column":30},"end":{"line":331,"column":75}},{"start":{"line":331,"column":79},"end":{"line":331,"column":89}}]},"84":{"loc":{"start":{"line":336,"column":2},"end":{"line":338,"column":3}},"type":"if","locations":[{"start":{"line":336,"column":2},"end":{"line":338,"column":3}}]},"85":{"loc":{"start":{"line":344,"column":20},"end":{"line":344,"column":71}},"type":"binary-expr","locations":[{"start":{"line":344,"column":20},"end":{"line":344,"column":21}},{"start":{"line":344,"column":26},"end":{"line":344,"column":70}}]},"86":{"loc":{"start":{"line":344,"column":43},"end":{"line":344,"column":70}},"type":"binary-expr","locations":[{"start":{"line":344,"column":43},"end":{"line":344,"column":63}},{"start":{"line":344,"column":67},"end":{"line":344,"column":70}}]},"87":{"loc":{"start":{"line":346,"column":2},"end":{"line":348,"column":3}},"type":"if","locations":[{"start":{"line":346,"column":2},"end":{"line":348,"column":3}}]},"88":{"loc":{"start":{"line":346,"column":6},"end":{"line":346,"column":45}},"type":"binary-expr","locations":[{"start":{"line":346,"column":6},"end":{"line":346,"column":17}},{"start":{"line":346,"column":21},"end":{"line":346,"column":45}}]},"89":{"loc":{"start":{"line":353,"column":40},"end":{"line":353,"column":60}},"type":"default-arg","locations":[{"start":{"line":353,"column":58},"end":{"line":353,"column":60}}]},"90":{"loc":{"start":{"line":357,"column":2},"end":{"line":359,"column":3}},"type":"if","locations":[{"start":{"line":357,"column":2},"end":{"line":359,"column":3}}]},"91":{"loc":{"start":{"line":361,"column":51},"end":{"line":361,"column":73}},"type":"binary-expr","locations":[{"start":{"line":361,"column":51},"end":{"line":361,"column":67}},{"start":{"line":361,"column":71},"end":{"line":361,"column":73}}]},"92":{"loc":{"start":{"line":362,"column":2},"end":{"line":364,"column":3}},"type":"if","locations":[{"start":{"line":362,"column":2},"end":{"line":364,"column":3}}]},"93":{"loc":{"start":{"line":374,"column":2},"end":{"line":376,"column":3}},"type":"if","locations":[{"start":{"line":374,"column":2},"end":{"line":376,"column":3}}]},"94":{"loc":{"start":{"line":374,"column":6},"end":{"line":374,"column":41}},"type":"binary-expr","locations":[{"start":{"line":374,"column":6},"end":{"line":374,"column":12}},{"start":{"line":374,"column":16},"end":{"line":374,"column":41}}]},"95":{"loc":{"start":{"line":381,"column":2},"end":{"line":383,"column":3}},"type":"if","locations":[{"start":{"line":381,"column":2},"end":{"line":383,"column":3}}]},"96":{"loc":{"start":{"line":381,"column":6},"end":{"line":381,"column":62}},"type":"binary-expr","locations":[{"start":{"line":381,"column":6},"end":{"line":381,"column":32}},{"start":{"line":381,"column":36},"end":{"line":381,"column":62}}]},"97":{"loc":{"start":{"line":386,"column":2},"end":{"line":401,"column":3}},"type":"if","locations":[{"start":{"line":386,"column":2},"end":{"line":401,"column":3}}]},"98":{"loc":{"start":{"line":393,"column":4},"end":{"line":395,"column":5}},"type":"if","locations":[{"start":{"line":393,"column":4},"end":{"line":395,"column":5}}]},"99":{"loc":{"start":{"line":393,"column":8},"end":{"line":393,"column":94}},"type":"binary-expr","locations":[{"start":{"line":393,"column":8},"end":{"line":393,"column":35}},{"start":{"line":393,"column":39},"end":{"line":393,"column":68}},{"start":{"line":393,"column":72},"end":{"line":393,"column":94}}]},"100":{"loc":{"start":{"line":398,"column":4},"end":{"line":400,"column":5}},"type":"if","locations":[{"start":{"line":398,"column":4},"end":{"line":400,"column":5}}]},"101":{"loc":{"start":{"line":398,"column":8},"end":{"line":398,"column":62}},"type":"binary-expr","locations":[{"start":{"line":398,"column":8},"end":{"line":398,"column":17}},{"start":{"line":398,"column":21},"end":{"line":398,"column":31}},{"start":{"line":398,"column":35},"end":{"line":398,"column":46}},{"start":{"line":398,"column":50},"end":{"line":398,"column":62}}]},"102":{"loc":{"start":{"line":408,"column":2},"end":{"line":410,"column":3}},"type":"if","locations":[{"start":{"line":408,"column":2},"end":{"line":410,"column":3}}]},"103":{"loc":{"start":{"line":408,"column":6},"end":{"line":408,"column":41}},"type":"binary-expr","locations":[{"start":{"line":408,"column":6},"end":{"line":408,"column":12}},{"start":{"line":408,"column":16},"end":{"line":408,"column":41}}]},"104":{"loc":{"start":{"line":413,"column":2},"end":{"line":415,"column":3}},"type":"if","locations":[{"start":{"line":413,"column":2},"end":{"line":415,"column":3}}]},"105":{"loc":{"start":{"line":420,"column":2},"end":{"line":422,"column":3}},"type":"if","locations":[{"start":{"line":420,"column":2},"end":{"line":422,"column":3}}]},"106":{"loc":{"start":{"line":420,"column":6},"end":{"line":420,"column":60}},"type":"binary-expr","locations":[{"start":{"line":420,"column":6},"end":{"line":420,"column":15}},{"start":{"line":420,"column":19},"end":{"line":420,"column":29}},{"start":{"line":420,"column":33},"end":{"line":420,"column":44}},{"start":{"line":420,"column":48},"end":{"line":420,"column":60}}]},"107":{"loc":{"start":{"line":431,"column":2},"end":{"line":436,"column":3}},"type":"if","locations":[{"start":{"line":431,"column":2},"end":{"line":436,"column":3}}]},"108":{"loc":{"start":{"line":433,"column":4},"end":{"line":435,"column":5}},"type":"if","locations":[{"start":{"line":433,"column":4},"end":{"line":435,"column":5}}]},"109":{"loc":{"start":{"line":438,"column":2},"end":{"line":443,"column":3}},"type":"if","locations":[{"start":{"line":438,"column":2},"end":{"line":443,"column":3}}]},"110":{"loc":{"start":{"line":440,"column":4},"end":{"line":442,"column":5}},"type":"if","locations":[{"start":{"line":440,"column":4},"end":{"line":442,"column":5}}]},"111":{"loc":{"start":{"line":446,"column":2},"end":{"line":450,"column":3}},"type":"if","locations":[{"start":{"line":446,"column":2},"end":{"line":450,"column":3}}]},"112":{"loc":{"start":{"line":447,"column":4},"end":{"line":449,"column":5}},"type":"if","locations":[{"start":{"line":447,"column":4},"end":{"line":449,"column":5}}]},"113":{"loc":{"start":{"line":452,"column":2},"end":{"line":456,"column":3}},"type":"if","locations":[{"start":{"line":452,"column":2},"end":{"line":456,"column":3}}]},"114":{"loc":{"start":{"line":453,"column":4},"end":{"line":455,"column":5}},"type":"if","locations":[{"start":{"line":453,"column":4},"end":{"line":455,"column":5}}]},"115":{"loc":{"start":{"line":459,"column":2},"end":{"line":475,"column":3}},"type":"if","locations":[{"start":{"line":459,"column":2},"end":{"line":475,"column":3}}]},"116":{"loc":{"start":{"line":459,"column":6},"end":{"line":459,"column":40}},"type":"binary-expr","locations":[{"start":{"line":459,"column":6},"end":{"line":459,"column":22}},{"start":{"line":459,"column":26},"end":{"line":459,"column":40}}]},"117":{"loc":{"start":{"line":464,"column":4},"end":{"line":474,"column":5}},"type":"if","locations":[{"start":{"line":464,"column":4},"end":{"line":474,"column":5}},{"start":{"line":466,"column":11},"end":{"line":474,"column":5}}]},"118":{"loc":{"start":{"line":464,"column":8},"end":{"line":464,"column":72}},"type":"binary-expr","locations":[{"start":{"line":464,"column":8},"end":{"line":464,"column":39}},{"start":{"line":464,"column":43},"end":{"line":464,"column":72}}]},"119":{"loc":{"start":{"line":466,"column":11},"end":{"line":474,"column":5}},"type":"if","locations":[{"start":{"line":466,"column":11},"end":{"line":474,"column":5}}]},"120":{"loc":{"start":{"line":478,"column":2},"end":{"line":483,"column":3}},"type":"if","locations":[{"start":{"line":478,"column":2},"end":{"line":483,"column":3}}]},"121":{"loc":{"start":{"line":480,"column":4},"end":{"line":482,"column":5}},"type":"if","locations":[{"start":{"line":480,"column":4},"end":{"line":482,"column":5}}]},"122":{"loc":{"start":{"line":480,"column":8},"end":{"line":480,"column":42}},"type":"binary-expr","locations":[{"start":{"line":480,"column":8},"end":{"line":480,"column":25}},{"start":{"line":480,"column":29},"end":{"line":480,"column":42}}]},"123":{"loc":{"start":{"line":485,"column":2},"end":{"line":490,"column":3}},"type":"if","locations":[{"start":{"line":485,"column":2},"end":{"line":490,"column":3}}]},"124":{"loc":{"start":{"line":487,"column":4},"end":{"line":489,"column":5}},"type":"if","locations":[{"start":{"line":487,"column":4},"end":{"line":489,"column":5}}]},"125":{"loc":{"start":{"line":487,"column":8},"end":{"line":487,"column":44}},"type":"binary-expr","locations":[{"start":{"line":487,"column":8},"end":{"line":487,"column":26}},{"start":{"line":487,"column":30},"end":{"line":487,"column":44}}]},"126":{"loc":{"start":{"line":493,"column":2},"end":{"line":495,"column":3}},"type":"if","locations":[{"start":{"line":493,"column":2},"end":{"line":495,"column":3}}]},"127":{"loc":{"start":{"line":493,"column":6},"end":{"line":493,"column":76}},"type":"binary-expr","locations":[{"start":{"line":493,"column":6},"end":{"line":493,"column":18}},{"start":{"line":493,"column":22},"end":{"line":493,"column":76}}]},"128":{"loc":{"start":{"line":497,"column":2},"end":{"line":499,"column":3}},"type":"if","locations":[{"start":{"line":497,"column":2},"end":{"line":499,"column":3}}]},"129":{"loc":{"start":{"line":497,"column":6},"end":{"line":497,"column":66}},"type":"binary-expr","locations":[{"start":{"line":497,"column":6},"end":{"line":497,"column":21}},{"start":{"line":497,"column":25},"end":{"line":497,"column":66}}]},"130":{"loc":{"start":{"line":502,"column":2},"end":{"line":507,"column":3}},"type":"if","locations":[{"start":{"line":502,"column":2},"end":{"line":507,"column":3}}]},"131":{"loc":{"start":{"line":504,"column":4},"end":{"line":506,"column":5}},"type":"if","locations":[{"start":{"line":504,"column":4},"end":{"line":506,"column":5}}]},"132":{"loc":{"start":{"line":504,"column":8},"end":{"line":504,"column":32}},"type":"binary-expr","locations":[{"start":{"line":504,"column":8},"end":{"line":504,"column":20}},{"start":{"line":504,"column":24},"end":{"line":504,"column":32}}]},"133":{"loc":{"start":{"line":509,"column":2},"end":{"line":514,"column":3}},"type":"if","locations":[{"start":{"line":509,"column":2},"end":{"line":514,"column":3}}]},"134":{"loc":{"start":{"line":511,"column":4},"end":{"line":513,"column":5}},"type":"if","locations":[{"start":{"line":511,"column":4},"end":{"line":513,"column":5}}]},"135":{"loc":{"start":{"line":511,"column":8},"end":{"line":511,"column":50}},"type":"binary-expr","locations":[{"start":{"line":511,"column":8},"end":{"line":511,"column":21}},{"start":{"line":511,"column":25},"end":{"line":511,"column":34}},{"start":{"line":511,"column":38},"end":{"line":511,"column":50}}]},"136":{"loc":{"start":{"line":517,"column":2},"end":{"line":519,"column":3}},"type":"if","locations":[{"start":{"line":517,"column":2},"end":{"line":519,"column":3}}]},"137":{"loc":{"start":{"line":518,"column":32},"end":{"line":518,"column":104}},"type":"binary-expr","locations":[{"start":{"line":518,"column":32},"end":{"line":518,"column":67}},{"start":{"line":518,"column":71},"end":{"line":518,"column":104}}]}},"s":{"0":0,"1":0,"2":0,"3":0,"4":0,"5":0,"6":0,"7":0,"8":0,"9":0,"10":0,"11":0,"12":0,"13":0,"14":0,"15":0,"16":0,"17":0,"18":0,"19":0,"20":0,"21":0,"22":0,"23":0,"24":0,"25":0,"26":0,"27":0,"28":0,"29":0,"30":0,"31":0,"32":0,"33":0,"34":0,"35":0,"36":0,"37":0,"38":0,"39":0,"40":0,"41":0,"42":0,"43":0,"44":0,"45":0,"46":0,"47":0,"48":0,"49":0,"50":0,"51":0,"52":0,"53":0,"54":0,"55":0,"56":0,"57":0,"58":0,"59":0,"60":0,"61":0,"62":0,"63":0,"64":0,"65":0,"66":0,"67":0,"68":0,"69":0,"70":0,"71":0,"72":0,"73":0,"74":0,"75":0,"76":0,"77":0,"78":0,"79":0,"80":0,"81":0,"82":0,"83":0,"84":0,"85":0,"86":0,"87":0,"88":0,"89":0,"90":0,"91":0,"92":0,"93":0,"94":0,"95":0,"96":0,"97":0,"98":0,"99":0,"100":0,"101":0,"102":0,"103":0,"104":0,"105":0,"106":0,"107":0,"108":0,"109":0,"110":0,"111":0,"112":0,"113":0,"114":0,"115":0,"116":0,"117":0,"118":0,"119":0,"120":0,"121":0,"122":0,"123":0,"124":0,"125":0,"126":0,"127":0,"128":0,"129":0,"130":0,"131":0,"132":0,"133":0,"134":0,"135":0,"136":0,"137":0,"138":0,"139":0,"140":0,"141":0,"142":0,"143":0,"144":0,"145":0,"146":0,"147":0,"148":0,"149":0,"150":0,"151":0,"152":0,"153":0,"154":0,"155":0,"156":0,"157":0,"158":0,"159":0,"160":0,"161":0,"162":0,"163":0,"164":0,"165":0,"166":0,"167":0,"168":0,"169":0,"170":0,"171":0,"172":0,"173":0,"174":0,"175":0,"176":0,"177":0,"178":0,"179":0,"180":0,"181":0,"182":0,"183":0,"184":0,"185":0,"186":0,"187":0,"188":0,"189":0,"190":0,"191":0,"192":0,"193":0,"194":0,"195":0,"196":0,"197":0,"198":0,"199":0,"200":0,"201":0,"202":0,"203":0,"204":0,"205":0,"206":0,"207":0,"208":0,"209":0,"210":0,"211":0,"212":0,"213":0,"214":0,"215":0,"216":0,"217":0,"218":0,"219":0,"220":0,"221":0,"222":0,"223":0,"224":0,"225":0,"226":0,"227":0,"228":0,"229":0,"230":0,"231":0,"232":0,"233":0,"234":0,"235":0,"236":0,"237":0,"238":0,"239":0,"240":0,"241":0,"242":0,"243":0,"244":0,"245":0,"246":0,"247":0,"248":0,"249":0,"250":0,"251":0,"252":0,"253":0,"254":0,"255":0,"256":0,"257":0,"258":0,"259":0,"260":0,"261":0,"262":0,"263":0,"264":0,"265":0,"266":0,"267":0,"268":0,"269":0,"270":0,"271":0,"272":0,"273":0,"274":0,"275":0,"276":0,"277":0,"278":0,"279":0,"280":0,"281":0},"f":{"0":0,"1":0,"2":0,"3":0,"4":0,"5":0,"6":0,"7":0,"8":0,"9":0,"10":0,"11":0,"12":0,"13":0,"14":0,"15":0,"16":0,"17":0,"18":0,"19":0,"20":0,"21":0,"22":0,"23":0,"24":0,"25":0,"26":0,"27":0,"28":0,"29":0,"30":0,"31":0,"32":0,"33":0,"34":0,"35":0,"36":0,"37":0},"b":{"0":[0],"1":[0,0],"2":[0,0],"3":[0,0],"4":[0,0],"5":[0,0],"6":[0],"7":[0,0],"8":[0],"9":[0],"10":[0,0],"11":[0,0],"12":[0],"13":[0],"14":[0,0],"15":[0,0],"16":[0],"17":[0],"18":[0],"19":[0,0],"20":[0,0],"21":[0],"22":[0,0],"23":[0],"24":[0],"25":[0],"26":[0],"27":[0],"28":[0],"29":[0,0],"30":[0],"31":[0,0],"32":[0,0],"33":[0],"34":[0,0],"35":[0],"36":[0],"37":[0],"38":[0,0],"39":[0,0],"40":[0],"41":[0,0],"42":[0],"43":[0],"44":[0],"45":[0,0],"46":[0,0],"47":[0],"48":[0,0],"49":[0],"50":[0],"51":[0,0],"52":[0,0],"53":[0],"54":[0],"55":[0,0],"56":[0,0],"57":[0],"58":[0,0],"59":[0],"60":[0],"61":[0,0],"62":[0,0],"63":[0],"64":[0,0],"65":[0],"66":[0],"67":[0],"68":[0,0],"69":[0],"70":[0],"71":[0],"72":[0],"73":[0,0],"74":[0],"75":[0],"76":[0,0],"77":[0,0],"78":[0],"79":[0,0],"80":[0],"81":[0],"82":[0],"83":[0,0],"84":[0],"85":[0,0],"86":[0,0],"87":[0],"88":[0,0],"89":[0],"90":[0],"91":[0,0],"92":[0],"93":[0],"94":[0,0],"95":[0],"96":[0,0],"97":[0],"98":[0],"99":[0,0,0],"100":[0],"101":[0,0,0,0],"102":[0],"103":[0,0],"104":[0],"105":[0],"106":[0,0,0,0],"107":[0],"108":[0],"109":[0],"110":[0],"111":[0],"112":[0],"113":[0],"114":[0],"115":[0],"116":[0,0],"117":[0,0],"118":[0,0],"119":[0],"120":[0],"121":[0],"122":[0,0],"123":[0],"124":[0],"125":[0,0],"126":[0],"127":[0,0],"128":[0],"129":[0,0],"130":[0],"131":[0],"132":[0,0],"133":[0],"134":[0],"135":[0,0,0],"136":[0],"137":[0,0]}}
}
