TN:
SF:src/prisma.ts
FN:25,(anonymous_0)
FN:56,(anonymous_1)
FN:76,(anonymous_2)
FN:88,(anonymous_3)
FN:100,(anonymous_4)
FN:121,(anonymous_5)
FN:146,(anonymous_6)
FN:195,(anonymous_7)
FNF:8
FNH:0
FNDA:0,(anonymous_0)
FNDA:0,(anonymous_1)
FNDA:0,(anonymous_2)
FNDA:0,(anonymous_3)
FNDA:0,(anonymous_4)
FNDA:0,(anonymous_5)
FNDA:0,(anonymous_6)
FNDA:0,(anonymous_7)
DA:1,0
DA:2,0
DA:25,0
DA:26,0
DA:32,0
DA:36,0
DA:38,0
DA:39,0
DA:47,0
DA:48,0
DA:49,0
DA:50,0
DA:51,0
DA:56,0
DA:57,0
DA:58,0
DA:59,0
DA:62,0
DA:63,0
DA:65,0
DA:66,0
DA:67,0
DA:68,0
DA:69,0
DA:71,0
DA:72,0
DA:75,0
DA:76,0
DA:77,0
DA:78,0
DA:88,0
DA:89,0
DA:90,0
DA:91,0
DA:92,0
DA:100,0
DA:101,0
DA:103,0
DA:104,0
DA:105,0
DA:107,0
DA:108,0
DA:111,0
DA:114,0
DA:121,0
DA:122,0
DA:124,0
DA:125,0
DA:126,0
DA:129,0
DA:130,0
DA:131,0
DA:133,0
DA:134,0
DA:146,0
DA:152,0
DA:154,0
DA:156,0
DA:157,0
DA:160,0
DA:161,0
DA:162,0
DA:163,0
DA:166,0
DA:172,0
DA:173,0
DA:176,0
DA:179,0
DA:180,0
DA:183,0
DA:195,0
DA:199,0
DA:205,0
LF:73
LH:0
BRDA:27,0,0,0
BRDA:27,0,1,0
BRDA:36,1,0,0
BRDA:36,1,1,0
BRDA:38,2,0,0
BRDA:57,3,0,0
BRDA:71,4,0,0
BRDA:71,4,1,0
BRDA:75,5,0,0
BRDA:77,6,0,0
BRDA:89,7,0,0
BRDA:107,8,0,0
BRDA:107,8,1,0
BRDA:124,9,0,0
BRDA:133,10,0,0
BRDA:133,10,1,0
BRDA:160,11,0,0
BRDA:173,12,0,0
BRDA:173,12,1,0
BRDA:179,13,0,0
BRF:20
BRH:0
end_of_record
TN:
SF:src/router.ts
FN:47,(anonymous_1)
FNF:1
FNH:0
FNDA:0,(anonymous_1)
DA:1,0
DA:2,0
DA:3,0
DA:4,0
DA:5,0
DA:6,0
DA:7,0
DA:8,0
DA:9,0
DA:10,0
DA:11,0
DA:12,0
DA:13,0
DA:14,0
DA:15,0
DA:16,0
DA:17,0
DA:18,0
DA:19,0
DA:20,0
DA:21,0
DA:22,0
DA:24,0
DA:26,0
DA:27,0
DA:28,0
DA:29,0
DA:30,0
DA:31,0
DA:32,0
DA:33,0
DA:34,0
DA:35,0
DA:36,0
DA:37,0
DA:38,0
DA:39,0
DA:40,0
DA:41,0
DA:42,0
DA:43,0
DA:44,0
DA:45,0
DA:47,0
DA:48,0
DA:51,0
LF:46
LH:0
BRF:0
BRH:0
end_of_record
TN:
SF:src/config/fonts.ts
FN:34,getDefaultFontConfig
FN:38,getFontPaths
FNF:2
FNH:0
FNDA:0,getDefaultFontConfig
FNDA:0,getFontPaths
DA:1,0
DA:3,0
DA:5,0
DA:32,0
DA:34,0
DA:35,0
DA:38,0
DA:39,0
DA:40,0
LF:9
LH:0
BRDA:3,0,0,0
BRDA:3,0,1,0
BRDA:32,1,0,0
BRDA:32,1,1,0
BRDA:35,2,0,0
BRDA:35,2,1,0
BRF:6
BRH:0
end_of_record
TN:
SF:src/handlers/analytics.ts
FN:13,(anonymous_1)
FN:32,(anonymous_2)
FN:59,(anonymous_3)
FN:98,(anonymous_4)
FNF:4
FNH:0
FNDA:0,(anonymous_1)
FNDA:0,(anonymous_2)
FNDA:0,(anonymous_3)
FNDA:0,(anonymous_4)
DA:1,0
DA:2,0
DA:3,0
DA:4,0
DA:5,0
DA:6,0
DA:7,0
DA:8,0
DA:10,0
DA:13,0
DA:14,0
DA:16,0
DA:19,0
DA:22,0
DA:24,0
DA:27,0
DA:32,0
DA:33,0
DA:35,0
DA:38,0
DA:45,0
DA:47,0
DA:50,0
DA:59,0
DA:60,0
DA:61,0
DA:63,0
DA:64,0
DA:65,0
DA:69,0
DA:70,0
DA:71,0
DA:72,0
DA:76,0
DA:78,0
DA:79,0
DA:80,0
DA:83,0
DA:88,0
DA:90,0
DA:93,0
DA:98,0
DA:99,0
DA:100,0
DA:102,0
DA:103,0
DA:104,0
DA:108,0
DA:109,0
DA:110,0
DA:111,0
DA:115,0
DA:117,0
DA:118,0
DA:119,0
DA:122,0
DA:127,0
DA:129,0
DA:132,0
LF:59
LH:0
BRDA:24,0,0,0
BRDA:24,0,1,0
BRDA:40,1,0,0
BRDA:40,1,1,0
BRDA:47,2,0,0
BRDA:47,2,1,0
BRDA:63,3,0,0
BRDA:63,4,0,0
BRDA:63,4,1,0
BRDA:70,5,0,0
BRDA:78,6,0,0
BRDA:90,7,0,0
BRDA:90,7,1,0
BRDA:102,8,0,0
BRDA:102,9,0,0
BRDA:102,9,1,0
BRDA:102,9,2,0
BRDA:102,9,3,0
BRDA:109,10,0,0
BRDA:109,11,0,0
BRDA:109,11,1,0
BRDA:117,12,0,0
BRDA:129,13,0,0
BRDA:129,13,1,0
BRF:24
BRH:0
end_of_record
TN:
SF:src/handlers/categories.ts
FN:15,(anonymous_1)
FN:41,(anonymous_2)
FN:67,(anonymous_3)
FN:99,(anonymous_4)
FN:142,(anonymous_5)
FNF:5
FNH:0
FNDA:0,(anonymous_1)
FNDA:0,(anonymous_2)
FNDA:0,(anonymous_3)
FNDA:0,(anonymous_4)
FNDA:0,(anonymous_5)
DA:1,0
DA:2,0
DA:4,0
DA:5,0
DA:6,0
DA:7,0
DA:8,0
DA:10,0
DA:15,0
DA:16,0
DA:17,0
DA:21,0
DA:23,0
DA:31,0
DA:33,0
DA:36,0
DA:41,0
DA:42,0
DA:43,0
DA:44,0
DA:53,0
DA:54,0
DA:57,0
DA:59,0
DA:62,0
DA:67,0
DA:68,0
DA:69,0
DA:72,0
DA:73,0
DA:74,0
DA:77,0
DA:89,0
DA:91,0
DA:94,0
DA:99,0
DA:100,0
DA:101,0
DA:102,0
DA:105,0
DA:106,0
DA:112,0
DA:113,0
DA:114,0
DA:115,0
DA:119,0
DA:132,0
DA:134,0
DA:137,0
DA:142,0
DA:143,0
DA:144,0
DA:147,0
DA:148,0
DA:154,0
DA:158,0
DA:159,0
DA:165,0
DA:169,0
DA:170,0
DA:175,0
DA:179,0
DA:181,0
DA:184,0
DA:188,0
LF:65
LH:0
BRDA:21,0,0,0
BRDA:21,0,1,0
BRDA:33,1,0,0
BRDA:33,1,1,0
BRDA:53,2,0,0
BRDA:59,3,0,0
BRDA:59,3,1,0
BRDA:73,4,0,0
BRDA:80,5,0,0
BRDA:80,5,1,0
BRDA:91,6,0,0
BRDA:91,6,1,0
BRDA:105,7,0,0
BRDA:112,8,0,0
BRDA:114,9,0,0
BRDA:123,10,0,0
BRDA:123,10,1,0
BRDA:134,11,0,0
BRDA:134,11,1,0
BRDA:147,12,0,0
BRDA:158,13,0,0
BRDA:169,14,0,0
BRDA:181,15,0,0
BRDA:181,15,1,0
BRF:24
BRH:0
end_of_record
TN:
SF:src/handlers/consumptionReports.ts
FN:11,(anonymous_1)
FN:48,(anonymous_2)
FN:50,(anonymous_3)
FN:87,(anonymous_4)
FN:98,(anonymous_5)
FN:101,(anonymous_6)
FN:106,(anonymous_7)
FN:132,(anonymous_8)
FN:145,(anonymous_9)
FN:148,(anonymous_10)
FN:154,(anonymous_11)
FN:157,(anonymous_12)
FN:171,(anonymous_13)
FNF:13
FNH:0
FNDA:0,(anonymous_1)
FNDA:0,(anonymous_2)
FNDA:0,(anonymous_3)
FNDA:0,(anonymous_4)
FNDA:0,(anonymous_5)
FNDA:0,(anonymous_6)
FNDA:0,(anonymous_7)
FNDA:0,(anonymous_8)
FNDA:0,(anonymous_9)
FNDA:0,(anonymous_10)
FNDA:0,(anonymous_11)
FNDA:0,(anonymous_12)
FNDA:0,(anonymous_13)
DA:1,0
DA:2,0
DA:3,0
DA:4,0
DA:5,0
DA:8,0
DA:11,0
DA:12,0
DA:18,0
DA:21,0
DA:23,0
DA:24,0
DA:28,0
DA:29,0
DA:32,0
DA:33,0
DA:38,0
DA:47,0
DA:48,0
DA:49,0
DA:50,0
DA:51,0
DA:52,0
DA:58,0
DA:65,0
DA:66,0
DA:73,0
DA:86,0
DA:87,0
DA:88,0
DA:89,0
DA:91,0
DA:95,0
DA:98,0
DA:99,0
DA:101,0
DA:102,0
DA:103,0
DA:106,0
DA:108,0
DA:109,0
DA:112,0
DA:132,0
DA:133,0
DA:145,0
DA:148,0
DA:154,0
DA:157,0
DA:158,0
DA:159,0
DA:166,0
DA:167,0
DA:171,0
DA:173,0
DA:178,0
DA:181,0
DA:185,0
LF:57
LH:0
BRDA:23,0,0,0
BRDA:23,0,1,0
BRDA:23,1,0,0
BRDA:23,1,1,0
BRDA:28,2,0,0
BRDA:28,2,1,0
BRDA:32,3,0,0
BRDA:49,4,0,0
BRDA:49,4,1,0
BRDA:51,5,0,0
BRDA:65,6,0,0
BRDA:88,7,0,0
BRDA:99,8,0,0
BRDA:99,8,1,0
BRDA:102,9,0,0
BRDA:102,10,0,0
BRDA:102,10,1,0
BRDA:108,11,0,0
BRDA:108,12,0,0
BRDA:108,12,1,0
BRDA:150,13,0,0
BRDA:150,13,1,0
BRDA:158,14,0,0
BRDA:178,15,0,0
BRDA:178,15,1,0
BRF:25
BRH:0
end_of_record
TN:
SF:src/handlers/customerHandler.ts
FN:39,(anonymous_10)
FN:48,(anonymous_11)
FN:97,(anonymous_12)
FN:116,(anonymous_13)
FN:137,(anonymous_14)
FN:155,(anonymous_15)
FN:211,(anonymous_16)
FN:274,(anonymous_17)
FNF:8
FNH:0
FNDA:0,(anonymous_10)
FNDA:0,(anonymous_11)
FNDA:0,(anonymous_12)
FNDA:0,(anonymous_13)
FNDA:0,(anonymous_14)
FNDA:0,(anonymous_15)
FNDA:0,(anonymous_16)
FNDA:0,(anonymous_17)
DA:1,0
DA:2,0
DA:3,0
DA:5,0
DA:6,0
DA:7,0
DA:15,0
DA:27,0
DA:39,0
DA:40,0
DA:41,0
DA:42,0
DA:43,0
DA:46,0
DA:48,0
DA:49,0
DA:64,0
DA:66,0
DA:78,0
DA:87,0
DA:88,0
DA:90,0
DA:93,0
DA:97,0
DA:98,0
DA:99,0
DA:101,0
DA:102,0
DA:105,0
DA:106,0
DA:107,0
DA:109,0
DA:112,0
DA:116,0
DA:117,0
DA:118,0
DA:120,0
DA:121,0
DA:124,0
DA:128,0
DA:130,0
DA:133,0
DA:137,0
DA:138,0
DA:139,0
DA:140,0
DA:142,0
DA:143,0
DA:146,0
DA:148,0
DA:151,0
DA:155,0
DA:156,0
DA:157,0
DA:159,0
DA:160,0
DA:163,0
DA:164,0
DA:165,0
DA:171,0
DA:173,0
DA:174,0
DA:179,0
DA:180,0
DA:181,0
DA:182,0
DA:186,0
DA:198,0
DA:200,0
DA:202,0
DA:204,0
DA:207,0
DA:211,0
DA:212,0
DA:213,0
DA:214,0
DA:216,0
DA:217,0
DA:220,0
DA:221,0
DA:222,0
DA:228,0
DA:229,0
DA:231,0
DA:232,0
DA:237,0
DA:238,0
DA:239,0
DA:240,0
DA:244,0
DA:257,0
DA:259,0
DA:260,0
DA:263,0
DA:265,0
DA:267,0
DA:270,0
DA:274,0
DA:275,0
DA:276,0
DA:277,0
DA:279,0
DA:280,0
DA:283,0
DA:285,0
DA:286,0
DA:289,0
DA:291,0
DA:293,0
DA:296,0
DA:300,0
LF:111
LH:0
BRDA:40,0,0,0
BRDA:43,1,0,0
BRDA:43,1,1,0
BRDA:60,2,0,0
BRDA:61,3,0,0
BRDA:62,4,0,0
BRDA:63,5,0,0
BRDA:67,6,0,0
BRDA:67,6,1,0
BRDA:68,7,0,0
BRDA:68,7,1,0
BRDA:69,8,0,0
BRDA:69,8,1,0
BRDA:70,9,0,0
BRDA:70,9,1,0
BRDA:71,10,0,0
BRDA:71,10,1,0
BRDA:72,11,0,0
BRDA:72,11,1,0
BRDA:73,12,0,0
BRDA:73,12,1,0
BRDA:74,13,0,0
BRDA:74,13,1,0
BRDA:75,14,0,0
BRDA:75,14,1,0
BRDA:79,15,0,0
BRDA:79,15,1,0
BRDA:80,16,0,0
BRDA:80,16,1,0
BRDA:81,17,0,0
BRDA:81,17,1,0
BRDA:84,18,0,0
BRDA:84,18,1,0
BRDA:90,19,0,0
BRDA:90,19,1,0
BRDA:101,20,0,0
BRDA:101,21,0,0
BRDA:101,21,1,0
BRDA:105,22,0,0
BRDA:105,22,1,0
BRDA:109,23,0,0
BRDA:109,23,1,0
BRDA:120,24,0,0
BRDA:120,25,0,0
BRDA:120,25,1,0
BRDA:126,26,0,0
BRDA:126,26,1,0
BRDA:130,27,0,0
BRDA:130,27,1,0
BRDA:142,28,0,0
BRDA:148,29,0,0
BRDA:148,29,1,0
BRDA:159,30,0,0
BRDA:164,31,0,0
BRDA:173,32,0,0
BRDA:173,33,0,0
BRDA:173,33,1,0
BRDA:179,34,0,0
BRDA:181,35,0,0
BRDA:188,36,0,0
BRDA:188,36,1,0
BRDA:189,37,0,0
BRDA:189,37,1,0
BRDA:190,38,0,0
BRDA:190,38,1,0
BRDA:191,39,0,0
BRDA:191,39,1,0
BRDA:192,40,0,0
BRDA:192,40,1,0
BRDA:193,41,0,0
BRDA:193,41,1,0
BRDA:194,42,0,0
BRDA:194,42,1,0
BRDA:195,43,0,0
BRDA:195,43,1,0
BRDA:204,44,0,0
BRDA:204,44,1,0
BRDA:216,45,0,0
BRDA:221,46,0,0
BRDA:231,47,0,0
BRDA:231,48,0,0
BRDA:231,48,1,0
BRDA:237,49,0,0
BRDA:237,50,0,0
BRDA:237,50,1,0
BRDA:239,51,0,0
BRDA:245,52,0,0
BRDA:245,52,1,0
BRDA:246,53,0,0
BRDA:246,53,1,0
BRDA:246,54,0,0
BRDA:246,54,1,0
BRDA:247,55,0,0
BRDA:247,55,1,0
BRDA:247,56,0,0
BRDA:247,56,1,0
BRDA:248,57,0,0
BRDA:248,57,1,0
BRDA:248,58,0,0
BRDA:248,58,1,0
BRDA:249,59,0,0
BRDA:249,59,1,0
BRDA:249,60,0,0
BRDA:249,60,1,0
BRDA:250,61,0,0
BRDA:250,61,1,0
BRDA:250,62,0,0
BRDA:250,62,1,0
BRDA:251,63,0,0
BRDA:251,63,1,0
BRDA:251,64,0,0
BRDA:251,64,1,0
BRDA:252,65,0,0
BRDA:252,65,1,0
BRDA:252,66,0,0
BRDA:252,66,1,0
BRDA:253,67,0,0
BRDA:253,67,1,0
BRDA:253,68,0,0
BRDA:253,68,1,0
BRDA:254,69,0,0
BRDA:254,69,1,0
BRDA:259,70,0,0
BRDA:267,71,0,0
BRDA:267,71,1,0
BRDA:279,72,0,0
BRDA:285,73,0,0
BRDA:293,74,0,0
BRDA:293,74,1,0
BRF:129
BRH:0
end_of_record
TN:
SF:src/handlers/dailyClosings.ts
FN:14,(anonymous_1)
FN:43,(anonymous_2)
FN:73,(anonymous_3)
FN:114,(anonymous_4)
FNF:4
FNH:0
FNDA:0,(anonymous_1)
FNDA:0,(anonymous_2)
FNDA:0,(anonymous_3)
FNDA:0,(anonymous_4)
DA:1,0
DA:2,0
DA:4,0
DA:5,0
DA:7,0
DA:8,0
DA:9,0
DA:11,0
DA:14,0
DA:15,0
DA:16,0
DA:19,0
DA:20,0
DA:21,0
DA:23,0
DA:24,0
DA:25,0
DA:26,0
DA:28,0
DA:29,0
DA:34,0
DA:43,0
DA:45,0
DA:53,0
DA:63,0
DA:65,0
DA:68,0
DA:73,0
DA:74,0
DA:75,0
DA:77,0
DA:81,0
DA:82,0
DA:83,0
DA:87,0
DA:95,0
DA:104,0
DA:106,0
DA:109,0
DA:114,0
DA:115,0
DA:116,0
DA:119,0
DA:120,0
DA:121,0
DA:125,0
DA:126,0
DA:127,0
DA:128,0
DA:132,0
DA:143,0
DA:144,0
DA:145,0
DA:148,0
DA:150,0
DA:153,0
DA:154,0
DA:155,0
DA:159,0
DA:160,0
DA:162,0
DA:163,0
DA:168,0
DA:170,0
DA:179,0
DA:187,0
DA:196,0
DA:198,0
DA:201,0
DA:205,0
LF:70
LH:0
BRDA:20,0,0,0
BRDA:23,1,0,0
BRDA:23,2,0,0
BRDA:23,2,1,0
BRDA:25,3,0,0
BRDA:28,4,0,0
BRDA:59,5,0,0
BRDA:59,5,1,0
BRDA:65,6,0,0
BRDA:65,6,1,0
BRDA:81,7,0,0
BRDA:101,8,0,0
BRDA:101,8,1,0
BRDA:106,9,0,0
BRDA:106,9,1,0
BRDA:119,10,0,0
BRDA:119,11,0,0
BRDA:119,11,1,0
BRDA:126,12,0,0
BRDA:138,13,0,0
BRDA:138,13,1,0
BRDA:148,14,0,0
BRDA:148,14,1,0
BRDA:159,15,0,0
BRDA:162,16,0,0
BRDA:193,17,0,0
BRDA:193,17,1,0
BRDA:198,18,0,0
BRDA:198,18,1,0
BRF:29
BRH:0
end_of_record
TN:
SF:src/handlers/layouts.ts
FN:20,(anonymous_1)
FN:53,(anonymous_2)
FN:116,(anonymous_3)
FN:127,(anonymous_4)
FN:156,(anonymous_5)
FN:211,(anonymous_6)
FN:248,(anonymous_7)
FN:280,(anonymous_8)
FN:358,(anonymous_9)
FN:383,(anonymous_10)
FN:447,(anonymous_11)
FN:472,(anonymous_12)
FN:505,(anonymous_13)
FN:535,(anonymous_14)
FN:559,(anonymous_15)
FN:570,(anonymous_16)
FNF:16
FNH:0
FNDA:0,(anonymous_1)
FNDA:0,(anonymous_2)
FNDA:0,(anonymous_3)
FNDA:0,(anonymous_4)
FNDA:0,(anonymous_5)
FNDA:0,(anonymous_6)
FNDA:0,(anonymous_7)
FNDA:0,(anonymous_8)
FNDA:0,(anonymous_9)
FNDA:0,(anonymous_10)
FNDA:0,(anonymous_11)
FNDA:0,(anonymous_12)
FNDA:0,(anonymous_13)
FNDA:0,(anonymous_14)
FNDA:0,(anonymous_15)
FNDA:0,(anonymous_16)
DA:1,0
DA:2,0
DA:3,0
DA:4,0
DA:5,0
DA:6,0
DA:7,0
DA:9,0
DA:12,0
DA:20,0
DA:21,0
DA:22,0
DA:24,0
DA:29,0
DA:31,0
DA:42,0
DA:44,0
DA:47,0
DA:53,0
DA:54,0
DA:55,0
DA:56,0
DA:60,0
DA:65,0
DA:66,0
DA:70,0
DA:71,0
DA:72,0
DA:77,0
DA:78,0
DA:83,0
DA:84,0
DA:91,0
DA:95,0
DA:96,0
DA:100,0
DA:104,0
DA:105,0
DA:109,0
DA:110,0
DA:116,0
DA:118,0
DA:126,0
DA:128,0
DA:141,0
DA:144,0
DA:146,0
DA:150,0
DA:156,0
DA:157,0
DA:158,0
DA:159,0
DA:160,0
DA:162,0
DA:167,0
DA:168,0
DA:171,0
DA:179,0
DA:180,0
DA:181,0
DA:183,0
DA:184,0
DA:189,0
DA:196,0
DA:198,0
DA:201,0
DA:211,0
DA:212,0
DA:213,0
DA:215,0
DA:216,0
DA:217,0
DA:218,0
DA:221,0
DA:237,0
DA:239,0
DA:242,0
DA:248,0
DA:249,0
DA:250,0
DA:252,0
DA:265,0
DA:266,0
DA:269,0
DA:271,0
DA:274,0
DA:280,0
DA:281,0
DA:282,0
DA:288,0
DA:294,0
DA:295,0
DA:300,0
DA:301,0
DA:303,0
DA:304,0
DA:305,0
DA:307,0
DA:310,0
DA:311,0
DA:314,0
DA:315,0
DA:319,0
DA:320,0
DA:321,0
DA:326,0
DA:327,0
DA:332,0
DA:333,0
DA:341,0
DA:342,0
DA:346,0
DA:347,0
DA:352,0
DA:358,0
DA:371,0
DA:373,0
DA:377,0
DA:383,0
DA:384,0
DA:385,0
DA:386,0
DA:392,0
DA:396,0
DA:397,0
DA:401,0
DA:402,0
DA:407,0
DA:408,0
DA:409,0
DA:411,0
DA:412,0
DA:413,0
DA:415,0
DA:420,0
DA:421,0
DA:422,0
DA:425,0
DA:426,0
DA:427,0
DA:432,0
DA:433,0
DA:438,0
DA:439,0
DA:447,0
DA:449,0
DA:450,0
DA:451,0
DA:454,0
DA:464,0
DA:466,0
DA:471,0
DA:472,0
DA:481,0
DA:490,0
DA:493,0
DA:495,0
DA:499,0
DA:505,0
DA:506,0
DA:507,0
DA:510,0
DA:514,0
DA:515,0
DA:519,0
DA:523,0
DA:525,0
DA:529,0
DA:535,0
DA:536,0
DA:537,0
DA:540,0
DA:545,0
DA:546,0
DA:550,0
DA:554,0
DA:555,0
DA:559,0
DA:561,0
DA:569,0
DA:571,0
DA:583,0
DA:586,0
DA:591,0
DA:595,0
DA:599,0
LF:186
LH:0
BRDA:44,0,0,0
BRDA:44,0,1,0
BRDA:65,1,0,0
BRDA:71,2,0,0
BRDA:71,3,0,0
BRDA:71,3,1,0
BRDA:71,3,2,0
BRDA:77,4,0,0
BRDA:77,5,0,0
BRDA:77,5,1,0
BRDA:83,6,0,0
BRDA:95,7,0,0
BRDA:104,8,0,0
BRDA:109,9,0,0
BRDA:179,10,0,0
BRDA:180,11,0,0
BRDA:180,11,1,0
BRDA:181,12,0,0
BRDA:181,12,1,0
BRDA:183,13,0,0
BRDA:183,14,0,0
BRDA:183,14,1,0
BRDA:183,14,2,0
BRDA:198,15,0,0
BRDA:198,15,1,0
BRDA:216,16,0,0
BRDA:239,17,0,0
BRDA:239,17,1,0
BRDA:265,18,0,0
BRDA:271,19,0,0
BRDA:271,19,1,0
BRDA:294,20,0,0
BRDA:294,21,0,0
BRDA:294,21,1,0
BRDA:303,22,0,0
BRDA:310,23,0,0
BRDA:310,24,0,0
BRDA:310,24,1,0
BRDA:314,25,0,0
BRDA:314,26,0,0
BRDA:314,26,1,0
BRDA:320,27,0,0
BRDA:320,28,0,0
BRDA:320,28,1,0
BRDA:320,28,2,0
BRDA:326,29,0,0
BRDA:326,30,0,0
BRDA:326,30,1,0
BRDA:332,31,0,0
BRDA:341,32,0,0
BRDA:346,33,0,0
BRDA:396,34,0,0
BRDA:401,35,0,0
BRDA:401,36,0,0
BRDA:401,36,1,0
BRDA:407,37,0,0
BRDA:411,38,0,0
BRDA:420,39,0,0
BRDA:421,40,0,0
BRDA:421,41,0,0
BRDA:421,41,1,0
BRDA:426,42,0,0
BRDA:426,43,0,0
BRDA:426,43,1,0
BRDA:426,43,2,0
BRDA:432,44,0,0
BRDA:432,45,0,0
BRDA:432,45,1,0
BRDA:438,46,0,0
BRDA:450,47,0,0
BRDA:464,48,0,0
BRDA:514,49,0,0
BRDA:545,50,0,0
BRDA:554,51,0,0
BRF:74
BRH:0
end_of_record
TN:
SF:src/handlers/orderActivityLogs.ts
FN:11,(anonymous_1)
FN:18,(anonymous_2)
FN:57,(anonymous_3)
FN:106,(anonymous_4)
FNF:4
FNH:0
FNDA:0,(anonymous_1)
FNDA:0,(anonymous_2)
FNDA:0,(anonymous_3)
FNDA:0,(anonymous_4)
DA:1,0
DA:2,0
DA:4,0
DA:6,0
DA:8,0
DA:11,0
DA:12,0
DA:13,0
DA:18,0
DA:20,0
DA:21,0
DA:23,0
DA:24,0
DA:27,0
DA:28,0
DA:31,0
DA:34,0
DA:38,0
DA:41,0
DA:47,0
DA:49,0
DA:52,0
DA:57,0
DA:58,0
DA:59,0
DA:60,0
DA:64,0
DA:65,0
DA:69,0
DA:70,0
DA:72,0
DA:73,0
DA:76,0
DA:77,0
DA:80,0
DA:83,0
DA:87,0
DA:90,0
DA:96,0
DA:98,0
DA:101,0
DA:106,0
DA:107,0
DA:108,0
DA:110,0
DA:121,0
DA:123,0
DA:126,0
DA:130,0
LF:49
LH:0
BRDA:21,0,0,0
BRDA:24,1,0,0
BRDA:24,1,1,0
BRDA:24,2,0,0
BRDA:24,2,1,0
BRDA:24,2,2,0
BRDA:24,2,3,0
BRDA:24,2,4,0
BRDA:24,2,5,0
BRDA:49,3,0,0
BRDA:49,3,1,0
BRDA:64,4,0,0
BRDA:70,5,0,0
BRDA:73,6,0,0
BRDA:73,6,1,0
BRDA:73,7,0,0
BRDA:73,7,1,0
BRDA:73,7,2,0
BRDA:73,7,3,0
BRDA:73,7,4,0
BRDA:73,7,5,0
BRDA:98,8,0,0
BRDA:98,8,1,0
BRDA:114,9,0,0
BRDA:114,9,1,0
BRDA:123,10,0,0
BRDA:123,10,1,0
BRF:27
BRH:0
end_of_record
TN:
SF:src/handlers/orderSessions.ts
FN:12,(anonymous_1)
FN:24,(anonymous_2)
FN:103,(anonymous_3)
FN:117,(anonymous_4)
FN:226,(anonymous_5)
FN:238,(anonymous_6)
FN:281,(anonymous_7)
FN:293,(anonymous_8)
FN:346,(anonymous_9)
FN:356,(anonymous_10)
FN:399,(anonymous_11)
FN:409,(anonymous_12)
FNF:12
FNH:0
FNDA:0,(anonymous_1)
FNDA:0,(anonymous_2)
FNDA:0,(anonymous_3)
FNDA:0,(anonymous_4)
FNDA:0,(anonymous_5)
FNDA:0,(anonymous_6)
FNDA:0,(anonymous_7)
FNDA:0,(anonymous_8)
FNDA:0,(anonymous_9)
FNDA:0,(anonymous_10)
FNDA:0,(anonymous_11)
FNDA:0,(anonymous_12)
DA:1,0
DA:3,0
DA:5,0
DA:6,0
DA:7,0
DA:9,0
DA:12,0
DA:13,0
DA:14,0
DA:15,0
DA:17,0
DA:18,0
DA:21,0
DA:24,0
DA:26,0
DA:33,0
DA:34,0
DA:35,0
DA:37,0
DA:41,0
DA:42,0
DA:49,0
DA:50,0
DA:51,0
DA:53,0
DA:54,0
DA:63,0
DA:64,0
DA:67,0
DA:68,0
DA:70,0
DA:74,0
DA:77,0
DA:78,0
DA:79,0
DA:83,0
DA:91,0
DA:92,0
DA:94,0
DA:95,0
DA:98,0
DA:103,0
DA:104,0
DA:105,0
DA:106,0
DA:108,0
DA:109,0
DA:112,0
DA:114,0
DA:117,0
DA:119,0
DA:126,0
DA:128,0
DA:129,0
DA:131,0
DA:132,0
DA:141,0
DA:142,0
DA:144,0
DA:146,0
DA:148,0
DA:155,0
DA:156,0
DA:157,0
DA:161,0
DA:170,0
DA:171,0
DA:172,0
DA:174,0
DA:177,0
DA:178,0
DA:182,0
DA:183,0
DA:185,0
DA:186,0
DA:187,0
DA:188,0
DA:190,0
DA:192,0
DA:201,0
DA:202,0
DA:206,0
DA:210,0
DA:211,0
DA:212,0
DA:214,0
DA:215,0
DA:217,0
DA:218,0
DA:221,0
DA:226,0
DA:227,0
DA:228,0
DA:229,0
DA:231,0
DA:232,0
DA:235,0
DA:238,0
DA:240,0
DA:247,0
DA:248,0
DA:252,0
DA:253,0
DA:261,0
DA:262,0
DA:264,0
DA:267,0
DA:269,0
DA:270,0
DA:271,0
DA:273,0
DA:276,0
DA:281,0
DA:282,0
DA:283,0
DA:284,0
DA:286,0
DA:287,0
DA:290,0
DA:293,0
DA:295,0
DA:302,0
DA:303,0
DA:304,0
DA:307,0
DA:308,0
DA:311,0
DA:312,0
DA:321,0
DA:322,0
DA:324,0
DA:326,0
DA:327,0
DA:329,0
DA:332,0
DA:334,0
DA:335,0
DA:336,0
DA:338,0
DA:341,0
DA:346,0
DA:347,0
DA:348,0
DA:349,0
DA:351,0
DA:352,0
DA:356,0
DA:358,0
DA:365,0
DA:366,0
DA:370,0
DA:371,0
DA:379,0
DA:380,0
DA:382,0
DA:385,0
DA:387,0
DA:388,0
DA:389,0
DA:391,0
DA:394,0
DA:399,0
DA:400,0
DA:401,0
DA:402,0
DA:404,0
DA:405,0
DA:409,0
DA:411,0
DA:418,0
DA:419,0
DA:423,0
DA:424,0
DA:432,0
DA:433,0
DA:435,0
DA:438,0
DA:440,0
DA:441,0
DA:442,0
DA:444,0
DA:447,0
DA:451,0
LF:183
LH:0
BRDA:17,0,0,0
BRDA:33,1,0,0
BRDA:33,1,1,0
BRDA:41,2,0,0
BRDA:49,3,0,0
BRDA:49,3,1,0
BRDA:63,4,0,0
BRDA:77,5,0,0
BRDA:88,6,0,0
BRDA:88,6,1,0
BRDA:91,7,0,0
BRDA:91,7,1,0
BRDA:95,8,0,0
BRDA:95,8,1,0
BRDA:108,9,0,0
BRDA:114,10,0,0
BRDA:114,10,1,0
BRDA:128,11,0,0
BRDA:128,11,1,0
BRDA:129,12,0,0
BRDA:129,12,1,0
BRDA:141,13,0,0
BRDA:155,14,0,0
BRDA:155,14,1,0
BRDA:170,15,0,0
BRDA:170,15,1,0
BRDA:170,16,0,0
BRDA:170,16,1,0
BRDA:182,17,0,0
BRDA:190,18,0,0
BRDA:190,18,1,0
BRDA:210,19,0,0
BRDA:210,19,1,0
BRDA:211,20,0,0
BRDA:218,21,0,0
BRDA:218,21,1,0
BRDA:231,22,0,0
BRDA:247,23,0,0
BRDA:261,24,0,0
BRDA:270,25,0,0
BRDA:270,26,0,0
BRDA:270,26,1,0
BRDA:273,27,0,0
BRDA:273,27,1,0
BRDA:286,28,0,0
BRDA:302,29,0,0
BRDA:321,30,0,0
BRDA:335,31,0,0
BRDA:335,32,0,0
BRDA:335,32,1,0
BRDA:338,33,0,0
BRDA:338,33,1,0
BRDA:351,34,0,0
BRDA:365,35,0,0
BRDA:379,36,0,0
BRDA:388,37,0,0
BRDA:388,38,0,0
BRDA:388,38,1,0
BRDA:391,39,0,0
BRDA:391,39,1,0
BRDA:404,40,0,0
BRDA:418,41,0,0
BRDA:432,42,0,0
BRDA:441,43,0,0
BRDA:441,44,0,0
BRDA:441,44,1,0
BRDA:444,45,0,0
BRDA:444,45,1,0
BRF:68
BRH:0
end_of_record
TN:
SF:src/handlers/products.ts
FN:15,formatProductVariant
FN:40,(anonymous_2)
FN:76,(anonymous_3)
FN:91,(anonymous_4)
FN:105,(anonymous_5)
FN:120,(anonymous_6)
FN:155,(anonymous_7)
FN:177,(anonymous_8)
FN:178,(anonymous_9)
FN:185,(anonymous_10)
FN:185,(anonymous_11)
FN:193,(anonymous_12)
FN:197,(anonymous_13)
FN:207,(anonymous_14)
FN:209,(anonymous_15)
FN:224,(anonymous_16)
FN:225,(anonymous_17)
FN:240,(anonymous_18)
FN:247,(anonymous_19)
FN:281,(anonymous_20)
FN:336,(anonymous_21)
FN:337,(anonymous_22)
FN:344,(anonymous_23)
FN:344,(anonymous_24)
FN:352,(anonymous_25)
FN:356,(anonymous_26)
FN:366,(anonymous_27)
FN:368,(anonymous_28)
FN:383,(anonymous_29)
FN:384,(anonymous_30)
FN:395,(anonymous_31)
FN:434,(anonymous_32)
FN:441,(anonymous_33)
FN:481,(anonymous_34)
FN:486,(anonymous_35)
FNF:35
FNH:0
FNDA:0,formatProductVariant
FNDA:0,(anonymous_2)
FNDA:0,(anonymous_3)
FNDA:0,(anonymous_4)
FNDA:0,(anonymous_5)
FNDA:0,(anonymous_6)
FNDA:0,(anonymous_7)
FNDA:0,(anonymous_8)
FNDA:0,(anonymous_9)
FNDA:0,(anonymous_10)
FNDA:0,(anonymous_11)
FNDA:0,(anonymous_12)
FNDA:0,(anonymous_13)
FNDA:0,(anonymous_14)
FNDA:0,(anonymous_15)
FNDA:0,(anonymous_16)
FNDA:0,(anonymous_17)
FNDA:0,(anonymous_18)
FNDA:0,(anonymous_19)
FNDA:0,(anonymous_20)
FNDA:0,(anonymous_21)
FNDA:0,(anonymous_22)
FNDA:0,(anonymous_23)
FNDA:0,(anonymous_24)
FNDA:0,(anonymous_25)
FNDA:0,(anonymous_26)
FNDA:0,(anonymous_27)
FNDA:0,(anonymous_28)
FNDA:0,(anonymous_29)
FNDA:0,(anonymous_30)
FNDA:0,(anonymous_31)
FNDA:0,(anonymous_32)
FNDA:0,(anonymous_33)
FNDA:0,(anonymous_34)
FNDA:0,(anonymous_35)
DA:1,0
DA:3,0
DA:5,0
DA:6,0
DA:7,0
DA:8,0
DA:9,0
DA:10,0
DA:12,0
DA:16,0
DA:40,0
DA:41,0
DA:42,0
DA:43,0
DA:44,0
DA:46,0
DA:47,0
DA:50,0
DA:76,0
DA:81,0
DA:83,0
DA:86,0
DA:91,0
DA:92,0
DA:93,0
DA:105,0
DA:110,0
DA:112,0
DA:115,0
DA:120,0
DA:121,0
DA:122,0
DA:123,0
DA:135,0
DA:136,0
DA:140,0
DA:145,0
DA:147,0
DA:150,0
DA:155,0
DA:156,0
DA:157,0
DA:160,0
DA:161,0
DA:162,0
DA:166,0
DA:170,0
DA:171,0
DA:175,0
DA:176,0
DA:177,0
DA:178,0
DA:180,0
DA:181,0
DA:185,0
DA:186,0
DA:187,0
DA:193,0
DA:194,0
DA:195,0
DA:197,0
DA:204,0
DA:206,0
DA:207,0
DA:208,0
DA:209,0
DA:210,0
DA:211,0
DA:218,0
DA:219,0
DA:224,0
DA:225,0
DA:227,0
DA:228,0
DA:235,0
DA:240,0
DA:247,0
DA:266,0
DA:271,0
DA:273,0
DA:276,0
DA:281,0
DA:282,0
DA:283,0
DA:284,0
DA:287,0
DA:288,0
DA:295,0
DA:297,0
DA:298,0
DA:299,0
DA:302,0
DA:303,0
DA:304,0
DA:307,0
DA:308,0
DA:309,0
DA:310,0
DA:311,0
DA:312,0
DA:317,0
DA:318,0
DA:323,0
DA:324,0
DA:328,0
DA:329,0
DA:334,0
DA:335,0
DA:336,0
DA:337,0
DA:339,0
DA:340,0
DA:344,0
DA:345,0
DA:346,0
DA:352,0
DA:353,0
DA:354,0
DA:356,0
DA:363,0
DA:365,0
DA:366,0
DA:367,0
DA:368,0
DA:369,0
DA:370,0
DA:377,0
DA:378,0
DA:383,0
DA:384,0
DA:386,0
DA:387,0
DA:395,0
DA:397,0
DA:414,0
DA:416,0
DA:425,0
DA:430,0
DA:434,0
DA:441,0
DA:459,0
DA:462,0
DA:466,0
DA:471,0
DA:473,0
DA:476,0
DA:481,0
DA:482,0
DA:483,0
DA:486,0
DA:488,0
DA:497,0
DA:502,0
DA:507,0
DA:509,0
DA:512,0
DA:516,0
LF:157
LH:0
BRDA:23,0,0,0
BRDA:23,0,1,0
BRDA:25,1,0,0
BRDA:25,1,1,0
BRDA:43,2,0,0
BRDA:43,2,1,0
BRDA:44,3,0,0
BRDA:44,3,1,0
BRDA:46,4,0,0
BRDA:83,5,0,0
BRDA:83,5,1,0
BRDA:112,6,0,0
BRDA:112,6,1,0
BRDA:135,7,0,0
BRDA:147,8,0,0
BRDA:147,8,1,0
BRDA:161,9,0,0
BRDA:170,10,0,0
BRDA:175,11,0,0
BRDA:175,12,0,0
BRDA:175,12,1,0
BRDA:178,13,0,0
BRDA:178,13,1,0
BRDA:180,14,0,0
BRDA:186,15,0,0
BRDA:194,16,0,0
BRDA:204,17,0,0
BRDA:204,18,0,0
BRDA:204,18,1,0
BRDA:208,19,0,0
BRDA:208,20,0,0
BRDA:208,20,1,0
BRDA:210,21,0,0
BRDA:218,22,0,0
BRDA:227,23,0,0
BRDA:243,24,0,0
BRDA:243,24,1,0
BRDA:244,25,0,0
BRDA:244,25,1,0
BRDA:245,26,0,0
BRDA:245,26,1,0
BRDA:273,27,0,0
BRDA:273,27,1,0
BRDA:287,28,0,0
BRDA:287,29,0,0
BRDA:287,29,1,0
BRDA:287,29,2,0
BRDA:289,30,0,0
BRDA:289,30,1,0
BRDA:290,31,0,0
BRDA:290,31,1,0
BRDA:291,32,0,0
BRDA:291,32,1,0
BRDA:297,33,0,0
BRDA:299,34,0,0
BRDA:302,35,0,0
BRDA:304,36,0,0
BRDA:307,37,0,0
BRDA:307,38,0,0
BRDA:307,38,1,0
BRDA:311,39,0,0
BRDA:317,40,0,0
BRDA:323,41,0,0
BRDA:328,42,0,0
BRDA:334,43,0,0
BRDA:334,44,0,0
BRDA:334,44,1,0
BRDA:334,44,2,0
BRDA:337,45,0,0
BRDA:337,45,1,0
BRDA:339,46,0,0
BRDA:345,47,0,0
BRDA:353,48,0,0
BRDA:363,49,0,0
BRDA:363,50,0,0
BRDA:363,50,1,0
BRDA:363,50,2,0
BRDA:367,51,0,0
BRDA:367,52,0,0
BRDA:367,52,1,0
BRDA:369,53,0,0
BRDA:377,54,0,0
BRDA:386,55,0,0
BRDA:400,56,0,0
BRDA:400,56,1,0
BRDA:401,57,0,0
BRDA:401,57,1,0
BRDA:414,58,0,0
BRDA:414,59,0,0
BRDA:414,59,1,0
BRDA:414,59,2,0
BRDA:437,60,0,0
BRDA:437,60,1,0
BRDA:438,61,0,0
BRDA:438,61,1,0
BRDA:439,62,0,0
BRDA:439,62,1,0
BRDA:473,63,0,0
BRDA:473,63,1,0
BRDA:509,64,0,0
BRDA:509,64,1,0
BRF:101
BRH:0
end_of_record
TN:
SF:src/handlers/receiptHandler.ts
FN:46,(anonymous_10)
FN:85,(anonymous_11)
FN:135,(anonymous_12)
FN:158,(anonymous_13)
FN:164,(anonymous_14)
FN:200,(anonymous_15)
FN:218,(anonymous_16)
FN:236,(anonymous_17)
FN:254,(anonymous_18)
FN:304,(anonymous_19)
FN:355,(anonymous_20)
FN:412,(anonymous_21)
FN:470,(anonymous_22)
FN:502,(anonymous_23)
FN:503,(anonymous_24)
FN:504,(anonymous_25)
FN:528,(anonymous_26)
FN:565,(anonymous_27)
FN:596,(anonymous_28)
FN:602,(anonymous_29)
FN:631,(anonymous_30)
FN:702,(anonymous_31)
FN:728,(anonymous_32)
FN:748,(anonymous_33)
FNF:24
FNH:0
FNDA:0,(anonymous_10)
FNDA:0,(anonymous_11)
FNDA:0,(anonymous_12)
FNDA:0,(anonymous_13)
FNDA:0,(anonymous_14)
FNDA:0,(anonymous_15)
FNDA:0,(anonymous_16)
FNDA:0,(anonymous_17)
FNDA:0,(anonymous_18)
FNDA:0,(anonymous_19)
FNDA:0,(anonymous_20)
FNDA:0,(anonymous_21)
FNDA:0,(anonymous_22)
FNDA:0,(anonymous_23)
FNDA:0,(anonymous_24)
FNDA:0,(anonymous_25)
FNDA:0,(anonymous_26)
FNDA:0,(anonymous_27)
FNDA:0,(anonymous_28)
FNDA:0,(anonymous_29)
FNDA:0,(anonymous_30)
FNDA:0,(anonymous_31)
FNDA:0,(anonymous_32)
FNDA:0,(anonymous_33)
DA:1,0
DA:2,0
DA:3,0
DA:4,0
DA:5,0
DA:6,0
DA:7,0
DA:9,0
DA:10,0
DA:12,0
DA:19,0
DA:33,0
DA:41,0
DA:43,0
DA:46,0
DA:47,0
DA:48,0
DA:49,0
DA:51,0
DA:52,0
DA:55,0
DA:57,0
DA:75,0
DA:77,0
DA:80,0
DA:85,0
DA:86,0
DA:87,0
DA:88,0
DA:89,0
DA:91,0
DA:92,0
DA:95,0
DA:97,0
DA:99,0
DA:100,0
DA:103,0
DA:104,0
DA:107,0
DA:108,0
DA:111,0
DA:119,0
DA:121,0
DA:122,0
DA:126,0
DA:128,0
DA:131,0
DA:135,0
DA:136,0
DA:153,0
DA:155,0
DA:158,0
DA:161,0
DA:164,0
DA:167,0
DA:181,0
DA:190,0
DA:191,0
DA:193,0
DA:196,0
DA:200,0
DA:201,0
DA:202,0
DA:203,0
DA:205,0
DA:206,0
DA:209,0
DA:211,0
DA:214,0
DA:218,0
DA:219,0
DA:220,0
DA:221,0
DA:223,0
DA:224,0
DA:227,0
DA:229,0
DA:232,0
DA:236,0
DA:237,0
DA:238,0
DA:239,0
DA:241,0
DA:242,0
DA:245,0
DA:247,0
DA:250,0
DA:254,0
DA:255,0
DA:256,0
DA:258,0
DA:259,0
DA:262,0
DA:263,0
DA:264,0
DA:267,0
DA:269,0
DA:276,0
DA:279,0
DA:280,0
DA:284,0
DA:286,0
DA:288,0
DA:292,0
DA:293,0
DA:294,0
DA:296,0
DA:297,0
DA:300,0
DA:304,0
DA:305,0
DA:306,0
DA:307,0
DA:309,0
DA:310,0
DA:313,0
DA:315,0
DA:321,0
DA:322,0
DA:323,0
DA:326,0
DA:329,0
DA:330,0
DA:335,0
DA:337,0
DA:339,0
DA:343,0
DA:344,0
DA:345,0
DA:347,0
DA:348,0
DA:351,0
DA:355,0
DA:356,0
DA:357,0
DA:358,0
DA:360,0
DA:361,0
DA:364,0
DA:366,0
DA:367,0
DA:370,0
DA:375,0
DA:376,0
DA:377,0
DA:380,0
DA:383,0
DA:384,0
DA:392,0
DA:394,0
DA:396,0
DA:400,0
DA:401,0
DA:402,0
DA:404,0
DA:405,0
DA:408,0
DA:412,0
DA:413,0
DA:414,0
DA:415,0
DA:417,0
DA:418,0
DA:421,0
DA:422,0
DA:423,0
DA:426,0
DA:428,0
DA:435,0
DA:436,0
DA:437,0
DA:440,0
DA:443,0
DA:444,0
DA:449,0
DA:451,0
DA:453,0
DA:457,0
DA:458,0
DA:459,0
DA:461,0
DA:462,0
DA:465,0
DA:470,0
DA:471,0
DA:472,0
DA:473,0
DA:475,0
DA:476,0
DA:480,0
DA:481,0
DA:485,0
DA:486,0
DA:489,0
DA:490,0
DA:492,0
DA:493,0
DA:494,0
DA:495,0
DA:502,0
DA:503,0
DA:504,0
DA:506,0
DA:507,0
DA:510,0
DA:513,0
DA:516,0
DA:517,0
DA:518,0
DA:520,0
DA:523,0
DA:528,0
DA:529,0
DA:530,0
DA:531,0
DA:533,0
DA:534,0
DA:537,0
DA:538,0
DA:541,0
DA:544,0
DA:545,0
DA:547,0
DA:551,0
DA:552,0
DA:554,0
DA:555,0
DA:557,0
DA:560,0
DA:565,0
DA:566,0
DA:567,0
DA:568,0
DA:570,0
DA:571,0
DA:574,0
DA:575,0
DA:578,0
DA:581,0
DA:582,0
DA:583,0
DA:590,0
DA:591,0
DA:592,0
DA:596,0
DA:598,0
DA:599,0
DA:602,0
DA:603,0
DA:606,0
DA:609,0
DA:610,0
DA:615,0
DA:617,0
DA:623,0
DA:626,0
DA:631,0
DA:632,0
DA:633,0
DA:634,0
DA:636,0
DA:637,0
DA:640,0
DA:642,0
DA:643,0
DA:646,0
DA:647,0
DA:650,0
DA:656,0
DA:659,0
DA:660,0
DA:668,0
DA:670,0
DA:675,0
DA:679,0
DA:681,0
DA:682,0
DA:684,0
DA:685,0
DA:687,0
DA:688,0
DA:690,0
DA:691,0
DA:693,0
DA:694,0
DA:697,0
DA:702,0
DA:703,0
DA:704,0
DA:705,0
DA:708,0
DA:709,0
DA:710,0
DA:713,0
DA:718,0
DA:720,0
DA:723,0
DA:728,0
DA:729,0
DA:738,0
DA:740,0
DA:742,0
DA:743,0
DA:746,0
DA:748,0
DA:749,0
DA:752,0
DA:753,0
DA:756,0
DA:757,0
DA:760,0
DA:761,0
DA:764,0
DA:769,0
DA:771,0
DA:774,0
DA:778,0
LF:317
LH:0
BRDA:51,0,0,0
BRDA:55,1,0,0
BRDA:55,1,1,0
BRDA:60,2,0,0
BRDA:60,2,1,0
BRDA:77,3,0,0
BRDA:77,3,1,0
BRDA:91,4,0,0
BRDA:95,5,0,0
BRDA:95,5,1,0
BRDA:99,6,0,0
BRDA:103,7,0,0
BRDA:103,8,0,0
BRDA:103,8,1,0
BRDA:107,9,0,0
BRDA:128,10,0,0
BRDA:128,10,1,0
BRDA:149,11,0,0
BRDA:150,12,0,0
BRDA:151,13,0,0
BRDA:152,14,0,0
BRDA:155,15,0,0
BRDA:155,15,1,0
BRDA:161,16,0,0
BRDA:161,16,1,0
BRDA:168,17,0,0
BRDA:168,17,1,0
BRDA:169,18,0,0
BRDA:169,18,1,0
BRDA:170,19,0,0
BRDA:170,19,1,0
BRDA:171,20,0,0
BRDA:171,20,1,0
BRDA:172,21,0,0
BRDA:172,21,1,0
BRDA:173,22,0,0
BRDA:173,22,1,0
BRDA:174,23,0,0
BRDA:174,23,1,0
BRDA:175,24,0,0
BRDA:175,24,1,0
BRDA:176,25,0,0
BRDA:176,25,1,0
BRDA:177,26,0,0
BRDA:177,26,1,0
BRDA:178,27,0,0
BRDA:178,27,1,0
BRDA:182,28,0,0
BRDA:182,28,1,0
BRDA:183,29,0,0
BRDA:183,29,1,0
BRDA:184,30,0,0
BRDA:184,30,1,0
BRDA:187,31,0,0
BRDA:187,31,1,0
BRDA:193,32,0,0
BRDA:193,32,1,0
BRDA:205,33,0,0
BRDA:211,34,0,0
BRDA:211,34,1,0
BRDA:223,35,0,0
BRDA:229,36,0,0
BRDA:229,36,1,0
BRDA:241,37,0,0
BRDA:247,38,0,0
BRDA:247,38,1,0
BRDA:258,39,0,0
BRDA:263,40,0,0
BRDA:271,41,0,0
BRDA:271,41,1,0
BRDA:272,42,0,0
BRDA:272,42,1,0
BRDA:273,43,0,0
BRDA:273,43,1,0
BRDA:288,44,0,0
BRDA:288,44,1,0
BRDA:292,45,0,0
BRDA:292,45,1,0
BRDA:293,46,0,0
BRDA:296,47,0,0
BRDA:309,48,0,0
BRDA:316,49,0,0
BRDA:316,49,1,0
BRDA:317,50,0,0
BRDA:317,50,1,0
BRDA:322,51,0,0
BRDA:339,52,0,0
BRDA:339,52,1,0
BRDA:343,53,0,0
BRDA:343,53,1,0
BRDA:344,54,0,0
BRDA:347,55,0,0
BRDA:360,56,0,0
BRDA:366,57,0,0
BRDA:366,58,0,0
BRDA:366,58,1,0
BRDA:366,58,2,0
BRDA:376,59,0,0
BRDA:396,60,0,0
BRDA:396,60,1,0
BRDA:400,61,0,0
BRDA:400,61,1,0
BRDA:401,62,0,0
BRDA:404,63,0,0
BRDA:417,64,0,0
BRDA:422,65,0,0
BRDA:429,66,0,0
BRDA:429,66,1,0
BRDA:429,67,0,0
BRDA:429,67,1,0
BRDA:430,68,0,0
BRDA:430,68,1,0
BRDA:430,69,0,0
BRDA:430,69,1,0
BRDA:431,70,0,0
BRDA:431,70,1,0
BRDA:431,71,0,0
BRDA:431,71,1,0
BRDA:436,72,0,0
BRDA:453,73,0,0
BRDA:453,73,1,0
BRDA:457,74,0,0
BRDA:457,74,1,0
BRDA:458,75,0,0
BRDA:461,76,0,0
BRDA:475,77,0,0
BRDA:480,78,0,0
BRDA:485,79,0,0
BRDA:520,80,0,0
BRDA:520,80,1,0
BRDA:533,81,0,0
BRDA:537,82,0,0
BRDA:557,83,0,0
BRDA:557,83,1,0
BRDA:570,84,0,0
BRDA:574,85,0,0
BRDA:581,86,0,0
BRDA:591,87,0,0
BRDA:623,88,0,0
BRDA:623,88,1,0
BRDA:636,89,0,0
BRDA:640,90,0,0
BRDA:642,91,0,0
BRDA:642,92,0,0
BRDA:642,92,1,0
BRDA:646,93,0,0
BRDA:646,94,0,0
BRDA:646,94,1,0
BRDA:646,94,2,0
BRDA:653,95,0,0
BRDA:653,95,1,0
BRDA:675,96,0,0
BRDA:675,96,1,0
BRDA:679,97,0,0
BRDA:679,97,1,0
BRDA:681,98,0,0
BRDA:684,99,0,0
BRDA:687,100,0,0
BRDA:690,101,0,0
BRDA:693,102,0,0
BRDA:705,103,0,0
BRDA:705,104,0,0
BRDA:709,105,0,0
BRDA:714,106,0,0
BRDA:714,106,1,0
BRDA:715,107,0,0
BRDA:715,107,1,0
BRDA:720,108,0,0
BRDA:720,108,1,0
BRDA:736,109,0,0
BRDA:737,110,0,0
BRDA:742,111,0,0
BRDA:746,112,0,0
BRDA:749,113,0,0
BRDA:749,113,1,0
BRDA:752,114,0,0
BRDA:756,115,0,0
BRDA:760,116,0,0
BRDA:765,117,0,0
BRDA:765,117,1,0
BRDA:766,118,0,0
BRDA:766,118,1,0
BRDA:771,119,0,0
BRDA:771,119,1,0
BRF:184
BRH:0
end_of_record
TN:
SF:src/handlers/rooms.ts
FN:12,(anonymous_1)
FN:22,(anonymous_2)
FN:43,(anonymous_3)
FN:67,(anonymous_4)
FN:137,(anonymous_5)
FN:222,(anonymous_6)
FNF:6
FNH:0
FNDA:0,(anonymous_1)
FNDA:0,(anonymous_2)
FNDA:0,(anonymous_3)
FNDA:0,(anonymous_4)
FNDA:0,(anonymous_5)
FNDA:0,(anonymous_6)
DA:1,0
DA:2,0
DA:3,0
DA:4,0
DA:5,0
DA:6,0
DA:7,0
DA:9,0
DA:12,0
DA:13,0
DA:18,0
DA:22,0
DA:23,0
DA:24,0
DA:33,0
DA:35,0
DA:38,0
DA:43,0
DA:44,0
DA:45,0
DA:46,0
DA:53,0
DA:54,0
DA:57,0
DA:59,0
DA:62,0
DA:67,0
DA:68,0
DA:69,0
DA:72,0
DA:73,0
DA:79,0
DA:80,0
DA:81,0
DA:82,0
DA:85,0
DA:86,0
DA:87,0
DA:89,0
DA:93,0
DA:94,0
DA:95,0
DA:99,0
DA:108,0
DA:109,0
DA:113,0
DA:114,0
DA:117,0
DA:127,0
DA:129,0
DA:132,0
DA:137,0
DA:138,0
DA:139,0
DA:140,0
DA:143,0
DA:147,0
DA:148,0
DA:154,0
DA:155,0
DA:156,0
DA:157,0
DA:159,0
DA:160,0
DA:163,0
DA:164,0
DA:165,0
DA:167,0
DA:172,0
DA:173,0
DA:174,0
DA:175,0
DA:179,0
DA:191,0
DA:192,0
DA:197,0
DA:198,0
DA:201,0
DA:212,0
DA:214,0
DA:217,0
DA:222,0
DA:223,0
DA:224,0
DA:226,0
DA:230,0
DA:231,0
DA:235,0
DA:241,0
DA:242,0
DA:248,0
DA:252,0
DA:254,0
DA:257,0
DA:261,0
LF:95
LH:0
BRDA:35,0,0,0
BRDA:35,0,1,0
BRDA:53,1,0,0
BRDA:59,2,0,0
BRDA:59,2,1,0
BRDA:72,3,0,0
BRDA:81,4,0,0
BRDA:85,5,0,0
BRDA:94,6,0,0
BRDA:108,7,0,0
BRDA:113,8,0,0
BRDA:113,9,0,0
BRDA:113,9,1,0
BRDA:129,10,0,0
BRDA:129,10,1,0
BRDA:147,11,0,0
BRDA:154,12,0,0
BRDA:154,13,0,0
BRDA:154,13,1,0
BRDA:156,14,0,0
BRDA:159,15,0,0
BRDA:163,16,0,0
BRDA:172,17,0,0
BRDA:174,18,0,0
BRDA:191,19,0,0
BRDA:197,20,0,0
BRDA:197,21,0,0
BRDA:197,21,1,0
BRDA:204,22,0,0
BRDA:204,22,1,0
BRDA:205,23,0,0
BRDA:205,23,1,0
BRDA:214,24,0,0
BRDA:214,24,1,0
BRDA:230,25,0,0
BRDA:241,26,0,0
BRDA:254,27,0,0
BRDA:254,27,1,0
BRF:38
BRH:0
end_of_record
TN:
SF:src/handlers/settings.ts
FN:24,(anonymous_1)
FN:35,formatTaxRate
FN:51,(anonymous_3)
FN:178,(anonymous_4)
FN:237,(anonymous_5)
FN:267,(anonymous_6)
FN:477,(anonymous_7)
FN:503,(anonymous_8)
FN:530,(anonymous_9)
FN:566,(anonymous_10)
FN:572,(anonymous_11)
FN:576,(anonymous_12)
FN:580,(anonymous_13)
FN:584,(anonymous_14)
FN:590,(anonymous_15)
FN:591,(anonymous_16)
FN:638,(anonymous_17)
FNF:17
FNH:0
FNDA:0,(anonymous_1)
FNDA:0,formatTaxRate
FNDA:0,(anonymous_3)
FNDA:0,(anonymous_4)
FNDA:0,(anonymous_5)
FNDA:0,(anonymous_6)
FNDA:0,(anonymous_7)
FNDA:0,(anonymous_8)
FNDA:0,(anonymous_9)
FNDA:0,(anonymous_10)
FNDA:0,(anonymous_11)
FNDA:0,(anonymous_12)
FNDA:0,(anonymous_13)
FNDA:0,(anonymous_14)
FNDA:0,(anonymous_15)
FNDA:0,(anonymous_16)
FNDA:0,(anonymous_17)
DA:1,0
DA:2,0
DA:3,0
DA:5,0
DA:6,0
DA:7,0
DA:8,0
DA:9,0
DA:11,0
DA:12,0
DA:13,0
DA:14,0
DA:16,0
DA:18,0
DA:25,0
DA:36,0
DA:37,0
DA:51,0
DA:52,0
DA:54,0
DA:60,0
DA:62,0
DA:110,0
DA:114,0
DA:117,0
DA:119,0
DA:168,0
DA:170,0
DA:173,0
DA:178,0
DA:179,0
DA:180,0
DA:181,0
DA:182,0
DA:185,0
DA:186,0
DA:195,0
DA:196,0
DA:197,0
DA:200,0
DA:203,0
DA:204,0
DA:209,0
DA:219,0
DA:220,0
DA:222,0
DA:223,0
DA:229,0
DA:232,0
DA:237,0
DA:238,0
DA:239,0
DA:241,0
DA:242,0
DA:243,0
DA:246,0
DA:247,0
DA:249,0
DA:254,0
DA:255,0
DA:257,0
DA:259,0
DA:262,0
DA:267,0
DA:268,0
DA:269,0
DA:272,0
DA:273,0
DA:274,0
DA:275,0
DA:280,0
DA:281,0
DA:285,0
DA:286,0
DA:287,0
DA:290,0
DA:291,0
DA:292,0
DA:297,0
DA:298,0
DA:299,0
DA:300,0
DA:302,0
DA:303,0
DA:304,0
DA:309,0
DA:310,0
DA:311,0
DA:312,0
DA:314,0
DA:315,0
DA:316,0
DA:321,0
DA:325,0
DA:327,0
DA:369,0
DA:411,0
DA:412,0
DA:415,0
DA:418,0
DA:467,0
DA:469,0
DA:472,0
DA:477,0
DA:478,0
DA:479,0
DA:481,0
DA:494,0
DA:497,0
DA:503,0
DA:504,0
DA:505,0
DA:507,0
DA:509,0
DA:511,0
DA:512,0
DA:513,0
DA:518,0
DA:520,0
DA:521,0
DA:522,0
DA:523,0
DA:526,0
DA:530,0
DA:531,0
DA:532,0
DA:533,0
DA:535,0
DA:538,0
DA:539,0
DA:540,0
DA:541,0
DA:544,0
DA:545,0
DA:546,0
DA:550,0
DA:553,0
DA:566,0
DA:567,0
DA:569,0
DA:570,0
DA:572,0
DA:573,0
DA:576,0
DA:577,0
DA:580,0
DA:581,0
DA:584,0
DA:585,0
DA:590,0
DA:591,0
DA:592,0
DA:597,0
DA:600,0
DA:601,0
DA:602,0
DA:606,0
DA:607,0
DA:608,0
DA:609,0
DA:612,0
DA:613,0
DA:616,0
DA:619,0
DA:620,0
DA:623,0
DA:626,0
DA:627,0
DA:630,0
DA:631,0
DA:634,0
DA:638,0
DA:639,0
DA:640,0
DA:642,0
DA:645,0
DA:646,0
DA:647,0
DA:648,0
DA:650,0
DA:651,0
DA:652,0
DA:653,0
DA:655,0
DA:656,0
DA:657,0
DA:660,0
DA:661,0
DA:666,0
DA:669,0
DA:675,0
DA:677,0
DA:694,0
DA:695,0
DA:701,0
DA:705,0
DA:712,0
DA:716,0
DA:724,0
LF:199
LH:0
BRDA:25,0,0,0
BRDA:25,0,1,0
BRDA:36,1,0,0
BRDA:60,2,0,0
BRDA:117,3,0,0
BRDA:117,3,1,0
BRDA:128,4,0,0
BRDA:128,4,1,0
BRDA:129,5,0,0
BRDA:129,5,1,0
BRDA:162,6,0,0
BRDA:162,6,1,0
BRDA:163,7,0,0
BRDA:163,7,1,0
BRDA:164,8,0,0
BRDA:164,8,1,0
BRDA:170,9,0,0
BRDA:170,9,1,0
BRDA:180,10,0,0
BRDA:195,11,0,0
BRDA:203,12,0,0
BRDA:203,12,1,0
BRDA:222,13,0,0
BRDA:222,13,1,0
BRDA:229,14,0,0
BRDA:229,14,1,0
BRDA:241,15,0,0
BRDA:241,16,0,0
BRDA:241,16,1,0
BRDA:259,17,0,0
BRDA:259,17,1,0
BRDA:272,18,0,0
BRDA:273,19,0,0
BRDA:273,20,0,0
BRDA:273,20,1,0
BRDA:280,21,0,0
BRDA:280,22,0,0
BRDA:280,22,1,0
BRDA:285,23,0,0
BRDA:290,24,0,0
BRDA:297,25,0,0
BRDA:298,26,0,0
BRDA:298,27,0,0
BRDA:298,27,1,0
BRDA:298,27,2,0
BRDA:302,28,0,0
BRDA:302,29,0,0
BRDA:302,29,1,0
BRDA:309,30,0,0
BRDA:310,31,0,0
BRDA:310,32,0,0
BRDA:310,32,1,0
BRDA:314,33,0,0
BRDA:325,34,0,0
BRDA:325,34,1,0
BRDA:331,35,0,0
BRDA:331,35,1,0
BRDA:334,36,0,0
BRDA:334,36,1,0
BRDA:335,37,0,0
BRDA:335,37,1,0
BRDA:336,38,0,0
BRDA:336,38,1,0
BRDA:337,39,0,0
BRDA:337,39,1,0
BRDA:338,40,0,0
BRDA:338,40,1,0
BRDA:339,41,0,0
BRDA:339,41,1,0
BRDA:340,42,0,0
BRDA:340,42,1,0
BRDA:341,43,0,0
BRDA:341,43,1,0
BRDA:342,44,0,0
BRDA:342,44,1,0
BRDA:343,45,0,0
BRDA:343,45,1,0
BRDA:344,46,0,0
BRDA:344,46,1,0
BRDA:345,47,0,0
BRDA:345,47,1,0
BRDA:346,48,0,0
BRDA:346,48,1,0
BRDA:347,49,0,0
BRDA:347,49,1,0
BRDA:348,50,0,0
BRDA:348,50,1,0
BRDA:349,51,0,0
BRDA:349,51,1,0
BRDA:350,52,0,0
BRDA:350,52,1,0
BRDA:351,53,0,0
BRDA:351,53,1,0
BRDA:352,54,0,0
BRDA:352,54,1,0
BRDA:353,55,0,0
BRDA:353,55,1,0
BRDA:354,56,0,0
BRDA:354,56,1,0
BRDA:355,57,0,0
BRDA:355,57,1,0
BRDA:356,58,0,0
BRDA:356,58,1,0
BRDA:357,59,0,0
BRDA:357,59,1,0
BRDA:358,60,0,0
BRDA:358,60,1,0
BRDA:359,61,0,0
BRDA:359,61,1,0
BRDA:360,62,0,0
BRDA:360,62,1,0
BRDA:361,63,0,0
BRDA:361,63,1,0
BRDA:371,64,0,0
BRDA:371,64,1,0
BRDA:372,65,0,0
BRDA:372,65,1,0
BRDA:373,66,0,0
BRDA:373,66,1,0
BRDA:374,67,0,0
BRDA:374,67,1,0
BRDA:375,68,0,0
BRDA:375,68,1,0
BRDA:376,69,0,0
BRDA:376,69,1,0
BRDA:377,70,0,0
BRDA:377,70,1,0
BRDA:378,71,0,0
BRDA:378,71,1,0
BRDA:379,72,0,0
BRDA:379,72,1,0
BRDA:380,73,0,0
BRDA:380,73,1,0
BRDA:381,74,0,0
BRDA:381,74,1,0
BRDA:382,75,0,0
BRDA:382,75,1,0
BRDA:383,76,0,0
BRDA:383,76,1,0
BRDA:384,77,0,0
BRDA:384,77,1,0
BRDA:385,78,0,0
BRDA:385,78,1,0
BRDA:386,79,0,0
BRDA:386,79,1,0
BRDA:387,80,0,0
BRDA:387,80,1,0
BRDA:388,81,0,0
BRDA:388,81,1,0
BRDA:389,82,0,0
BRDA:389,82,1,0
BRDA:390,83,0,0
BRDA:390,83,1,0
BRDA:391,84,0,0
BRDA:391,84,1,0
BRDA:392,85,0,0
BRDA:392,85,1,0
BRDA:393,86,0,0
BRDA:393,86,1,0
BRDA:394,87,0,0
BRDA:394,87,1,0
BRDA:395,88,0,0
BRDA:395,88,1,0
BRDA:396,89,0,0
BRDA:396,89,1,0
BRDA:397,90,0,0
BRDA:397,90,1,0
BRDA:398,91,0,0
BRDA:398,91,1,0
BRDA:399,92,0,0
BRDA:399,92,1,0
BRDA:400,93,0,0
BRDA:400,93,1,0
BRDA:401,94,0,0
BRDA:401,94,1,0
BRDA:402,95,0,0
BRDA:402,95,1,0
BRDA:427,96,0,0
BRDA:427,96,1,0
BRDA:428,97,0,0
BRDA:428,97,1,0
BRDA:439,98,0,0
BRDA:439,98,1,0
BRDA:461,99,0,0
BRDA:461,99,1,0
BRDA:462,100,0,0
BRDA:462,100,1,0
BRDA:463,101,0,0
BRDA:463,101,1,0
BRDA:469,102,0,0
BRDA:469,102,1,0
BRDA:485,103,0,0
BRDA:485,103,1,0
BRDA:486,104,0,0
BRDA:486,104,1,0
BRDA:494,105,0,0
BRDA:494,105,1,0
BRDA:511,106,0,0
BRDA:520,107,0,0
BRDA:531,108,0,0
BRDA:531,109,0,0
BRDA:531,109,1,0
BRDA:544,110,0,0
BRDA:544,111,0,0
BRDA:544,111,1,0
BRDA:544,111,2,0
BRDA:544,111,3,0
BRDA:581,112,0,0
BRDA:581,112,1,0
BRDA:600,113,0,0
BRDA:606,114,0,0
BRDA:612,115,0,0
BRDA:612,116,0,0
BRDA:612,116,1,0
BRDA:626,117,0,0
BRDA:630,118,0,0
BRDA:630,118,1,0
BRDA:645,119,0,0
BRDA:645,119,1,0
BRDA:646,120,0,0
BRDA:651,121,0,0
BRDA:656,122,0,0
BRDA:660,123,0,0
BRDA:686,124,0,0
BRDA:686,124,1,0
BRDA:694,125,0,0
BRDA:694,125,1,0
BRDA:701,126,0,0
BRDA:701,126,1,0
BRDA:702,127,0,0
BRDA:702,127,1,0
BRDA:703,128,0,0
BRDA:703,128,1,0
BRDA:713,129,0,0
BRDA:713,129,1,0
BRF:235
BRH:0
end_of_record
TN:
SF:src/handlers/stockAdjustments.ts
FN:13,(anonymous_1)
FN:28,(anonymous_2)
FN:51,(anonymous_3)
FN:72,(anonymous_4)
FN:107,(anonymous_5)
FN:122,(anonymous_6)
FN:133,(anonymous_7)
FN:136,(anonymous_8)
FN:148,(anonymous_9)
FN:163,(anonymous_10)
FN:174,(anonymous_11)
FN:177,(anonymous_12)
FN:187,(anonymous_13)
FN:210,(anonymous_14)
FN:225,(anonymous_15)
FN:236,(anonymous_16)
FN:239,(anonymous_17)
FNF:17
FNH:0
FNDA:0,(anonymous_1)
FNDA:0,(anonymous_2)
FNDA:0,(anonymous_3)
FNDA:0,(anonymous_4)
FNDA:0,(anonymous_5)
FNDA:0,(anonymous_6)
FNDA:0,(anonymous_7)
FNDA:0,(anonymous_8)
FNDA:0,(anonymous_9)
FNDA:0,(anonymous_10)
FNDA:0,(anonymous_11)
FNDA:0,(anonymous_12)
FNDA:0,(anonymous_13)
FNDA:0,(anonymous_14)
FNDA:0,(anonymous_15)
FNDA:0,(anonymous_16)
FNDA:0,(anonymous_17)
DA:1,0
DA:3,0
DA:5,0
DA:6,0
DA:7,0
DA:8,0
DA:10,0
DA:13,0
DA:14,0
DA:15,0
DA:18,0
DA:20,0
DA:23,0
DA:28,0
DA:29,0
DA:30,0
DA:33,0
DA:37,0
DA:38,0
DA:41,0
DA:43,0
DA:46,0
DA:51,0
DA:52,0
DA:53,0
DA:56,0
DA:57,0
DA:58,0
DA:62,0
DA:66,0
DA:67,0
DA:72,0
DA:74,0
DA:84,0
DA:97,0
DA:99,0
DA:102,0
DA:107,0
DA:108,0
DA:110,0
DA:122,0
DA:125,0
DA:133,0
DA:136,0
DA:138,0
DA:140,0
DA:143,0
DA:148,0
DA:149,0
DA:151,0
DA:163,0
DA:166,0
DA:174,0
DA:177,0
DA:179,0
DA:180,0
DA:187,0
DA:190,0
DA:196,0
DA:202,0
DA:205,0
DA:210,0
DA:211,0
DA:213,0
DA:225,0
DA:228,0
DA:236,0
DA:239,0
DA:241,0
DA:248,0
DA:250,0
DA:256,0
DA:259,0
DA:263,0
LF:74
LH:0
BRDA:20,0,0,0
BRDA:20,0,1,0
BRDA:37,1,0,0
BRDA:43,2,0,0
BRDA:43,2,1,0
BRDA:57,3,0,0
BRDA:57,4,0,0
BRDA:57,4,1,0
BRDA:66,5,0,0
BRDA:99,6,0,0
BRDA:99,6,1,0
BRDA:140,7,0,0
BRDA:140,7,1,0
BRDA:179,8,0,0
BRDA:202,9,0,0
BRDA:202,9,1,0
BRDA:251,10,0,0
BRDA:251,10,1,0
BRDA:256,11,0,0
BRDA:256,11,1,0
BRF:20
BRH:0
end_of_record
TN:
SF:src/handlers/stockItems.ts
FN:15,(anonymous_1)
FN:19,(anonymous_2)
FN:31,(anonymous_3)
FN:63,(anonymous_4)
FN:91,(anonymous_5)
FN:100,(anonymous_6)
FN:105,(anonymous_7)
FN:124,(anonymous_8)
FN:125,(anonymous_9)
FN:140,(anonymous_10)
FN:165,(anonymous_11)
FN:211,(anonymous_12)
FN:301,(anonymous_13)
FN:334,(anonymous_14)
FN:349,(anonymous_15)
FN:359,(anonymous_16)
FN:362,(anonymous_17)
FN:365,(anonymous_18)
FN:382,(anonymous_19)
FN:397,(anonymous_20)
FN:407,(anonymous_21)
FN:410,(anonymous_22)
FN:413,(anonymous_23)
FN:430,(anonymous_24)
FN:451,(anonymous_25)
FN:466,(anonymous_26)
FN:476,(anonymous_27)
FN:479,(anonymous_28)
FN:482,(anonymous_29)
FN:519,(anonymous_30)
FNF:30
FNH:0
FNDA:0,(anonymous_1)
FNDA:0,(anonymous_2)
FNDA:0,(anonymous_3)
FNDA:0,(anonymous_4)
FNDA:0,(anonymous_5)
FNDA:0,(anonymous_6)
FNDA:0,(anonymous_7)
FNDA:0,(anonymous_8)
FNDA:0,(anonymous_9)
FNDA:0,(anonymous_10)
FNDA:0,(anonymous_11)
FNDA:0,(anonymous_12)
FNDA:0,(anonymous_13)
FNDA:0,(anonymous_14)
FNDA:0,(anonymous_15)
FNDA:0,(anonymous_16)
FNDA:0,(anonymous_17)
FNDA:0,(anonymous_18)
FNDA:0,(anonymous_19)
FNDA:0,(anonymous_20)
FNDA:0,(anonymous_21)
FNDA:0,(anonymous_22)
FNDA:0,(anonymous_23)
FNDA:0,(anonymous_24)
FNDA:0,(anonymous_25)
FNDA:0,(anonymous_26)
FNDA:0,(anonymous_27)
FNDA:0,(anonymous_28)
FNDA:0,(anonymous_29)
FNDA:0,(anonymous_30)
DA:1,0
DA:2,0
DA:5,0
DA:6,0
DA:7,0
DA:8,0
DA:9,0
DA:10,0
DA:12,0
DA:15,0
DA:16,0
DA:17,0
DA:19,0
DA:23,0
DA:25,0
DA:26,0
DA:31,0
DA:32,0
DA:33,0
DA:36,0
DA:37,0
DA:38,0
DA:41,0
DA:45,0
DA:46,0
DA:50,0
DA:55,0
DA:57,0
DA:58,0
DA:63,0
DA:64,0
DA:65,0
DA:68,0
DA:69,0
DA:70,0
DA:73,0
DA:83,0
DA:85,0
DA:86,0
DA:91,0
DA:92,0
DA:93,0
DA:95,0
DA:96,0
DA:100,0
DA:102,0
DA:103,0
DA:105,0
DA:107,0
DA:108,0
DA:112,0
DA:117,0
DA:118,0
DA:119,0
DA:123,0
DA:124,0
DA:125,0
DA:129,0
DA:131,0
DA:132,0
DA:134,0
DA:136,0
DA:139,0
DA:140,0
DA:141,0
DA:151,0
DA:152,0
DA:153,0
DA:165,0
DA:166,0
DA:168,0
DA:172,0
DA:173,0
DA:176,0
DA:188,0
DA:189,0
DA:190,0
DA:197,0
DA:200,0
DA:202,0
DA:203,0
DA:205,0
DA:206,0
DA:211,0
DA:212,0
DA:213,0
DA:216,0
DA:217,0
DA:218,0
DA:221,0
DA:224,0
DA:225,0
DA:233,0
DA:235,0
DA:236,0
DA:237,0
DA:240,0
DA:241,0
DA:242,0
DA:245,0
DA:246,0
DA:247,0
DA:250,0
DA:251,0
DA:252,0
DA:253,0
DA:254,0
DA:255,0
DA:260,0
DA:261,0
DA:266,0
DA:267,0
DA:268,0
DA:269,0
DA:270,0
DA:271,0
DA:272,0
DA:276,0
DA:277,0
DA:281,0
DA:282,0
DA:285,0
DA:288,0
DA:293,0
DA:295,0
DA:296,0
DA:301,0
DA:302,0
DA:303,0
DA:306,0
DA:307,0
DA:308,0
DA:312,0
DA:316,0
DA:317,0
DA:322,0
DA:326,0
DA:328,0
DA:329,0
DA:334,0
DA:335,0
DA:338,0
DA:349,0
DA:350,0
DA:359,0
DA:362,0
DA:365,0
DA:374,0
DA:376,0
DA:377,0
DA:382,0
DA:383,0
DA:386,0
DA:397,0
DA:398,0
DA:407,0
DA:410,0
DA:413,0
DA:422,0
DA:423,0
DA:430,0
DA:433,0
DA:439,0
DA:445,0
DA:446,0
DA:451,0
DA:452,0
DA:455,0
DA:466,0
DA:467,0
DA:476,0
DA:479,0
DA:482,0
DA:492,0
DA:501,0
DA:512,0
DA:519,0
DA:527,0
DA:530,0
DA:536,0
DA:537,0
DA:541,0
LF:182
LH:0
BRDA:37,0,0,0
BRDA:45,1,0,0
BRDA:68,2,0,0
BRDA:68,2,1,0
BRDA:69,3,0,0
BRDA:78,4,0,0
BRDA:78,4,1,0
BRDA:79,5,0,0
BRDA:79,5,1,0
BRDA:79,5,2,0
BRDA:95,6,0,0
BRDA:95,7,0,0
BRDA:95,7,1,0
BRDA:103,8,0,0
BRDA:103,8,1,0
BRDA:103,8,2,0
BRDA:107,9,0,0
BRDA:134,10,0,0
BRDA:139,11,0,0
BRDA:143,12,0,0
BRDA:143,12,1,0
BRDA:151,13,0,0
BRDA:172,14,0,0
BRDA:172,15,0,0
BRDA:172,15,1,0
BRDA:188,16,0,0
BRDA:200,17,0,0
BRDA:200,18,0,0
BRDA:200,18,1,0
BRDA:217,19,0,0
BRDA:224,20,0,0
BRDA:224,21,0,0
BRDA:224,21,1,0
BRDA:224,21,2,0
BRDA:224,21,3,0
BRDA:226,22,0,0
BRDA:226,22,1,0
BRDA:227,23,0,0
BRDA:227,23,1,0
BRDA:228,24,0,0
BRDA:228,24,1,0
BRDA:229,25,0,0
BRDA:229,25,1,0
BRDA:235,26,0,0
BRDA:237,27,0,0
BRDA:240,28,0,0
BRDA:242,29,0,0
BRDA:245,30,0,0
BRDA:247,31,0,0
BRDA:250,32,0,0
BRDA:250,33,0,0
BRDA:250,33,1,0
BRDA:254,34,0,0
BRDA:260,35,0,0
BRDA:267,36,0,0
BRDA:268,37,0,0
BRDA:269,38,0,0
BRDA:270,39,0,0
BRDA:270,40,0,0
BRDA:270,40,1,0
BRDA:271,41,0,0
BRDA:271,42,0,0
BRDA:271,42,1,0
BRDA:276,43,0,0
BRDA:281,44,0,0
BRDA:307,45,0,0
BRDA:316,46,0,0
BRDA:422,47,0,0
BRDA:527,48,0,0
BRDA:527,48,1,0
BRDA:531,49,0,0
BRDA:531,49,1,0
BRF:72
BRH:0
end_of_record
TN:
SF:src/handlers/tables.ts
FN:14,(anonymous_1)
FN:22,(anonymous_2)
FN:48,(anonymous_3)
FN:63,(anonymous_4)
FN:93,(anonymous_5)
FN:160,(anonymous_6)
FN:249,(anonymous_7)
FN:289,(anonymous_8)
FN:327,(anonymous_9)
FNF:9
FNH:0
FNDA:0,(anonymous_1)
FNDA:0,(anonymous_2)
FNDA:0,(anonymous_3)
FNDA:0,(anonymous_4)
FNDA:0,(anonymous_5)
FNDA:0,(anonymous_6)
FNDA:0,(anonymous_7)
FNDA:0,(anonymous_8)
FNDA:0,(anonymous_9)
DA:1,0
DA:2,0
DA:3,0
DA:4,0
DA:5,0
DA:6,0
DA:7,0
DA:8,0
DA:9,0
DA:11,0
DA:14,0
DA:15,0
DA:18,0
DA:22,0
DA:23,0
DA:24,0
DA:25,0
DA:26,0
DA:30,0
DA:37,0
DA:48,0
DA:53,0
DA:55,0
DA:58,0
DA:63,0
DA:64,0
DA:65,0
DA:66,0
DA:73,0
DA:74,0
DA:78,0
DA:83,0
DA:85,0
DA:88,0
DA:93,0
DA:94,0
DA:95,0
DA:98,0
DA:99,0
DA:104,0
DA:105,0
DA:107,0
DA:108,0
DA:109,0
DA:111,0
DA:115,0
DA:119,0
DA:120,0
DA:124,0
DA:125,0
DA:126,0
DA:132,0
DA:150,0
DA:152,0
DA:155,0
DA:160,0
DA:161,0
DA:162,0
DA:163,0
DA:165,0
DA:169,0
DA:170,0
DA:175,0
DA:176,0
DA:177,0
DA:179,0
DA:180,0
DA:181,0
DA:183,0
DA:188,0
DA:189,0
DA:193,0
DA:194,0
DA:199,0
DA:200,0
DA:201,0
DA:208,0
DA:209,0
DA:210,0
DA:211,0
DA:215,0
DA:234,0
DA:239,0
DA:241,0
DA:244,0
DA:249,0
DA:250,0
DA:251,0
DA:253,0
DA:257,0
DA:258,0
DA:262,0
DA:268,0
DA:269,0
DA:275,0
DA:279,0
DA:281,0
DA:284,0
DA:289,0
DA:290,0
DA:291,0
DA:292,0
DA:294,0
DA:298,0
DA:299,0
DA:302,0
DA:303,0
DA:306,0
DA:317,0
DA:319,0
DA:322,0
DA:327,0
DA:328,0
DA:329,0
DA:330,0
DA:332,0
DA:333,0
DA:337,0
DA:338,0
DA:339,0
DA:345,0
DA:349,0
DA:350,0
DA:354,0
DA:355,0
DA:356,0
DA:359,0
DA:365,0
DA:367,0
DA:370,0
DA:374,0
LF:131
LH:0
BRDA:26,0,0,0
BRDA:26,0,1,0
BRDA:30,1,0,0
BRDA:30,1,1,0
BRDA:55,2,0,0
BRDA:55,2,1,0
BRDA:73,3,0,0
BRDA:85,4,0,0
BRDA:85,4,1,0
BRDA:98,5,0,0
BRDA:98,6,0,0
BRDA:98,6,1,0
BRDA:107,7,0,0
BRDA:119,8,0,0
BRDA:125,9,0,0
BRDA:136,10,0,0
BRDA:136,10,1,0
BRDA:137,11,0,0
BRDA:137,11,1,0
BRDA:138,12,0,0
BRDA:138,12,1,0
BRDA:139,13,0,0
BRDA:139,13,1,0
BRDA:140,14,0,0
BRDA:140,14,1,0
BRDA:141,15,0,0
BRDA:141,15,1,0
BRDA:142,16,0,0
BRDA:142,16,1,0
BRDA:152,17,0,0
BRDA:152,17,1,0
BRDA:169,18,0,0
BRDA:175,19,0,0
BRDA:179,20,0,0
BRDA:188,21,0,0
BRDA:193,22,0,0
BRDA:200,23,0,0
BRDA:208,24,0,0
BRDA:210,25,0,0
BRDA:218,26,0,0
BRDA:218,26,1,0
BRDA:219,27,0,0
BRDA:219,27,1,0
BRDA:220,28,0,0
BRDA:220,28,1,0
BRDA:221,29,0,0
BRDA:221,29,1,0
BRDA:222,30,0,0
BRDA:222,30,1,0
BRDA:223,31,0,0
BRDA:223,31,1,0
BRDA:224,32,0,0
BRDA:224,32,1,0
BRDA:225,33,0,0
BRDA:225,33,1,0
BRDA:226,34,0,0
BRDA:226,34,1,0
BRDA:241,35,0,0
BRDA:241,35,1,0
BRDA:257,36,0,0
BRDA:268,37,0,0
BRDA:281,38,0,0
BRDA:281,38,1,0
BRDA:298,39,0,0
BRDA:302,40,0,0
BRDA:302,41,0,0
BRDA:302,41,1,0
BRDA:319,42,0,0
BRDA:319,42,1,0
BRDA:332,43,0,0
BRDA:338,44,0,0
BRDA:349,45,0,0
BRDA:355,46,0,0
BRDA:367,47,0,0
BRDA:367,47,1,0
BRF:75
BRH:0
end_of_record
TN:
SF:src/handlers/tabs.ts
FN:12,updateTableStatus
FN:30,tableHasOtherTabs
FN:42,(anonymous_3)
FN:51,(anonymous_4)
FN:69,(anonymous_5)
FN:100,(anonymous_6)
FN:188,(anonymous_7)
FN:282,(anonymous_8)
FN:313,(anonymous_9)
FNF:9
FNH:0
FNDA:0,updateTableStatus
FNDA:0,tableHasOtherTabs
FNDA:0,(anonymous_3)
FNDA:0,(anonymous_4)
FNDA:0,(anonymous_5)
FNDA:0,(anonymous_6)
FNDA:0,(anonymous_7)
FNDA:0,(anonymous_8)
FNDA:0,(anonymous_9)
DA:1,0
DA:2,0
DA:4,0
DA:5,0
DA:6,0
DA:7,0
DA:8,0
DA:9,0
DA:13,0
DA:15,0
DA:16,0
DA:20,0
DA:22,0
DA:25,0
DA:31,0
DA:32,0
DA:33,0
DA:35,0
DA:36,0
DA:39,0
DA:42,0
DA:43,0
DA:44,0
DA:51,0
DA:52,0
DA:53,0
DA:59,0
DA:61,0
DA:64,0
DA:69,0
DA:70,0
DA:71,0
DA:72,0
DA:79,0
DA:80,0
DA:84,0
DA:90,0
DA:92,0
DA:95,0
DA:100,0
DA:101,0
DA:102,0
DA:105,0
DA:108,0
DA:109,0
DA:112,0
DA:116,0
DA:117,0
DA:118,0
DA:119,0
DA:122,0
DA:124,0
DA:125,0
DA:128,0
DA:134,0
DA:138,0
DA:139,0
DA:142,0
DA:146,0
DA:147,0
DA:151,0
DA:152,0
DA:156,0
DA:159,0
DA:171,0
DA:172,0
DA:175,0
DA:178,0
DA:180,0
DA:183,0
DA:188,0
DA:189,0
DA:190,0
DA:191,0
DA:194,0
DA:195,0
DA:196,0
DA:200,0
DA:207,0
DA:208,0
DA:213,0
DA:214,0
DA:215,0
DA:216,0
DA:219,0
DA:221,0
DA:222,0
DA:225,0
DA:231,0
DA:232,0
DA:236,0
DA:237,0
DA:242,0
DA:246,0
DA:258,0
DA:260,0
DA:261,0
DA:262,0
DA:263,0
DA:267,0
DA:268,0
DA:272,0
DA:274,0
DA:277,0
DA:282,0
DA:283,0
DA:284,0
DA:287,0
DA:291,0
DA:296,0
DA:297,0
DA:298,0
DA:299,0
DA:303,0
DA:305,0
DA:308,0
DA:313,0
DA:314,0
DA:315,0
DA:316,0
DA:317,0
DA:318,0
DA:321,0
DA:326,0
DA:327,0
DA:330,0
DA:331,0
DA:336,0
DA:337,0
DA:338,0
DA:339,0
DA:344,0
DA:346,0
DA:347,0
DA:350,0
DA:356,0
DA:358,0
DA:361,0
DA:365,0
LF:139
LH:0
BRDA:13,0,0,0
BRDA:22,1,0,0
BRDA:22,1,1,0
BRDA:32,2,0,0
BRDA:61,3,0,0
BRDA:61,3,1,0
BRDA:79,4,0,0
BRDA:92,5,0,0
BRDA:92,5,1,0
BRDA:108,6,0,0
BRDA:108,7,0,0
BRDA:108,7,1,0
BRDA:108,7,2,0
BRDA:116,8,0,0
BRDA:116,9,0,0
BRDA:116,9,1,0
BRDA:118,10,0,0
BRDA:118,11,0,0
BRDA:118,11,1,0
BRDA:118,11,2,0
BRDA:124,12,0,0
BRDA:124,13,0,0
BRDA:124,13,1,0
BRDA:124,13,2,0
BRDA:124,13,3,0
BRDA:124,13,4,0
BRDA:138,14,0,0
BRDA:146,15,0,0
BRDA:151,16,0,0
BRDA:162,17,0,0
BRDA:162,17,1,0
BRDA:165,18,0,0
BRDA:165,18,1,0
BRDA:171,19,0,0
BRDA:180,20,0,0
BRDA:180,20,1,0
BRDA:194,21,0,0
BRDA:195,22,0,0
BRDA:195,23,0,0
BRDA:195,23,1,0
BRDA:207,24,0,0
BRDA:213,25,0,0
BRDA:213,26,0,0
BRDA:213,26,1,0
BRDA:215,27,0,0
BRDA:215,28,0,0
BRDA:215,28,1,0
BRDA:215,28,2,0
BRDA:221,29,0,0
BRDA:221,30,0,0
BRDA:221,30,1,0
BRDA:221,30,2,0
BRDA:221,30,3,0
BRDA:221,30,4,0
BRDA:231,31,0,0
BRDA:236,32,0,0
BRDA:249,33,0,0
BRDA:249,33,1,0
BRDA:250,34,0,0
BRDA:250,34,1,0
BRDA:253,35,0,0
BRDA:253,35,1,0
BRDA:258,36,0,0
BRDA:260,37,0,0
BRDA:262,38,0,0
BRDA:267,39,0,0
BRDA:274,40,0,0
BRDA:274,40,1,0
BRDA:296,41,0,0
BRDA:298,42,0,0
BRDA:305,43,0,0
BRDA:305,43,1,0
BRDA:318,44,0,0
BRDA:318,44,1,0
BRDA:326,45,0,0
BRDA:330,46,0,0
BRDA:336,47,0,0
BRDA:336,48,0,0
BRDA:336,48,1,0
BRDA:336,48,2,0
BRDA:338,49,0,0
BRDA:338,50,0,0
BRDA:338,50,1,0
BRDA:346,51,0,0
BRDA:358,52,0,0
BRDA:358,52,1,0
BRF:86
BRH:0
end_of_record
TN:
SF:src/handlers/taxRates.ts
FN:16,formatTaxRate
FN:36,validateTaxRateData
FN:75,(anonymous_3)
FN:101,(anonymous_4)
FN:129,(anonymous_5)
FN:155,(anonymous_6)
FN:193,(anonymous_7)
FN:231,(anonymous_8)
FN:268,(anonymous_9)
FN:309,(anonymous_10)
FN:327,(anonymous_11)
FNF:11
FNH:0
FNDA:0,formatTaxRate
FNDA:0,validateTaxRateData
FNDA:0,(anonymous_3)
FNDA:0,(anonymous_4)
FNDA:0,(anonymous_5)
FNDA:0,(anonymous_6)
FNDA:0,(anonymous_7)
FNDA:0,(anonymous_8)
FNDA:0,(anonymous_9)
FNDA:0,(anonymous_10)
FNDA:0,(anonymous_11)
DA:1,0
DA:2,0
DA:5,0
DA:6,0
DA:7,0
DA:8,0
DA:10,0
DA:17,0
DA:37,0
DA:40,0
DA:41,0
DA:42,0
DA:43,0
DA:44,0
DA:45,0
DA:46,0
DA:47,0
DA:53,0
DA:54,0
DA:55,0
DA:56,0
DA:57,0
DA:58,0
DA:59,0
DA:60,0
DA:61,0
DA:66,0
DA:75,0
DA:76,0
DA:77,0
DA:86,0
DA:88,0
DA:91,0
DA:101,0
DA:102,0
DA:103,0
DA:104,0
DA:108,0
DA:109,0
DA:112,0
DA:114,0
DA:117,0
DA:129,0
DA:130,0
DA:131,0
DA:134,0
DA:135,0
DA:136,0
DA:143,0
DA:147,0
DA:148,0
DA:152,0
DA:155,0
DA:157,0
DA:158,0
DA:164,0
DA:175,0
DA:176,0
DA:178,0
DA:181,0
DA:193,0
DA:194,0
DA:195,0
DA:196,0
DA:199,0
DA:200,0
DA:201,0
DA:208,0
DA:212,0
DA:213,0
DA:217,0
DA:218,0
DA:225,0
DA:226,0
DA:231,0
DA:233,0
DA:234,0
DA:240,0
DA:252,0
DA:253,0
DA:255,0
DA:258,0
DA:268,0
DA:269,0
DA:270,0
DA:273,0
DA:277,0
DA:278,0
DA:282,0
DA:283,0
DA:287,0
DA:292,0
DA:293,0
DA:295,0
DA:298,0
DA:309,0
DA:310,0
DA:311,0
DA:314,0
DA:318,0
DA:319,0
DA:322,0
DA:323,0
DA:327,0
DA:329,0
DA:335,0
DA:342,0
DA:346,0
DA:347,0
DA:349,0
DA:352,0
DA:358,0
DA:361,0
DA:364,0
DA:367,0
DA:370,0
DA:373,0
DA:375,0
LF:118
LH:0
BRDA:36,0,0,0
BRDA:40,1,0,0
BRDA:40,2,0,0
BRDA:40,2,1,0
BRDA:41,3,0,0
BRDA:41,3,1,0
BRDA:41,4,0,0
BRDA:41,4,1,0
BRDA:43,5,0,0
BRDA:44,6,0,0
BRDA:44,6,1,0
BRDA:44,7,0,0
BRDA:44,7,1,0
BRDA:46,8,0,0
BRDA:53,9,0,0
BRDA:53,10,0,0
BRDA:53,10,1,0
BRDA:54,11,0,0
BRDA:54,11,1,0
BRDA:54,12,0,0
BRDA:54,12,1,0
BRDA:56,13,0,0
BRDA:57,14,0,0
BRDA:57,14,1,0
BRDA:58,15,0,0
BRDA:58,15,1,0
BRDA:60,16,0,0
BRDA:60,17,0,0
BRDA:60,17,1,0
BRDA:88,18,0,0
BRDA:88,18,1,0
BRDA:108,19,0,0
BRDA:114,20,0,0
BRDA:114,20,1,0
BRDA:135,21,0,0
BRDA:147,22,0,0
BRDA:152,23,0,0
BRDA:152,23,1,0
BRDA:157,24,0,0
BRDA:168,25,0,0
BRDA:168,25,1,0
BRDA:169,26,0,0
BRDA:169,26,1,0
BRDA:178,27,0,0
BRDA:178,27,1,0
BRDA:200,28,0,0
BRDA:212,29,0,0
BRDA:217,30,0,0
BRDA:217,31,0,0
BRDA:217,31,1,0
BRDA:225,32,0,0
BRDA:233,33,0,0
BRDA:243,34,0,0
BRDA:243,34,1,0
BRDA:244,35,0,0
BRDA:244,35,1,0
BRDA:244,36,0,0
BRDA:244,36,1,0
BRDA:245,37,0,0
BRDA:245,37,1,0
BRDA:245,38,0,0
BRDA:245,38,1,0
BRDA:246,39,0,0
BRDA:246,39,1,0
BRDA:247,40,0,0
BRDA:247,40,1,0
BRDA:255,41,0,0
BRDA:255,41,1,0
BRDA:277,42,0,0
BRDA:282,43,0,0
BRDA:295,44,0,0
BRDA:295,44,1,0
BRDA:318,45,0,0
BRDA:322,46,0,0
BRDA:349,47,0,0
BRDA:349,47,1,0
BRF:76
BRH:0
end_of_record
TN:
SF:src/handlers/tills.ts
FN:13,(anonymous_1)
FN:26,(anonymous_2)
FN:47,(anonymous_3)
FN:73,(anonymous_4)
FN:103,(anonymous_5)
FN:133,(anonymous_6)
FNF:6
FNH:0
FNDA:0,(anonymous_1)
FNDA:0,(anonymous_2)
FNDA:0,(anonymous_3)
FNDA:0,(anonymous_4)
FNDA:0,(anonymous_5)
FNDA:0,(anonymous_6)
DA:1,0
DA:2,0
DA:4,0
DA:5,0
DA:6,0
DA:7,0
DA:8,0
DA:10,0
DA:13,0
DA:14,0
DA:15,0
DA:16,0
DA:18,0
DA:21,0
DA:26,0
DA:27,0
DA:28,0
DA:29,0
DA:33,0
DA:34,0
DA:37,0
DA:39,0
DA:42,0
DA:47,0
DA:48,0
DA:49,0
DA:52,0
DA:53,0
DA:54,0
DA:57,0
DA:63,0
DA:65,0
DA:68,0
DA:73,0
DA:74,0
DA:75,0
DA:76,0
DA:79,0
DA:80,0
DA:81,0
DA:82,0
DA:86,0
DA:93,0
DA:95,0
DA:98,0
DA:103,0
DA:104,0
DA:105,0
DA:108,0
DA:116,0
DA:117,0
DA:118,0
DA:121,0
DA:122,0
DA:125,0
DA:126,0
DA:129,0
DA:133,0
DA:135,0
DA:145,0
DA:149,0
DA:151,0
DA:154,0
DA:158,0
LF:64
LH:0
BRDA:18,0,0,0
BRDA:18,0,1,0
BRDA:33,1,0,0
BRDA:39,2,0,0
BRDA:39,2,1,0
BRDA:53,3,0,0
BRDA:65,4,0,0
BRDA:65,4,1,0
BRDA:79,5,0,0
BRDA:81,6,0,0
BRDA:95,7,0,0
BRDA:95,7,1,0
BRDA:116,8,0,0
BRDA:118,9,0,0
BRDA:121,10,0,0
BRDA:121,10,1,0
BRDA:151,11,0,0
BRDA:151,11,1,0
BRF:18
BRH:0
end_of_record
TN:
SF:src/handlers/transactions.ts
FN:27,validateIdempotencyKey
FN:46,(anonymous_2)
FN:176,(anonymous_3)
FN:281,(anonymous_4)
FN:389,(anonymous_5)
FN:417,(anonymous_6)
FN:493,(anonymous_7)
FN:509,(anonymous_8)
FN:538,(anonymous_9)
FN:571,(anonymous_10)
FNF:10
FNH:0
FNDA:0,validateIdempotencyKey
FNDA:0,(anonymous_2)
FNDA:0,(anonymous_3)
FNDA:0,(anonymous_4)
FNDA:0,(anonymous_5)
FNDA:0,(anonymous_6)
FNDA:0,(anonymous_7)
FNDA:0,(anonymous_8)
FNDA:0,(anonymous_9)
FNDA:0,(anonymous_10)
DA:1,0
DA:2,0
DA:5,0
DA:7,0
DA:8,0
DA:9,0
DA:10,0
DA:11,0
DA:12,0
DA:14,0
DA:17,0
DA:28,0
DA:29,0
DA:32,0
DA:33,0
DA:35,0
DA:46,0
DA:47,0
DA:49,0
DA:51,0
DA:52,0
DA:53,0
DA:54,0
DA:56,0
DA:60,0
DA:61,0
DA:78,0
DA:81,0
DA:82,0
DA:85,0
DA:86,0
DA:91,0
DA:92,0
DA:94,0
DA:95,0
DA:99,0
DA:100,0
DA:101,0
DA:103,0
DA:104,0
DA:108,0
DA:109,0
DA:110,0
DA:112,0
DA:113,0
DA:118,0
DA:119,0
DA:121,0
DA:122,0
DA:123,0
DA:124,0
DA:127,0
DA:129,0
DA:130,0
DA:131,0
DA:132,0
DA:133,0
DA:134,0
DA:135,0
DA:137,0
DA:140,0
DA:141,0
DA:145,0
DA:146,0
DA:147,0
DA:153,0
DA:154,0
DA:155,0
DA:157,0
DA:158,0
DA:159,0
DA:163,0
DA:167,0
DA:168,0
DA:169,0
DA:170,0
DA:176,0
DA:178,0
DA:179,0
DA:181,0
DA:191,0
DA:193,0
DA:202,0
DA:207,0
DA:208,0
DA:209,0
DA:214,0
DA:215,0
DA:216,0
DA:217,0
DA:223,0
DA:245,0
DA:246,0
DA:247,0
DA:254,0
DA:256,0
DA:257,0
DA:258,0
DA:260,0
DA:266,0
DA:269,0
DA:270,0
DA:274,0
DA:275,0
DA:280,0
DA:281,0
DA:282,0
DA:287,0
DA:288,0
DA:294,0
DA:298,0
DA:300,0
DA:305,0
DA:306,0
DA:307,0
DA:311,0
DA:321,0
DA:322,0
DA:323,0
DA:324,0
DA:325,0
DA:330,0
DA:332,0
DA:343,0
DA:344,0
DA:356,0
DA:362,0
DA:365,0
DA:367,0
DA:368,0
DA:375,0
DA:376,0
DA:379,0
DA:380,0
DA:384,0
DA:389,0
DA:390,0
DA:392,0
DA:398,0
DA:406,0
DA:408,0
DA:409,0
DA:410,0
DA:411,0
DA:416,0
DA:417,0
DA:420,0
DA:436,0
DA:437,0
DA:438,0
DA:439,0
DA:443,0
DA:444,0
DA:446,0
DA:449,0
DA:458,0
DA:470,0
DA:471,0
DA:472,0
DA:483,0
DA:485,0
DA:488,0
DA:493,0
DA:494,0
DA:495,0
DA:509,0
DA:510,0
DA:511,0
DA:528,0
DA:530,0
DA:533,0
DA:538,0
DA:539,0
DA:540,0
DA:541,0
DA:545,0
DA:546,0
DA:550,0
DA:561,0
DA:563,0
DA:566,0
DA:571,0
DA:572,0
DA:574,0
DA:575,0
DA:576,0
DA:577,0
DA:579,0
DA:589,0
DA:592,0
DA:593,0
DA:595,0
DA:596,0
DA:600,0
DA:601,0
DA:604,0
DA:605,0
DA:606,0
DA:608,0
DA:609,0
DA:613,0
DA:614,0
DA:616,0
DA:617,0
DA:619,0
DA:620,0
DA:624,0
DA:625,0
DA:627,0
DA:628,0
DA:630,0
DA:631,0
DA:635,0
DA:636,0
DA:640,0
DA:646,0
DA:647,0
DA:648,0
DA:655,0
DA:657,0
DA:658,0
DA:669,0
DA:673,0
DA:674,0
DA:676,0
DA:677,0
DA:681,0
DA:682,0
DA:684,0
DA:685,0
DA:690,0
DA:691,0
DA:692,0
DA:693,0
DA:694,0
DA:695,0
DA:698,0
DA:700,0
DA:703,0
DA:704,0
DA:706,0
DA:707,0
DA:709,0
DA:710,0
DA:713,0
DA:716,0
DA:717,0
DA:721,0
DA:722,0
DA:723,0
DA:729,0
DA:733,0
DA:735,0
DA:737,0
DA:738,0
DA:739,0
DA:744,0
DA:748,0
DA:749,0
DA:752,0
DA:753,0
DA:757,0
DA:760,0
DA:761,0
DA:765,0
DA:766,0
DA:767,0
DA:768,0
DA:769,0
DA:774,0
DA:777,0
DA:780,0
DA:793,0
DA:813,0
DA:827,0
DA:836,0
DA:839,0
DA:851,0
DA:854,0
DA:858,0
LF:280
LH:0
BRDA:28,0,0,0
BRDA:29,1,0,0
BRDA:33,2,0,0
BRDA:54,3,0,0
BRDA:54,3,1,0
BRDA:81,4,0,0
BRDA:81,5,0,0
BRDA:81,5,1,0
BRDA:81,5,2,0
BRDA:85,6,0,0
BRDA:94,7,0,0
BRDA:94,8,0,0
BRDA:94,8,1,0
BRDA:100,9,0,0
BRDA:103,10,0,0
BRDA:109,11,0,0
BRDA:109,12,0,0
BRDA:109,12,1,0
BRDA:109,12,2,0
BRDA:112,13,0,0
BRDA:112,14,0,0
BRDA:112,14,1,0
BRDA:112,14,2,0
BRDA:112,14,3,0
BRDA:112,14,4,0
BRDA:124,15,0,0
BRDA:124,15,1,0
BRDA:129,16,0,0
BRDA:129,16,1,0
BRDA:129,17,0,0
BRDA:129,17,1,0
BRDA:133,18,0,0
BRDA:133,18,1,0
BRDA:133,19,0,0
BRDA:133,19,1,0
BRDA:145,20,0,0
BRDA:145,20,1,0
BRDA:146,21,0,0
BRDA:148,22,0,0
BRDA:148,22,1,0
BRDA:154,23,0,0
BRDA:154,23,1,0
BRDA:157,24,0,0
BRDA:157,24,1,0
BRDA:158,25,0,0
BRDA:160,26,0,0
BRDA:160,26,1,0
BRDA:163,27,0,0
BRDA:163,27,1,0
BRDA:167,28,0,0
BRDA:167,28,1,0
BRDA:168,29,0,0
BRDA:168,29,1,0
BRDA:170,30,0,0
BRDA:170,30,1,0
BRDA:170,31,0,0
BRDA:170,31,1,0
BRDA:178,32,0,0
BRDA:191,33,0,0
BRDA:214,34,0,0
BRDA:214,35,0,0
BRDA:214,35,1,0
BRDA:216,36,0,0
BRDA:216,36,1,0
BRDA:228,37,0,0
BRDA:228,37,1,0
BRDA:231,38,0,0
BRDA:231,38,1,0
BRDA:238,39,0,0
BRDA:238,39,1,0
BRDA:239,40,0,0
BRDA:239,40,1,0
BRDA:245,41,0,0
BRDA:254,42,0,0
BRDA:257,43,0,0
BRDA:269,44,0,0
BRDA:274,45,0,0
BRDA:280,46,0,0
BRDA:287,47,0,0
BRDA:298,48,0,0
BRDA:298,48,1,0
BRDA:300,49,0,0
BRDA:300,49,1,0
BRDA:305,50,0,0
BRDA:316,51,0,0
BRDA:316,51,1,0
BRDA:321,52,0,0
BRDA:321,53,0,0
BRDA:321,53,1,0
BRDA:324,54,0,0
BRDA:324,54,1,0
BRDA:335,55,0,0
BRDA:335,55,1,0
BRDA:343,56,0,0
BRDA:343,56,1,0
BRDA:352,57,0,0
BRDA:352,57,1,0
BRDA:356,58,0,0
BRDA:356,58,1,0
BRDA:358,59,0,0
BRDA:358,59,1,0
BRDA:362,60,0,0
BRDA:362,60,1,0
BRDA:365,61,0,0
BRDA:367,62,0,0
BRDA:367,63,0,0
BRDA:367,63,1,0
BRDA:375,64,0,0
BRDA:379,65,0,0
BRDA:410,66,0,0
BRDA:410,66,1,0
BRDA:446,67,0,0
BRDA:446,67,1,0
BRDA:471,68,0,0
BRDA:485,69,0,0
BRDA:485,69,1,0
BRDA:510,70,0,0
BRDA:510,70,1,0
BRDA:510,71,0,0
BRDA:510,71,1,0
BRDA:520,72,0,0
BRDA:520,72,1,0
BRDA:524,73,0,0
BRDA:524,73,1,0
BRDA:530,74,0,0
BRDA:530,74,1,0
BRDA:545,75,0,0
BRDA:563,76,0,0
BRDA:563,76,1,0
BRDA:577,77,0,0
BRDA:577,77,1,0
BRDA:581,78,0,0
BRDA:581,78,1,0
BRDA:595,79,0,0
BRDA:595,80,0,0
BRDA:595,80,1,0
BRDA:600,81,0,0
BRDA:605,82,0,0
BRDA:608,83,0,0
BRDA:613,84,0,0
BRDA:616,85,0,0
BRDA:619,86,0,0
BRDA:624,87,0,0
BRDA:627,88,0,0
BRDA:630,89,0,0
BRDA:635,90,0,0
BRDA:647,91,0,0
BRDA:647,92,0,0
BRDA:647,92,1,0
BRDA:647,92,2,0
BRDA:652,93,0,0
BRDA:652,93,1,0
BRDA:652,93,2,0
BRDA:657,94,0,0
BRDA:657,95,0,0
BRDA:657,95,1,0
BRDA:657,95,2,0
BRDA:657,95,3,0
BRDA:657,95,4,0
BRDA:673,96,0,0
BRDA:676,97,0,0
BRDA:681,98,0,0
BRDA:684,99,0,0
BRDA:695,100,0,0
BRDA:695,100,1,0
BRDA:700,101,0,0
BRDA:700,101,1,0
BRDA:700,102,0,0
BRDA:700,102,1,0
BRDA:707,103,0,0
BRDA:707,103,1,0
BRDA:707,104,0,0
BRDA:707,104,1,0
BRDA:722,105,0,0
BRDA:735,106,0,0
BRDA:735,106,1,0
BRDA:738,107,0,0
BRDA:738,107,1,0
BRDA:748,108,0,0
BRDA:748,108,1,0
BRDA:749,109,0,0
BRDA:749,109,1,0
BRDA:752,110,0,0
BRDA:760,111,0,0
BRDA:765,112,0,0
BRDA:767,113,0,0
BRDA:767,113,1,0
BRDA:768,114,0,0
BRDA:777,115,0,0
BRDA:777,115,1,0
BRDA:841,116,0,0
BRDA:841,116,1,0
BRDA:846,117,0,0
BRDA:846,117,1,0
BRDA:851,118,0,0
BRDA:851,118,1,0
BRF:196
BRH:0
end_of_record
TN:
SF:src/handlers/users.ts
FN:23,(anonymous_1)
FN:38,(anonymous_2)
FN:61,(anonymous_3)
FN:108,(anonymous_4)
FN:193,(anonymous_5)
FN:221,(anonymous_6)
FN:292,(anonymous_7)
FN:339,(anonymous_8)
FN:374,(anonymous_9)
FN:424,(anonymous_10)
FNF:10
FNH:0
FNDA:0,(anonymous_1)
FNDA:0,(anonymous_2)
FNDA:0,(anonymous_3)
FNDA:0,(anonymous_4)
FNDA:0,(anonymous_5)
FNDA:0,(anonymous_6)
FNDA:0,(anonymous_7)
FNDA:0,(anonymous_8)
FNDA:0,(anonymous_9)
FNDA:0,(anonymous_10)
DA:1,0
DA:2,0
DA:3,0
DA:5,0
DA:6,0
DA:7,0
DA:8,0
DA:9,0
DA:10,0
DA:11,0
DA:12,0
DA:13,0
DA:16,0
DA:18,0
DA:20,0
DA:23,0
DA:24,0
DA:25,0
DA:27,0
DA:28,0
DA:30,0
DA:33,0
DA:38,0
DA:39,0
DA:40,0
DA:41,0
DA:45,0
DA:46,0
DA:50,0
DA:51,0
DA:53,0
DA:56,0
DA:61,0
DA:62,0
DA:63,0
DA:65,0
DA:66,0
DA:70,0
DA:74,0
DA:75,0
DA:79,0
DA:81,0
DA:91,0
DA:97,0
DA:98,0
DA:100,0
DA:103,0
DA:108,0
DA:109,0
DA:110,0
DA:111,0
DA:114,0
DA:115,0
DA:116,0
DA:119,0
DA:123,0
DA:125,0
DA:129,0
DA:133,0
DA:134,0
DA:138,0
DA:142,0
DA:144,0
DA:150,0
DA:151,0
DA:155,0
DA:156,0
DA:159,0
DA:165,0
DA:166,0
DA:172,0
DA:173,0
DA:182,0
DA:183,0
DA:185,0
DA:188,0
DA:193,0
DA:194,0
DA:195,0
DA:198,0
DA:202,0
DA:204,0
DA:207,0
DA:211,0
DA:213,0
DA:216,0
DA:221,0
DA:222,0
DA:223,0
DA:225,0
DA:226,0
DA:230,0
DA:236,0
DA:238,0
DA:242,0
DA:246,0
DA:248,0
DA:250,0
DA:254,0
DA:258,0
DA:259,0
DA:270,0
DA:275,0
DA:278,0
DA:279,0
DA:284,0
DA:287,0
DA:292,0
DA:293,0
DA:295,0
DA:297,0
DA:298,0
DA:301,0
DA:304,0
DA:306,0
DA:307,0
DA:311,0
DA:312,0
DA:315,0
DA:318,0
DA:321,0
DA:326,0
DA:329,0
DA:331,0
DA:334,0
DA:339,0
DA:340,0
DA:341,0
DA:342,0
DA:343,0
DA:344,0
DA:345,0
DA:347,0
DA:348,0
DA:351,0
DA:352,0
DA:355,0
DA:360,0
DA:361,0
DA:364,0
DA:366,0
DA:369,0
DA:374,0
DA:375,0
DA:376,0
DA:377,0
DA:378,0
DA:379,0
DA:380,0
DA:381,0
DA:383,0
DA:384,0
DA:387,0
DA:388,0
DA:391,0
DA:392,0
DA:395,0
DA:399,0
DA:400,0
DA:403,0
DA:408,0
DA:414,0
DA:416,0
DA:419,0
DA:424,0
DA:425,0
DA:426,0
DA:428,0
DA:429,0
DA:433,0
DA:436,0
DA:438,0
DA:441,0
DA:445,0
LF:174
LH:0
BRDA:30,0,0,0
BRDA:30,0,1,0
BRDA:45,1,0,0
BRDA:53,2,0,0
BRDA:53,2,1,0
BRDA:65,3,0,0
BRDA:74,4,0,0
BRDA:100,5,0,0
BRDA:100,5,1,0
BRDA:119,6,0,0
BRDA:119,6,1,0
BRDA:123,7,0,0
BRDA:123,8,0,0
BRDA:123,8,1,0
BRDA:123,8,2,0
BRDA:133,9,0,0
BRDA:133,10,0,0
BRDA:133,10,1,0
BRDA:142,11,0,0
BRDA:142,11,1,0
BRDA:150,12,0,0
BRDA:150,13,0,0
BRDA:150,13,1,0
BRDA:155,14,0,0
BRDA:165,15,0,0
BRDA:172,16,0,0
BRDA:172,17,0,0
BRDA:172,17,1,0
BRDA:172,17,2,0
BRDA:185,18,0,0
BRDA:185,18,1,0
BRDA:202,19,0,0
BRDA:213,20,0,0
BRDA:213,20,1,0
BRDA:225,21,0,0
BRDA:225,22,0,0
BRDA:225,22,1,0
BRDA:236,23,0,0
BRDA:248,24,0,0
BRDA:284,25,0,0
BRDA:284,25,1,0
BRDA:297,26,0,0
BRDA:297,27,0,0
BRDA:297,27,1,0
BRDA:306,28,0,0
BRDA:315,29,0,0
BRDA:315,29,1,0
BRDA:331,30,0,0
BRDA:331,30,1,0
BRDA:345,31,0,0
BRDA:345,31,1,0
BRDA:347,32,0,0
BRDA:347,33,0,0
BRDA:347,33,1,0
BRDA:351,34,0,0
BRDA:360,35,0,0
BRDA:366,36,0,0
BRDA:366,36,1,0
BRDA:381,37,0,0
BRDA:381,37,1,0
BRDA:383,38,0,0
BRDA:383,39,0,0
BRDA:383,39,1,0
BRDA:387,40,0,0
BRDA:391,41,0,0
BRDA:391,42,0,0
BRDA:391,42,1,0
BRDA:391,42,2,0
BRDA:399,43,0,0
BRDA:405,44,0,0
BRDA:405,44,1,0
BRDA:416,45,0,0
BRDA:416,45,1,0
BRDA:428,46,0,0
BRDA:438,47,0,0
BRDA:438,47,1,0
BRF:76
BRH:0
end_of_record
TN:
SF:src/i18n/index.ts
FN:17,(anonymous_1)
FN:75,(anonymous_2)
FN:84,(anonymous_3)
FN:90,(anonymous_4)
FN:100,(anonymous_5)
FN:107,(anonymous_6)
FN:114,(anonymous_7)
FNF:7
FNH:0
FNDA:0,(anonymous_1)
FNDA:0,(anonymous_2)
FNDA:0,(anonymous_3)
FNDA:0,(anonymous_4)
FNDA:0,(anonymous_5)
FNDA:0,(anonymous_6)
FNDA:0,(anonymous_7)
DA:1,0
DA:2,0
DA:3,0
DA:6,0
DA:10,0
DA:17,0
DA:18,0
DA:76,0
DA:84,0
DA:90,0
DA:91,0
DA:100,0
DA:101,0
DA:107,0
DA:108,0
DA:114,0
DA:115,0
DA:118,0
LF:18
LH:0
BRF:0
BRH:0
end_of_record
TN:
SF:src/jobs/receiptGenerationWorker.ts
FN:9,log
FN:18,logError
FN:23,simulateReceiptGeneration
FN:27,processQueueItem
FN:57,workerLoop
FN:74,(anonymous_5)
FN:79,startWorker
FN:89,(anonymous_7)
FN:94,stopWorker
FN:104,(anonymous_9)
FN:111,setupSignalHandlers
FN:112,(anonymous_11)
FNF:12
FNH:0
FNDA:0,log
FNDA:0,logError
FNDA:0,simulateReceiptGeneration
FNDA:0,processQueueItem
FNDA:0,workerLoop
FNDA:0,(anonymous_5)
FNDA:0,startWorker
FNDA:0,(anonymous_7)
FNDA:0,stopWorker
FNDA:0,(anonymous_9)
FNDA:0,setupSignalHandlers
FNDA:0,(anonymous_11)
DA:1,0
DA:3,0
DA:5,0
DA:6,0
DA:7,0
DA:10,0
DA:11,0
DA:12,0
DA:14,0
DA:19,0
DA:20,0
DA:24,0
DA:28,0
DA:30,0
DA:31,0
DA:34,0
DA:36,0
DA:38,0
DA:39,0
DA:41,0
DA:42,0
DA:43,0
DA:45,0
DA:46,0
DA:49,0
DA:50,0
DA:51,0
DA:54,0
DA:58,0
DA:59,0
DA:60,0
DA:61,0
DA:64,0
DA:65,0
DA:66,0
DA:67,0
DA:69,0
DA:70,0
DA:73,0
DA:74,0
DA:79,0
DA:80,0
DA:81,0
DA:82,0
DA:85,0
DA:86,0
DA:87,0
DA:89,0
DA:90,0
DA:94,0
DA:95,0
DA:96,0
DA:97,0
DA:100,0
DA:101,0
DA:103,0
DA:104,0
DA:107,0
DA:108,0
DA:112,0
DA:113,0
DA:114,0
DA:115,0
DA:118,0
DA:119,0
DA:122,0
LF:66
LH:0
BRDA:3,0,0,0
BRDA:3,0,1,0
BRDA:11,1,0,0
BRDA:11,1,1,0
BRDA:30,2,0,0
BRDA:41,3,0,0
BRDA:41,3,1,0
BRDA:49,4,0,0
BRDA:49,4,1,0
BRDA:59,5,0,0
BRDA:73,6,0,0
BRDA:80,7,0,0
BRDA:95,8,0,0
BRF:13
BRH:0
end_of_record
TN:
SF:src/middleware/auth.ts
FN:20,(anonymous_1)
FNF:1
FNH:0
FNDA:0,(anonymous_1)
DA:2,0
DA:3,0
DA:4,0
DA:5,0
DA:6,0
DA:7,0
DA:10,0
DA:12,0
DA:20,0
DA:21,0
DA:23,0
DA:25,0
DA:27,0
DA:33,0
DA:36,0
DA:38,0
DA:40,0
DA:46,0
DA:50,0
DA:51,0
DA:54,0
DA:57,0
DA:58,0
DA:60,0
DA:72,0
DA:76,0
DA:82,0
DA:85,0
DA:93,0
LF:29
LH:0
BRDA:25,0,0,0
BRDA:25,1,0,0
BRDA:25,1,1,0
BRDA:38,2,0,0
BRDA:54,3,0,0
BRDA:54,3,1,0
BRDA:58,4,0,0
BRDA:90,5,0,0
BRDA:90,5,1,0
BRF:9
BRH:0
end_of_record
TN:
SF:src/middleware/authorization.ts
FN:14,(anonymous_1)
FN:64,(anonymous_2)
FN:137,(anonymous_3)
FN:171,(anonymous_4)
FN:172,(anonymous_5)
FN:182,(anonymous_6)
FNF:6
FNH:0
FNDA:0,(anonymous_1)
FNDA:0,(anonymous_2)
FNDA:0,(anonymous_3)
FNDA:0,(anonymous_4)
FNDA:0,(anonymous_5)
FNDA:0,(anonymous_6)
DA:2,0
DA:4,0
DA:5,0
DA:14,0
DA:15,0
DA:16,0
DA:18,0
DA:19,0
DA:23,0
DA:28,0
DA:29,0
DA:33,0
DA:34,0
DA:36,0
DA:37,0
DA:42,0
DA:43,0
DA:45,0
DA:46,0
DA:50,0
DA:52,0
DA:54,0
DA:55,0
DA:64,0
DA:65,0
DA:66,0
DA:68,0
DA:69,0
DA:72,0
DA:74,0
DA:75,0
DA:78,0
DA:79,0
DA:81,0
DA:82,0
DA:86,0
DA:90,0
DA:93,0
DA:94,0
DA:96,0
DA:97,0
DA:101,0
DA:102,0
DA:106,0
DA:110,0
DA:113,0
DA:114,0
DA:116,0
DA:117,0
DA:121,0
DA:122,0
DA:126,0
DA:128,0
DA:129,0
DA:137,0
DA:138,0
DA:139,0
DA:141,0
DA:142,0
DA:146,0
DA:148,0
DA:149,0
DA:152,0
DA:154,0
DA:155,0
DA:171,0
DA:172,0
DA:173,0
DA:174,0
DA:176,0
DA:177,0
DA:181,0
DA:182,0
DA:185,0
DA:186,0
DA:191,0
DA:193,0
DA:194,0
LF:78
LH:0
BRDA:18,0,0,0
BRDA:28,1,0,0
BRDA:36,2,0,0
BRDA:42,3,0,0
BRDA:42,3,1,0
BRDA:43,4,0,0
BRDA:43,4,1,0
BRDA:45,5,0,0
BRDA:45,6,0,0
BRDA:45,6,1,0
BRDA:45,6,2,0
BRDA:68,7,0,0
BRDA:74,8,0,0
BRDA:81,9,0,0
BRDA:90,10,0,0
BRDA:93,11,0,0
BRDA:93,11,1,0
BRDA:94,12,0,0
BRDA:94,12,1,0
BRDA:96,13,0,0
BRDA:96,14,0,0
BRDA:96,14,1,0
BRDA:96,14,2,0
BRDA:110,15,0,0
BRDA:113,16,0,0
BRDA:113,16,1,0
BRDA:114,17,0,0
BRDA:114,17,1,0
BRDA:116,18,0,0
BRDA:116,19,0,0
BRDA:116,19,1,0
BRDA:116,19,2,0
BRDA:141,20,0,0
BRDA:146,21,0,0
BRDA:146,21,1,0
BRDA:148,22,0,0
BRDA:176,23,0,0
BRDA:185,24,0,0
BRF:38
BRH:0
end_of_record
TN:
SF:src/middleware/csrf.ts
FN:20,(anonymous_1)
FN:34,(anonymous_2)
FN:50,(anonymous_3)
FN:66,(anonymous_4)
FN:88,(anonymous_5)
FN:95,(anonymous_6)
FN:109,(anonymous_7)
FN:122,(anonymous_8)
FN:165,(anonymous_9)
FN:237,(anonymous_10)
FN:245,(anonymous_11)
FNF:11
FNH:0
FNDA:0,(anonymous_1)
FNDA:0,(anonymous_2)
FNDA:0,(anonymous_3)
FNDA:0,(anonymous_4)
FNDA:0,(anonymous_5)
FNDA:0,(anonymous_6)
FNDA:0,(anonymous_7)
FNDA:0,(anonymous_8)
FNDA:0,(anonymous_9)
FNDA:0,(anonymous_10)
FNDA:0,(anonymous_11)
DA:2,0
DA:3,0
DA:4,0
DA:7,0
DA:8,0
DA:9,0
DA:12,0
DA:13,0
DA:15,0
DA:20,0
DA:21,0
DA:23,0
DA:34,0
DA:35,0
DA:37,0
DA:50,0
DA:51,0
DA:66,0
DA:67,0
DA:70,0
DA:78,0
DA:82,0
DA:88,0
DA:89,0
DA:91,0
DA:92,0
DA:95,0
DA:96,0
DA:97,0
DA:98,0
DA:102,0
DA:109,0
DA:110,0
DA:111,0
DA:112,0
DA:114,0
DA:122,0
DA:123,0
DA:125,0
DA:126,0
DA:129,0
DA:131,0
DA:132,0
DA:135,0
DA:136,0
DA:137,0
DA:139,0
DA:146,0
DA:165,0
DA:167,0
DA:168,0
DA:169,0
DA:173,0
DA:177,0
DA:178,0
DA:182,0
DA:185,0
DA:186,0
DA:188,0
DA:189,0
DA:190,0
DA:191,0
DA:195,0
DA:196,0
DA:197,0
DA:198,0
DA:199,0
DA:204,0
DA:206,0
DA:207,0
DA:208,0
DA:209,0
DA:213,0
DA:214,0
DA:215,0
DA:216,0
DA:217,0
DA:221,0
DA:222,0
DA:223,0
DA:224,0
DA:229,0
DA:230,0
DA:237,0
DA:238,0
DA:245,0
DA:246,0
DA:247,0
DA:248,0
DA:251,0
LF:90
LH:0
BRDA:91,0,0,0
BRDA:97,1,0,0
BRDA:97,2,0,0
BRDA:97,2,1,0
BRDA:125,3,0,0
BRDA:125,4,0,0
BRDA:125,4,1,0
BRDA:131,5,0,0
BRDA:168,6,0,0
BRDA:177,7,0,0
BRDA:182,8,0,0
BRDA:182,8,1,0
BRDA:186,9,0,0
BRDA:196,10,0,0
BRDA:206,11,0,0
BRDA:214,12,0,0
BRDA:221,13,0,0
BRF:17
BRH:0
end_of_record
TN:
SF:src/middleware/errorHandler.ts
FN:25,(anonymous_1)
FN:35,(anonymous_2)
FN:81,(anonymous_3)
FN:106,(anonymous_4)
FN:123,(anonymous_5)
FN:140,(anonymous_6)
FN:157,(anonymous_7)
FN:174,(anonymous_8)
FN:191,(anonymous_9)
FN:208,(anonymous_10)
FN:225,(anonymous_11)
FN:242,(anonymous_12)
FN:262,isProduction
FN:269,isDevelopment
FN:276,isTest
FN:283,isOperationalError
FN:293,getStatusCode
FN:310,getErrorCategory
FN:347,getErrorSeverity
FN:371,getUserMessage
FN:373,(anonymous_21)
FN:420,getClientIp
FN:430,getUserAgent
FN:437,getCorrelationId
FN:445,sanitizeErrorDetails
FN:462,buildErrorResponse
FN:516,errorHandler
FN:584,notFoundHandler
FN:603,(anonymous_29)
FN:649,asyncHandler
FN:652,(anonymous_31)
FNF:31
FNH:0
FNDA:0,(anonymous_1)
FNDA:0,(anonymous_2)
FNDA:0,(anonymous_3)
FNDA:0,(anonymous_4)
FNDA:0,(anonymous_5)
FNDA:0,(anonymous_6)
FNDA:0,(anonymous_7)
FNDA:0,(anonymous_8)
FNDA:0,(anonymous_9)
FNDA:0,(anonymous_10)
FNDA:0,(anonymous_11)
FNDA:0,(anonymous_12)
FNDA:0,isProduction
FNDA:0,isDevelopment
FNDA:0,isTest
FNDA:0,isOperationalError
FNDA:0,getStatusCode
FNDA:0,getErrorCategory
FNDA:0,getErrorSeverity
FNDA:0,getUserMessage
FNDA:0,(anonymous_21)
FNDA:0,getClientIp
FNDA:0,getUserAgent
FNDA:0,getCorrelationId
FNDA:0,sanitizeErrorDetails
FNDA:0,buildErrorResponse
FNDA:0,errorHandler
FNDA:0,notFoundHandler
FNDA:0,(anonymous_29)
FNDA:0,asyncHandler
FNDA:0,(anonymous_31)
DA:15,0
DA:16,0
DA:25,0
DA:26,0
DA:27,0
DA:28,0
DA:29,0
DA:35,0
DA:36,0
DA:37,0
DA:38,0
DA:39,0
DA:40,0
DA:41,0
DA:42,0
DA:43,0
DA:44,0
DA:74,0
DA:89,0
DA:90,0
DA:91,0
DA:92,0
DA:93,0
DA:94,0
DA:95,0
DA:98,0
DA:105,0
DA:107,0
DA:115,0
DA:122,0
DA:124,0
DA:132,0
DA:139,0
DA:141,0
DA:149,0
DA:156,0
DA:158,0
DA:166,0
DA:173,0
DA:175,0
DA:183,0
DA:190,0
DA:192,0
DA:200,0
DA:207,0
DA:209,0
DA:217,0
DA:224,0
DA:226,0
DA:234,0
DA:241,0
DA:243,0
DA:251,0
DA:263,0
DA:270,0
DA:277,0
DA:284,0
DA:285,0
DA:287,0
DA:294,0
DA:295,0
DA:299,0
DA:300,0
DA:304,0
DA:311,0
DA:312,0
DA:316,0
DA:317,0
DA:319,0
DA:320,0
DA:322,0
DA:323,0
DA:325,0
DA:326,0
DA:328,0
DA:329,0
DA:331,0
DA:332,0
DA:334,0
DA:335,0
DA:337,0
DA:338,0
DA:341,0
DA:348,0
DA:349,0
DA:352,0
DA:355,0
DA:356,0
DA:360,0
DA:361,0
DA:364,0
DA:373,0
DA:375,0
DA:376,0
DA:377,0
DA:378,0
DA:382,0
DA:383,0
DA:384,0
DA:386,0
DA:390,0
DA:391,0
DA:393,0
DA:395,0
DA:397,0
DA:399,0
DA:401,0
DA:403,0
DA:407,0
DA:409,0
DA:414,0
DA:421,0
DA:431,0
DA:438,0
DA:446,0
DA:447,0
DA:451,0
DA:452,0
DA:456,0
DA:468,0
DA:469,0
DA:471,0
DA:477,0
DA:480,0
DA:481,0
DA:482,0
DA:485,0
DA:486,0
DA:490,0
DA:491,0
DA:495,0
DA:516,0
DA:523,0
DA:524,0
DA:525,0
DA:526,0
DA:527,0
DA:530,0
DA:531,0
DA:532,0
DA:533,0
DA:536,0
DA:550,0
DA:551,0
DA:567,0
DA:569,0
DA:584,0
DA:585,0
DA:586,0
DA:587,0
DA:590,0
DA:603,0
DA:605,0
DA:606,0
DA:607,0
DA:608,0
DA:612,0
DA:613,0
DA:614,0
DA:616,0
DA:620,0
DA:621,0
DA:628,0
DA:629,0
DA:630,0
DA:633,0
DA:649,0
DA:652,0
DA:653,0
DA:661,0
LF:170
LH:0
BRDA:25,0,0,0
BRDA:25,0,1,0
BRDA:35,1,0,0
BRDA:35,1,1,0
BRDA:83,2,0,0
BRDA:84,3,0,0
BRDA:85,4,0,0
BRDA:86,5,0,0
BRDA:123,6,0,0
BRDA:140,7,0,0
BRDA:157,8,0,0
BRDA:191,9,0,0
BRDA:208,10,0,0
BRDA:225,11,0,0
BRDA:242,12,0,0
BRDA:270,13,0,0
BRDA:270,13,1,0
BRDA:284,14,0,0
BRDA:294,15,0,0
BRDA:299,16,0,0
BRDA:311,17,0,0
BRDA:319,18,0,0
BRDA:319,19,0,0
BRDA:319,19,1,0
BRDA:322,20,0,0
BRDA:322,21,0,0
BRDA:322,21,1,0
BRDA:325,22,0,0
BRDA:325,23,0,0
BRDA:325,23,1,0
BRDA:328,24,0,0
BRDA:328,25,0,0
BRDA:328,25,1,0
BRDA:331,26,0,0
BRDA:331,27,0,0
BRDA:331,27,1,0
BRDA:334,28,0,0
BRDA:334,29,0,0
BRDA:334,29,1,0
BRDA:337,30,0,0
BRDA:337,31,0,0
BRDA:337,31,1,0
BRDA:348,32,0,0
BRDA:355,33,0,0
BRDA:360,34,0,0
BRDA:375,35,0,0
BRDA:375,36,0,0
BRDA:375,36,1,0
BRDA:377,37,0,0
BRDA:377,38,0,0
BRDA:377,38,1,0
BRDA:383,39,0,0
BRDA:383,40,0,0
BRDA:383,40,1,0
BRDA:390,41,0,0
BRDA:391,42,0,0
BRDA:391,42,1,0
BRDA:391,42,2,0
BRDA:391,42,3,0
BRDA:391,42,4,0
BRDA:391,42,5,0
BRDA:391,42,6,0
BRDA:391,42,7,0
BRDA:391,42,8,0
BRDA:391,42,9,0
BRDA:421,43,0,0
BRDA:421,43,1,0
BRDA:421,43,2,0
BRDA:421,43,3,0
BRDA:431,44,0,0
BRDA:431,44,1,0
BRDA:438,45,0,0
BRDA:438,45,1,0
BRDA:446,46,0,0
BRDA:451,47,0,0
BRDA:480,48,0,0
BRDA:480,49,0,0
BRDA:480,49,1,0
BRDA:485,50,0,0
BRDA:490,51,0,0
BRDA:490,52,0,0
BRDA:490,52,1,0
BRDA:546,53,0,0
BRDA:546,53,1,0
BRDA:546,53,2,0
BRDA:550,54,0,0
BRDA:550,55,0,0
BRDA:550,55,1,0
BRDA:585,56,0,0
BRDA:585,56,1,0
BRDA:605,57,0,0
BRDA:607,58,0,0
BRDA:607,59,0,0
BRDA:607,59,1,0
BRDA:613,60,0,0
BRDA:613,61,0,0
BRDA:613,61,1,0
BRDA:622,62,0,0
BRDA:622,62,1,0
BRDA:628,63,0,0
BRF:100
BRH:0
end_of_record
TN:
SF:src/middleware/rateLimiter.ts
FN:24,(anonymous_1)
FNF:1
FNH:0
FNDA:0,(anonymous_1)
DA:1,0
DA:2,0
DA:9,0
DA:24,0
DA:29,0
DA:38,0
LF:6
LH:0
BRDA:27,0,0,0
BRF:1
BRH:0
end_of_record
TN:
SF:src/middleware/responseSanitizer.ts
FNF:0
FNH:0
DA:1,0
LF:1
LH:0
BRF:0
BRH:0
end_of_record
TN:
SF:src/middleware/upload.ts
FN:5,(anonymous_1)
FNF:1
FNH:0
FNDA:0,(anonymous_1)
DA:1,0
DA:3,0
DA:5,0
DA:6,0
DA:7,0
DA:8,0
DA:10,0
DA:14,0
LF:8
LH:0
BRDA:7,0,0,0
BRDA:7,0,1,0
BRF:2
BRH:0
end_of_record
TN:
SF:src/scripts/cleanupExpiredTokens.ts
FN:4,main
FNF:1
FNH:0
FNDA:0,main
DA:1,0
DA:2,0
DA:5,0
DA:6,0
DA:8,0
DA:10,0
DA:12,0
DA:13,0
DA:15,0
DA:16,0
DA:17,0
DA:21,0
LF:12
LH:0
BRF:0
BRH:0
end_of_record
TN:
SF:src/scripts/hashExistingPasswords.ts
FN:8,hashExistingPasswords
FNF:1
FNH:0
FNDA:0,hashExistingPasswords
DA:1,0
DA:2,0
DA:4,0
DA:6,0
DA:9,0
DA:10,0
DA:11,0
DA:13,0
DA:15,0
DA:16,0
DA:19,0
DA:20,0
DA:21,0
DA:25,0
DA:26,0
DA:29,0
DA:34,0
DA:37,0
DA:39,0
DA:40,0
DA:42,0
DA:46,0
LF:22
LH:0
BRDA:19,0,0,0
BRF:1
BRH:0
end_of_record
TN:
SF:src/scripts/updateCategoryVisibleTillIds.ts
FN:5,updateNullVisibleTillIds
FNF:1
FNH:0
FNDA:0,updateNullVisibleTillIds
DA:1,0
DA:3,0
DA:6,0
DA:7,0
DA:10,0
DA:12,0
DA:14,0
DA:15,0
DA:17,0
DA:19,0
DA:20,0
DA:22,0
DA:26,0
DA:28,0
DA:32,0
DA:33,0
DA:36,0
LF:17
LH:0
BRDA:19,0,0,0
BRDA:19,0,1,0
BRDA:32,1,0,0
BRF:3
BRH:0
end_of_record
TN:
SF:src/services/analyticsService.ts
FN:42,(anonymous_0)
FN:124,(anonymous_1)
FN:195,(anonymous_2)
FN:199,(anonymous_3)
FN:203,(anonymous_4)
FN:210,(anonymous_5)
FN:230,(anonymous_6)
FN:231,(anonymous_7)
FN:324,safePercentage
FN:334,(anonymous_9)
FN:448,(anonymous_10)
FN:459,(anonymous_11)
FNF:12
FNH:0
FNDA:0,(anonymous_0)
FNDA:0,(anonymous_1)
FNDA:0,(anonymous_2)
FNDA:0,(anonymous_3)
FNDA:0,(anonymous_4)
FNDA:0,(anonymous_5)
FNDA:0,(anonymous_6)
FNDA:0,(anonymous_7)
FNDA:0,safePercentage
FNDA:0,(anonymous_9)
FNDA:0,(anonymous_10)
FNDA:0,(anonymous_11)
DA:1,0
DA:4,0
DA:5,0
DA:42,0
DA:57,0
DA:60,0
DA:63,0
DA:64,0
DA:66,0
DA:69,0
DA:71,0
DA:74,0
DA:78,0
DA:81,0
DA:83,0
DA:84,0
DA:85,0
DA:86,0
DA:89,0
DA:90,0
DA:93,0
DA:95,0
DA:96,0
DA:98,0
DA:99,0
DA:100,0
DA:101,0
DA:102,0
DA:104,0
DA:106,0
DA:107,0
DA:111,0
DA:116,0
DA:123,0
DA:124,0
DA:125,0
DA:133,0
DA:135,0
DA:137,0
DA:138,0
DA:140,0
DA:141,0
DA:143,0
DA:144,0
DA:145,0
DA:146,0
DA:149,0
DA:150,0
DA:152,0
DA:154,0
DA:157,0
DA:159,0
DA:160,0
DA:163,0
DA:166,0
DA:167,0
DA:168,0
DA:171,0
DA:172,0
DA:184,0
DA:185,0
DA:186,0
DA:187,0
DA:192,0
DA:194,0
DA:195,0
DA:198,0
DA:199,0
DA:203,0
DA:204,0
DA:205,0
DA:210,0
DA:211,0
DA:213,0
DA:215,0
DA:216,0
DA:218,0
DA:219,0
DA:221,0
DA:222,0
DA:226,0
DA:230,0
DA:231,0
DA:234,0
DA:243,0
DA:244,0
DA:245,0
DA:247,0
DA:250,0
DA:251,0
DA:254,0
DA:256,0
DA:325,0
DA:326,0
DA:328,0
DA:334,0
DA:339,0
DA:340,0
DA:346,0
DA:356,0
DA:357,0
DA:363,0
DA:364,0
DA:365,0
DA:366,0
DA:367,0
DA:371,0
DA:372,0
DA:374,0
DA:375,0
DA:376,0
DA:379,0
DA:380,0
DA:381,0
DA:384,0
DA:385,0
DA:388,0
DA:389,0
DA:390,0
DA:391,0
DA:392,0
DA:396,0
DA:397,0
DA:401,0
DA:402,0
DA:403,0
DA:404,0
DA:407,0
DA:408,0
DA:412,0
DA:413,0
DA:414,0
DA:416,0
DA:417,0
DA:424,0
DA:425,0
DA:426,0
DA:430,0
DA:448,0
DA:453,0
DA:459,0
DA:460,0
DA:461,0
DA:462,0
DA:468,0
DA:469,0
DA:471,0
DA:479,0
DA:480,0
DA:485,0
DA:486,0
DA:491,0
LF:152
LH:0
BRDA:52,0,0,0
BRDA:53,1,0,0
BRDA:54,2,0,0
BRDA:55,3,0,0
BRDA:56,4,0,0
BRDA:63,5,0,0
BRDA:63,5,1,0
BRDA:63,6,0,0
BRDA:63,6,1,0
BRDA:66,7,0,0
BRDA:69,8,0,0
BRDA:69,8,1,0
BRDA:69,9,0,0
BRDA:69,9,1,0
BRDA:78,10,0,0
BRDA:81,11,0,0
BRDA:81,11,1,0
BRDA:81,12,0,0
BRDA:81,12,1,0
BRDA:93,13,0,0
BRDA:93,13,1,0
BRDA:93,14,0,0
BRDA:93,14,1,0
BRDA:98,15,0,0
BRDA:98,16,0,0
BRDA:98,16,1,0
BRDA:104,17,0,0
BRDA:104,18,0,0
BRDA:104,18,1,0
BRDA:128,19,0,0
BRDA:128,19,1,0
BRDA:138,20,0,0
BRDA:138,20,1,0
BRDA:141,21,0,0
BRDA:141,21,1,0
BRDA:145,22,0,0
BRDA:152,23,0,0
BRDA:152,24,0,0
BRDA:152,24,1,0
BRDA:159,25,0,0
BRDA:159,26,0,0
BRDA:159,26,1,0
BRDA:159,26,2,0
BRDA:167,27,0,0
BRDA:171,28,0,0
BRDA:194,29,0,0
BRDA:198,30,0,0
BRDA:204,31,0,0
BRDA:213,32,0,0
BRDA:213,32,1,0
BRDA:213,32,2,0
BRDA:226,33,0,0
BRDA:226,33,1,0
BRDA:234,34,0,0
BRDA:234,34,1,0
BRDA:234,35,0,0
BRDA:234,35,1,0
BRDA:250,36,0,0
BRDA:325,37,0,0
BRDA:325,38,0,0
BRDA:325,38,1,0
BRDA:325,38,2,0
BRDA:326,39,0,0
BRDA:326,39,1,0
BRDA:380,40,0,0
BRDA:396,41,0,0
BRDA:396,41,1,0
BRDA:396,41,2,0
BRDA:397,42,0,0
BRDA:397,42,1,0
BRDA:402,43,0,0
BRDA:421,44,0,0
BRDA:421,44,1,0
BRDA:424,45,0,0
BRDA:461,46,0,0
BRDA:465,47,0,0
BRDA:465,47,1,0
BRF:77
BRH:0
end_of_record
TN:
SF:src/services/businessDayScheduler.ts
FN:28,initializeScheduler
FN:32,(anonymous_2)
FN:45,stopScheduler
FN:56,getSchedulerStatus
FN:108,getSettingsSync
FN:115,getSettings
FN:152,clearSettingsCache
FN:161,checkAndPerformAutoClose
FN:199,performAutomaticClosing
FN:286,forceBusinessDayClose
FNF:10
FNH:0
FNDA:0,initializeScheduler
FNDA:0,(anonymous_2)
FNDA:0,stopScheduler
FNDA:0,getSchedulerStatus
FNDA:0,getSettingsSync
FNDA:0,getSettings
FNDA:0,clearSettingsCache
FNDA:0,checkAndPerformAutoClose
FNDA:0,performAutomaticClosing
FNDA:0,forceBusinessDayClose
DA:10,0
DA:11,0
DA:12,0
DA:13,0
DA:14,0
DA:17,0
DA:18,0
DA:19,0
DA:22,0
DA:28,0
DA:29,0
DA:32,0
DA:33,0
DA:38,0
DA:45,0
DA:46,0
DA:47,0
DA:48,0
DA:49,0
DA:56,0
DA:65,0
DA:67,0
DA:68,0
DA:69,0
DA:71,0
DA:72,0
DA:75,0
DA:76,0
DA:79,0
DA:80,0
DA:85,0
DA:87,0
DA:101,0
DA:102,0
DA:103,0
DA:109,0
DA:120,0
DA:123,0
DA:124,0
DA:130,0
DA:132,0
DA:133,0
DA:137,0
DA:139,0
DA:145,0
DA:152,0
DA:153,0
DA:154,0
DA:155,0
DA:163,0
DA:164,0
DA:167,0
DA:168,0
DA:171,0
DA:172,0
DA:175,0
DA:176,0
DA:179,0
DA:180,0
DA:182,0
DA:184,0
DA:185,0
DA:186,0
DA:189,0
DA:192,0
DA:200,0
DA:202,0
DA:203,0
DA:206,0
DA:207,0
DA:215,0
DA:216,0
DA:222,0
DA:224,0
DA:225,0
DA:226,0
DA:229,0
DA:230,0
DA:234,0
DA:236,0
DA:239,0
DA:243,0
DA:245,0
DA:249,0
DA:250,0
DA:251,0
DA:254,0
DA:258,0
DA:264,0
DA:266,0
DA:269,0
DA:276,0
DA:278,0
DA:286,0
DA:287,0
DA:288,0
DA:289,0
DA:292,0
DA:294,0
DA:295,0
DA:296,0
DA:299,0
DA:301,0
DA:304,0
LF:104
LH:0
BRDA:46,0,0,0
BRDA:67,1,0,0
BRDA:71,2,0,0
BRDA:71,3,0,0
BRDA:71,3,1,0
BRDA:79,4,0,0
BRDA:91,5,0,0
BRDA:91,5,1,0
BRDA:92,6,0,0
BRDA:92,6,1,0
BRDA:123,7,0,0
BRDA:123,8,0,0
BRDA:123,8,1,0
BRDA:132,9,0,0
BRDA:134,10,0,0
BRDA:134,10,1,0
BRDA:135,11,0,0
BRDA:135,11,1,0
BRDA:163,12,0,0
BRDA:171,13,0,0
BRDA:171,14,0,0
BRDA:171,14,1,0
BRDA:182,15,0,0
BRDA:182,16,0,0
BRDA:182,16,1,0
BRDA:184,17,0,0
BRDA:184,18,0,0
BRDA:184,18,1,0
BRDA:192,19,0,0
BRDA:192,19,1,0
BRDA:222,20,0,0
BRDA:222,20,1,0
BRDA:222,21,0,0
BRDA:222,21,1,0
BRDA:222,21,2,0
BRDA:243,22,0,0
BRDA:249,23,0,0
BRDA:276,24,0,0
BRDA:276,24,1,0
BRDA:287,25,0,0
BRDA:294,26,0,0
BRDA:301,27,0,0
BRDA:301,27,1,0
BRF:43
BRH:0
end_of_record
TN:
SF:src/services/costCalculationService.ts
FN:14,calculateVariantCost
FN:47,calculateTransactionItemCost
FN:72,calculateTransactionCost
FN:105,updateVariantTheoreticalCost
FN:147,getVariantCostBreakdown
FN:198,getMultipleVariantCosts
FN:209,recalculateAllVariantCosts
FNF:7
FNH:7
FNDA:40,calculateVariantCost
FNDA:16,calculateTransactionItemCost
FNDA:7,calculateTransactionCost
FNDA:11,updateVariantTheoreticalCost
FNDA:4,getVariantCostBreakdown
FNDA:3,getMultipleVariantCosts
FNDA:4,recalculateAllVariantCosts
DA:1,1
DA:2,1
DA:3,1
DA:14,1
DA:15,40
DA:26,39
DA:27,14
DA:30,25
DA:31,25
DA:33,25
[...]
FNF:14
FNH:14
FNDA:3688,normalizeUnit
FNDA:75,findConversionFactor
FNDA:2325,(anonymous_2)
FNDA:523,(anonymous_3)
FNDA:18,getUnitCategory
FNDA:325,(anonymous_5)
FNDA:91,convertToBaseUnit
FNDA:11,calculateCostPerBaseUnit
FNDA:13,parsePurchasingUnits
FNDA:10,getServingCost
FNDA:8,getConversionFactorFromConfig
FNDA:6,(anonymous_11)
FNDA:16,isConversionPossible
FNDA:19,getUnitDescription
DA:36,1
DA:100,1
DA:113,3688
DA:115,3688
DA:133,3688
DA:143,75
DA:144,75
DA:146,75
DA:148,75
DA:149,2325
DA:151,75
DA:153,24
DA:154,523
DA:156,24
DA:158,9
DA:167,18
DA:168,18
DA:169,325
DA:170,16
DA:173,2
DA:184,1
DA:190,91
DA:191,89
DA:193,85
DA:194,85
DA:196,85
DA:198,70
DA:199,4
DA:202,66
DA:203,66
DA:204,59
DA:207,7
DA:208,7
DA:210,7
DA:211,7
DA:214,0
DA:215,0
DA:218,0
DA:230,1
DA:237,11
DA:239,8
DA:246,8
DA:248,7
DA:256,1
DA:257,13
DA:258,2
DA:261,11
DA:262,4
DA:265,7
DA:267,7
DA:269,7
DA:270,2
DA:273,7
DA:274,5
DA:275,5
DA:276,11
DA:285,7
DA:289,7
DA:290,1
DA:292,7
DA:297,7
DA:308,1
DA:314,10
DA:316,7
DA:318,7
DA:320,6
DA:329,1
DA:333,8
DA:335,5
DA:336,5
DA:337,6
DA:340,5
DA:349,1
DA:350,16
DA:352,12
DA:353,12
DA:355,12
DA:357,9
DA:358,9
DA:360,2
DA:361,2
DA:363,2
DA:371,1
DA:372,19
DA:373,19
DA:389,19
LF:86
LH:83
BRDA:133,0,0,3688
BRDA:133,0,1,2644
BRDA:146,1,0,0
BRDA:149,2,0,2325
BRDA:149,2,1,87
BRDA:151,3,0,51
BRDA:154,4,0,523
BRDA:154,4,1,36
BRDA:156,5,0,15
BRDA:169,6,0,16
BRDA:190,7,0,2
BRDA:191,8,0,4
BRDA:191,9,0,89
BRDA:191,9,1,87
BRDA:196,10,0,15
BRDA:198,11,0,4
BRDA:198,12,0,70
BRDA:198,12,1,4
BRDA:203,13,0,59
BRDA:210,14,0,7
BRDA:214,15,0,0
BRDA:214,16,0,0
BRDA:214,16,1,0
BRDA:214,16,2,0
BRDA:237,17,0,3
BRDA:237,18,0,11
BRDA:237,18,1,10
BRDA:246,19,0,1
BRDA:246,20,0,8
BRDA:246,20,1,7
BRDA:257,21,0,2
BRDA:257,22,0,13
BRDA:257,22,1,12
BRDA:261,23,0,4
BRDA:261,24,0,11
BRDA:261,24,1,8
BRDA:269,25,0,2
BRDA:269,26,0,7
BRDA:269,26,1,3
BRDA:273,27,0,5
BRDA:273,28,0,7
BRDA:273,28,1,5
BRDA:276,29,0,7
BRDA:277,30,0,11
BRDA:277,30,1,11
BRDA:277,30,2,11
BRDA:277,30,3,10
BRDA:277,30,4,10
BRDA:277,30,5,9
BRDA:277,30,6,9
BRDA:289,31,0,1
BRDA:289,32,0,7
BRDA:289,32,1,1
BRDA:314,33,0,3
BRDA:314,34,0,10
BRDA:314,34,1,9
BRDA:318,35,0,1
BRDA:318,36,0,7
BRDA:318,36,1,6
BRDA:333,37,0,3
BRDA:350,38,0,4
BRDA:350,39,0,16
BRDA:350,39,1,14
BRDA:355,40,0,3
BRDA:358,41,0,7
BRDA:363,42,0,2
BRDA:363,42,1,2
BRDA:389,43,0,19
BRDA:389,43,1,2
BRF:69
BRH:64
end_of_record
TN:
SF:src/utils/jsonParser.ts
FN:8,safeJsonParse
FNF:1
FNH:0
FNDA:0,safeJsonParse
DA:1,0
DA:8,0
DA:13,0
DA:14,0
DA:18,0
DA:19,0
DA:22,0
DA:23,0
DA:25,0
DA:30,0
LF:10
LH:0
BRDA:13,0,0,0
BRDA:13,1,0,0
BRDA:13,1,1,0
BRDA:18,2,0,0
BRDA:27,3,0,0
BRDA:27,3,1,0
BRF:6
BRH:0
end_of_record
TN:
SF:src/utils/jwtSecretValidation.ts
FN:35,validateJwtSecret
FN:49,(anonymous_1)
FNF:2
FNH:0
FNDA:0,validateJwtSecret
FNDA:0,(anonymous_1)
DA:11,0
DA:28,0
DA:35,0
DA:36,0
DA:39,0
DA:40,0
DA:48,0
DA:49,0
DA:50,0
DA:58,0
DA:59,0
DA:67,0
DA:68,0
DA:75,0
DA:76,0
LF:15
LH:0
BRDA:39,0,0,0
BRDA:49,1,0,0
BRDA:58,2,0,0
BRDA:67,3,0,0
BRDA:75,4,0,0
BRF:5
BRH:0
end_of_record
TN:
SF:src/utils/layoutValidation.ts
FN:3,(anonymous_0)
FN:19,(anonymous_1)
FN:32,(anonymous_2)
FN:44,(anonymous_3)
FN:56,(anonymous_4)
FN:68,(anonymous_5)
FN:80,(anonymous_6)
FN:109,(anonymous_7)
FN:128,(anonymous_8)
FNF:9
FNH:0
FNDA:0,(anonymous_0)
FNDA:0,(anonymous_1)
FNDA:0,(anonymous_2)
FNDA:0,(anonymous_3)
FNDA:0,(anonymous_4)
FNDA:0,(anonymous_5)
FNDA:0,(anonymous_6)
FNDA:0,(anonymous_7)
FNDA:0,(anonymous_8)
DA:3,0
DA:4,0
DA:5,0
DA:8,0
DA:9,0
DA:12,0
DA:13,0
DA:16,0
DA:19,0
DA:20,0
DA:21,0
DA:25,0
DA:26,0
DA:29,0
DA:32,0
DA:33,0
DA:34,0
DA:37,0
DA:38,0
DA:41,0
DA:44,0
DA:45,0
DA:46,0
DA:49,0
DA:50,0
DA:53,0
DA:56,0
DA:57,0
DA:58,0
DA:61,0
DA:62,0
DA:65,0
DA:68,0
DA:69,0
DA:70,0
DA:73,0
DA:74,0
DA:77,0
DA:80,0
DA:81,0
DA:83,0
DA:84,0
DA:85,0
DA:88,0
DA:89,0
DA:90,0
DA:93,0
DA:94,0
DA:95,0
DA:98,0
DA:99,0
DA:100,0
DA:103,0
DA:109,0
DA:110,0
DA:112,0
DA:113,0
DA:114,0
DA:117,0
DA:118,0
DA:119,0
DA:122,0
DA:128,0
DA:129,0
DA:131,0
DA:132,0
DA:133,0
DA:136,0
DA:137,0
DA:138,0
DA:141,0
DA:142,0
DA:143,0
DA:146,0
LF:74
LH:0
BRDA:4,0,0,0
BRDA:4,1,0,0
BRDA:4,1,1,0
BRDA:8,2,0,0
BRDA:12,3,0,0
BRDA:20,4,0,0
BRDA:25,5,0,0
BRDA:25,6,0,0
BRDA:25,6,1,0
BRDA:33,7,0,0
BRDA:37,8,0,0
BRDA:45,9,0,0
BRDA:49,10,0,0
BRDA:57,11,0,0
BRDA:61,12,0,0
BRDA:61,13,0,0
BRDA:61,13,1,0
BRDA:69,14,0,0
BRDA:73,15,0,0
BRDA:84,16,0,0
BRDA:89,17,0,0
BRDA:94,18,0,0
BRDA:99,19,0,0
BRDA:113,20,0,0
BRDA:118,21,0,0
BRDA:132,22,0,0
BRDA:137,23,0,0
BRDA:142,24,0,0
BRF:28
BRH:0
end_of_record
TN:
SF:src/utils/logger.ts
FN:653,sanitizeForLogInjection
FN:672,redactSensitiveData
FN:694,(anonymous_3)
FN:715,(anonymous_4)
FN:743,generateCorrelationId
FN:753,getCorrelationId
FN:783,(anonymous_7)
FN:821,(anonymous_8)
FN:834,getLogLevel
FN:849,isDebugLoggingEnabled
FN:856,(anonymous_11)
FN:960,logError
FN:976,logWarn
FN:986,logInfo
FN:996,logDebug
FN:1009,logRequest
FN:1022,logResponse
FN:1042,logAuditEvent
FN:1076,logAuthEvent
FN:1106,logDataAccess
FN:1137,logPaymentEvent
FN:1167,logSecurityAlert
FN:1190,createChildLogger
FN:1197,(anonymous_24)
FN:1200,(anonymous_25)
FN:1203,(anonymous_26)
FN:1206,(anonymous_27)
FN:1219,correlationIdMiddleware
FN:1232,requestLoggerMiddleware
FN:1247,(anonymous_30)
FNF:30
FNH:0
FNDA:0,sanitizeForLogInjection
FNDA:0,redactSensitiveData
FNDA:0,(anonymous_3)
FNDA:0,(anonymous_4)
FNDA:0,generateCorrelationId
FNDA:0,getCorrelationId
FNDA:0,(anonymous_7)
FNDA:0,(anonymous_8)
FNDA:0,getLogLevel
FNDA:0,isDebugLoggingEnabled
FNDA:0,(anonymous_11)
FNDA:0,logError
FNDA:0,logWarn
FNDA:0,logInfo
FNDA:0,logDebug
FNDA:0,logRequest
FNDA:0,logResponse
FNDA:0,logAuditEvent
FNDA:0,logAuthEvent
FNDA:0,logDataAccess
FNDA:0,logPaymentEvent
FNDA:0,logSecurityAlert
FNDA:0,createChildLogger
FNDA:0,(anonymous_24)
FNDA:0,(anonymous_25)
FNDA:0,(anonymous_26)
FNDA:0,(anonymous_27)
FNDA:0,correlationIdMiddleware
FNDA:0,requestLoggerMiddleware
FNDA:0,(anonymous_30)
DA:14,0
DA:25,0
DA:548,0
DA:553,0
DA:558,0
DA:653,0
DA:654,0
DA:655,0
DA:659,0
DA:672,0
DA:674,0
DA:675,0
DA:679,0
DA:680,0
DA:684,0
DA:685,0
DA:689,0
DA:691,0
DA:692,0
DA:694,0
DA:696,0
DA:697,0
DA:699,0
DA:704,0
DA:706,0
DA:707,0
DA:708,0
DA:711,0
DA:714,0
DA:715,0
DA:718,0
DA:720,0
DA:723,0
DA:724,0
DA:725,0
DA:726,0
DA:728,0
DA:730,0
DA:735,0
DA:743,0
DA:744,0
DA:753,0
DA:754,0
DA:756,0
DA:765,0
DA:766,0
DA:767,0
DA:768,0
DA:773,0
DA:783,0
DA:784,0
DA:787,0
DA:791,0
DA:794,0
DA:796,0
DA:797,0
DA:800,0
DA:801,0
DA:804,0
DA:805,0
DA:808,0
DA:811,0
DA:812,0
DA:815,0
DA:821,0
DA:822,0
DA:823,0
DA:824,0
DA:835,0
DA:836,0
DA:838,0
DA:839,0
DA:843,0
DA:850,0
DA:856,0
DA:857,0
DA:858,0
DA:860,0
DA:874,0
DA:888,0
DA:903,0
DA:904,0
DA:920,0
DA:934,0
DA:948,0
DA:960,0
DA:961,0
DA:962,0
DA:964,0
DA:976,0
DA:977,0
DA:986,0
DA:987,0
DA:996,0
DA:997,0
DA:998,0
DA:1009,0
DA:1010,0
DA:1022,0
DA:1029,0
DA:1030,0
DA:1042,0
DA:1049,0
DA:1059,0
DA:1062,0
DA:1063,0
DA:1076,0
DA:1083,0
DA:1085,0
DA:1106,0
DA:1113,0
DA:1115,0
DA:1137,0
DA:1144,0
DA:1146,0
DA:1167,0
DA:1173,0
DA:1190,0
DA:1196,0
DA:1198,0
DA:1201,0
DA:1204,0
DA:1207,0
DA:1219,0
DA:1224,0
DA:1225,0
DA:1226,0
DA:1232,0
DA:1237,0
DA:1240,0
DA:1247,0
DA:1248,0
DA:1249,0
DA:1261,0
DA:1268,0
LF:135
LH:0
BRDA:654,0,0,0
BRDA:672,1,0,0
BRDA:674,2,0,0
BRDA:679,3,0,0
BRDA:679,4,0,0
BRDA:679,4,1,0
BRDA:684,5,0,0
BRDA:689,6,0,0
BRDA:691,7,0,0
BRDA:696,8,0,0
BRDA:696,9,0,0
BRDA:696,9,1,0
BRDA:707,10,0,0
BRDA:718,11,0,0
BRDA:718,11,1,0
BRDA:724,12,0,0
BRDA:724,12,1,0
BRDA:724,13,0,0
BRDA:724,13,1,0
BRDA:726,14,0,0
BRDA:726,14,1,0
BRDA:754,15,0,0
BRDA:767,16,0,0
BRDA:767,17,0,0
BRDA:767,17,1,0
BRDA:787,18,0,0
BRDA:787,18,1,0
BRDA:796,19,0,0
BRDA:800,20,0,0
BRDA:804,21,0,0
BRDA:811,22,0,0
BRDA:838,23,0,0
BRDA:838,24,0,0
BRDA:838,24,1,0
BRDA:843,25,0,0
BRDA:843,25,1,0
BRDA:850,26,0,0
BRDA:850,26,1,0
BRDA:903,27,0,0
BRDA:961,28,0,0
BRDA:961,28,1,0
BRDA:962,29,0,0
BRDA:962,29,1,0
BRDA:966,30,0,0
BRDA:966,30,1,0
BRDA:997,31,0,0
BRDA:1029,32,0,0
BRDA:1029,32,1,0
BRDA:1029,33,0,0
BRDA:1029,33,1,0
BRDA:1046,34,0,0
BRDA:1052,35,0,0
BRDA:1052,35,1,0
BRDA:1062,36,0,0
BRDA:1062,37,0,0
BRDA:1062,37,1,0
BRDA:1080,38,0,0
BRDA:1083,39,0,0
BRDA:1083,39,1,0
BRDA:1113,40,0,0
BRDA:1113,40,1,0
BRDA:1113,41,0,0
BRDA:1113,41,1,0
BRDA:1140,42,0,0
BRDA:1141,43,0,0
BRDA:1144,44,0,0
BRDA:1144,44,1,0
BRDA:1171,45,0,0
BRF:68
BRH:0
end_of_record
TN:
SF:src/utils/money.ts
FN:16,createMoney
FN:25,isMoneyValid
FN:39,roundMoney
FN:53,addMoney
FN:70,subtractMoney
FN:87,multiplyMoney
FN:104,divideMoney
FN:124,formatMoney
FN:148,decimalToNumber
FN:170,distributeMoney
FN:198,(anonymous_10)
FNF:11
FNH:7
FNDA:153,createMoney
FNDA:210,isMoneyValid
FNDA:96,roundMoney
FNDA:0,addMoney
FNDA:10,subtractMoney
FNDA:37,multiplyMoney
FNDA:10,divideMoney
FNDA:0,formatMoney
FNDA:51,decimalToNumber
FNDA:0,distributeMoney
FNDA:0,(anonymous_10)
DA:1,2
DA:6,2
DA:17,153
DA:25,2
DA:26,210
DA:27,0
DA:29,210
DA:30,210
DA:39,2
DA:40,96
DA:41,0
DA:43,96
DA:53,2
DA:54,0
DA:55,0
DA:57,0
DA:58,0
DA:60,0
DA:70,2
DA:71,10
DA:72,0
DA:74,10
DA:75,0
DA:77,10
DA:87,2
DA:88,37
DA:89,0
DA:91,37
DA:92,0
DA:94,37
DA:104,2
DA:105,10
DA:106,0
DA:108,10
DA:109,0
DA:111,10
DA:112,0
DA:114,10
DA:124,2
DA:125,0
DA:126,0
DA:129,0
DA:132,0
DA:139,0
DA:148,2
DA:149,51
DA:150,49
DA:152,49
DA:153,0
DA:156,49
DA:157,49
DA:159,0
DA:170,2
DA:171,0
DA:172,0
DA:174,0
DA:175,0
DA:179,0
DA:180,0
DA:181,0
DA:184,0
DA:185,0
DA:188,0
DA:190,0
DA:191,0
DA:193,0
DA:198,0
DA:199,0
DA:201,0
DA:204,0
LF:70
LH:32
BRDA:26,0,0,0
BRDA:26,1,0,210
BRDA:26,1,1,210
BRDA:30,2,0,210
BRDA:30,2,1,210
BRDA:40,3,0,0
BRDA:54,4,0,0
BRDA:57,5,0,0
BRDA:71,6,0,0
BRDA:74,7,0,0
BRDA:88,8,0,0
BRDA:91,9,0,0
BRDA:105,10,0,0
BRDA:108,11,0,0
BRDA:111,12,0,0
BRDA:125,13,0,0
BRDA:129,14,0,0
BRDA:129,14,1,0
BRDA:149,15,0,2
BRDA:149,16,0,51
BRDA:149,16,1,49
BRDA:150,17,0,0
BRDA:152,18,0,0
BRDA:152,19,0,49
BRDA:152,19,1,49
BRDA:152,19,2,49
BRDA:156,20,0,49
BRDA:156,21,0,49
BRDA:156,21,1,49
BRDA:156,21,2,49
BRDA:156,21,3,49
BRDA:171,22,0,0
BRDA:174,23,0,0
BRDA:174,24,0,0
BRDA:174,24,1,0
BRDA:190,25,0,0
BRDA:190,25,1,0
BRDA:199,26,0,0
BRF:38
BRH:15
end_of_record
TN:
SF:src/utils/password.ts
FN:10,(anonymous_1)
FN:20,(anonymous_2)
FNF:2
FNH:0
FNDA:0,(anonymous_1)
FNDA:0,(anonymous_2)
DA:1,0
DA:3,0
DA:10,0
DA:11,0
DA:20,0
DA:21,0
LF:6
LH:0
BRF:0
BRH:0
end_of_record
TN:
SF:src/utils/sanitization.ts
FN:24,(anonymous_1)
FN:35,sanitizeHtml
FN:62,sanitizeName
FN:106,sanitizeDescription
FN:134,escapeHtml
FN:152,sanitizeString
FN:179,sanitizeOptionalName
FN:205,sanitizeOptionalDescription
FNF:8
FNH:0
FNDA:0,(anonymous_1)
FNDA:0,sanitizeHtml
FNDA:0,sanitizeName
FNDA:0,sanitizeDescription
FNDA:0,escapeHtml
FNDA:0,sanitizeString
FNDA:0,sanitizeOptionalName
FNDA:0,sanitizeOptionalDescription
DA:9,0
DA:10,0
DA:13,0
DA:14,0
DA:15,0
DA:18,0
DA:23,0
DA:25,0
DA:26,0
DA:35,0
DA:36,0
DA:37,0
DA:41,0
DA:48,0
DA:62,0
DA:63,0
DA:64,0
DA:68,0
DA:71,0
DA:74,0
DA:75,0
DA:80,0
DA:81,0
DA:87,0
DA:88,0
DA:93,0
DA:106,0
DA:107,0
DA:108,0
DA:112,0
DA:115,0
DA:118,0
DA:119,0
DA:124,0
DA:134,0
DA:135,0
DA:136,0
DA:139,0
DA:152,0
DA:153,0
DA:154,0
DA:158,0
DA:161,0
DA:164,0
DA:165,0
DA:168,0
DA:179,0
DA:180,0
DA:181,0
DA:184,0
DA:185,0
DA:188,0
DA:190,0
DA:191,0
DA:194,0
DA:205,0
DA:208,0
DA:209,0
DA:212,0
DA:213,0
DA:216,0
DA:218,0
DA:219,0
DA:222,0
LF:64
LH:0
BRDA:36,0,0,0
BRDA:63,1,0,0
BRDA:74,2,0,0
BRDA:76,3,0,0
BRDA:76,3,1,0
BRDA:80,4,0,0
BRDA:87,5,0,0
BRDA:107,6,0,0
BRDA:118,7,0,0
BRDA:135,8,0,0
BRDA:153,9,0,0
BRDA:164,10,0,0
BRDA:164,11,0,0
BRDA:164,11,1,0
BRDA:180,12,0,0
BRDA:180,13,0,0
BRDA:180,13,1,0
BRDA:184,14,0,0
BRDA:190,15,0,0
BRDA:208,16,0,0
BRDA:208,17,0,0
BRDA:208,17,1,0
BRDA:212,18,0,0
BRDA:218,19,0,0
BRF:24
BRH:0
end_of_record
TN:
SF:src/utils/tableStatus.ts
FN:26,isValidStatus
FN:31,isValidStatusTransition
FNF:2
FNH:0
FNDA:0,isValidStatus
FNDA:0,isValidStatusTransition
DA:6,0
DA:17,0
DA:26,0
DA:27,0
DA:31,0
DA:35,0
DA:36,0
LF:7
LH:0
BRDA:36,0,0,0
BRDA:36,0,1,0
BRF:2
BRH:0
end_of_record
TN:
SF:src/utils/tableValidation.ts
FN:3,(anonymous_0)
FN:3,(anonymous_1)
FN:3,(anonymous_2)
FN:5,(anonymous_3)
FN:71,validateTableStatusUpdate
FNF:5
FNH:0
FNDA:0,(anonymous_0)
FNDA:0,(anonymous_1)
FNDA:0,(anonymous_2)
FNDA:0,(anonymous_3)
FNDA:0,validateTableStatusUpdate
DA:1,0
DA:3,0
DA:5,0
DA:15,0
DA:17,0
DA:18,0
DA:19,0
DA:23,0
DA:24,0
DA:25,0
DA:26,0
DA:30,0
DA:31,0
DA:32,0
DA:33,0
DA:37,0
DA:38,0
DA:39,0
DA:40,0
DA:44,0
DA:45,0
DA:46,0
DA:47,0
DA:51,0
DA:52,0
DA:53,0
DA:54,0
DA:58,0
DA:59,0
DA:60,0
DA:61,0
DA:65,0
DA:71,0
DA:75,0
DA:76,0
DA:79,0
DA:80,0
DA:86,0
LF:38
LH:0
BRDA:17,0,0,0
BRDA:18,1,0,0
BRDA:18,2,0,0
BRDA:18,2,1,0
BRDA:23,3,0,0
BRDA:25,4,0,0
BRDA:25,5,0,0
BRDA:25,5,1,0
BRDA:30,6,0,0
BRDA:32,7,0,0
BRDA:32,8,0,0
BRDA:32,8,1,0
BRDA:37,9,0,0
BRDA:39,10,0,0
BRDA:39,11,0,0
BRDA:39,11,1,0
BRDA:44,12,0,0
BRDA:46,13,0,0
BRDA:46,14,0,0
BRDA:46,14,1,0
BRDA:51,15,0,0
BRDA:53,16,0,0
BRDA:58,17,0,0
BRDA:60,18,0,0
BRDA:60,19,0,0
BRDA:60,19,1,0
BRDA:75,20,0,0
BRDA:79,21,0,0
BRF:28
BRH:0
end_of_record
TN:
SF:src/utils/validation.ts
FN:13,(anonymous_0)
FN:15,(anonymous_1)
FN:18,(anonymous_2)
FN:25,(anonymous_3)
FN:26,(anonymous_4)
FN:43,(anonymous_5)
FN:44,(anonymous_6)
FN:57,(anonymous_7)
FN:58,(anonymous_8)
FN:75,(anonymous_9)
FN:76,(anonymous_10)
FN:98,(anonymous_11)
FN:128,(anonymous_12)
FN:129,(anonymous_13)
FN:146,(anonymous_14)
FN:161,(anonymous_15)
FN:162,(anonymous_16)
FN:179,(anonymous_17)
FN:194,(anonymous_18)
FN:195,(anonymous_19)
FN:212,(anonymous_20)
FN:213,(anonymous_21)
FN:226,(anonymous_22)
FN:227,(anonymous_23)
FN:244,(anonymous_24)
FN:245,(anonymous_25)
FN:266,(anonymous_26)
FN:316,(anonymous_27)
FN:317,(anonymous_28)
FN:331,(anonymous_29)
FN:343,(anonymous_30)
FN:344,(anonymous_31)
FN:353,(anonymous_32)
FN:356,(anonymous_33)
FN:356,(anonymous_34)
FN:373,(anonymous_35)
FN:407,(anonymous_36)
FN:427,(anonymous_37)
FNF:38
FNH:0
FNDA:0,(anonymous_0)
FNDA:0,(anonymous_1)
FNDA:0,(anonymous_2)
FNDA:0,(anonymous_3)
FNDA:0,(anonymous_4)
FNDA:0,(anonymous_5)
FNDA:0,(anonymous_6)
FNDA:0,(anonymous_7)
FNDA:0,(anonymous_8)
FNDA:0,(anonymous_9)
FNDA:0,(anonymous_10)
FNDA:0,(anonymous_11)
FNDA:0,(anonymous_12)
FNDA:0,(anonymous_13)
FNDA:0,(anonymous_14)
FNDA:0,(anonymous_15)
FNDA:0,(anonymous_16)
FNDA:0,(anonymous_17)
FNDA:0,(anonymous_18)
FNDA:0,(anonymous_19)
FNDA:0,(anonymous_20)
FNDA:0,(anonymous_21)
FNDA:0,(anonymous_22)
FNDA:0,(anonymous_23)
FNDA:0,(anonymous_24)
FNDA:0,(anonymous_25)
FNDA:0,(anonymous_26)
FNDA:0,(anonymous_27)
FNDA:0,(anonymous_28)
FNDA:0,(anonymous_29)
FNDA:0,(anonymous_30)
FNDA:0,(anonymous_31)
FNDA:0,(anonymous_32)
FNDA:0,(anonymous_33)
FNDA:0,(anonymous_34)
FNDA:0,(anonymous_35)
FNDA:0,(anonymous_36)
FNDA:0,(anonymous_37)
DA:3,0
DA:13,0
DA:14,0
DA:15,0
DA:18,0
DA:19,0
DA:20,0
DA:25,0
DA:26,0
DA:28,0
DA:29,0
DA:32,0
DA:33,0
DA:36,0
DA:37,0
DA:40,0
DA:43,0
DA:44,0
DA:46,0
DA:47,0
DA:50,0
DA:51,0
DA:54,0
DA:57,0
DA:58,0
DA:60,0
DA:61,0
DA:64,0
DA:65,0
DA:68,0
DA:69,0
DA:72,0
DA:75,0
DA:76,0
DA:78,0
DA:79,0
DA:82,0
DA:83,0
DA:86,0
DA:87,0
DA:90,0
DA:91,0
DA:92,0
DA:95,0
DA:98,0
DA:99,0
DA:101,0
DA:102,0
DA:103,0
DA:106,0
DA:107,0
DA:108,0
DA:111,0
DA:112,0
DA:113,0
DA:114,0
DA:115,0
DA:116,0
DA:121,0
DA:128,0
DA:129,0
DA:131,0
DA:132,0
DA:135,0
DA:136,0
DA:139,0
DA:140,0
DA:143,0
DA:146,0
DA:147,0
DA:149,0
DA:150,0
DA:151,0
DA:154,0
DA:161,0
DA:162,0
DA:164,0
DA:165,0
DA:168,0
DA:169,0
DA:172,0
DA:173,0
DA:176,0
DA:179,0
DA:180,0
DA:182,0
DA:183,0
DA:184,0
DA:187,0
DA:194,0
DA:195,0
DA:197,0
DA:198,0
DA:201,0
DA:202,0
DA:205,0
DA:206,0
DA:209,0
DA:212,0
DA:213,0
DA:215,0
DA:216,0
DA:219,0
DA:220,0
DA:223,0
DA:226,0
DA:227,0
DA:229,0
DA:230,0
DA:233,0
DA:234,0
DA:237,0
DA:238,0
DA:241,0
DA:244,0
DA:245,0
DA:247,0
DA:248,0
DA:251,0
DA:252,0
DA:255,0
DA:256,0
DA:259,0
DA:260,0
DA:263,0
DA:266,0
DA:267,0
DA:269,0
DA:270,0
DA:271,0
DA:274,0
DA:275,0
DA:276,0
DA:279,0
DA:280,0
DA:281,0
DA:284,0
DA:285,0
DA:286,0
DA:287,0
DA:288,0
DA:289,0
DA:294,0
DA:316,0
DA:317,0
DA:319,0
DA:320,0
DA:323,0
DA:324,0
DA:327,0
DA:328,0
DA:331,0
DA:332,0
DA:336,0
DA:337,0
DA:340,0
DA:343,0
DA:344,0
DA:346,0
DA:347,0
DA:350,0
DA:353,0
DA:354,0
DA:356,0
DA:357,0
DA:358,0
DA:361,0
DA:362,0
DA:363,0
DA:366,0
DA:373,0
DA:374,0
DA:375,0
DA:378,0
DA:379,0
DA:381,0
DA:382,0
DA:386,0
DA:387,0
DA:388,0
DA:389,0
DA:392,0
DA:393,0
DA:394,0
DA:398,0
DA:399,0
DA:403,0
DA:407,0
DA:408,0
DA:409,0
DA:412,0
DA:413,0
DA:414,0
DA:417,0
DA:420,0
DA:421,0
DA:424,0
DA:427,0
DA:428,0
DA:431,0
DA:432,0
DA:433,0
DA:434,0
DA:438,0
DA:439,0
DA:440,0
DA:441,0
DA:446,0
DA:447,0
DA:448,0
DA:452,0
DA:453,0
DA:454,0
DA:459,0
DA:460,0
DA:461,0
DA:464,0
DA:466,0
DA:468,0
DA:472,0
DA:473,0
DA:478,0
DA:479,0
DA:480,0
DA:481,0
DA:485,0
DA:486,0
DA:487,0
DA:488,0
DA:493,0
DA:494,0
DA:497,0
DA:498,0
DA:502,0
DA:503,0
DA:504,0
DA:505,0
DA:509,0
DA:510,0
DA:511,0
DA:512,0
DA:517,0
DA:518,0
DA:521,0
LF:244
LH:0
BRDA:14,0,0,0
BRDA:14,1,0,0
BRDA:14,1,1,0
BRDA:15,2,0,0
BRDA:15,2,1,0
BRDA:20,3,0,0
BRDA:20,3,1,0
BRDA:26,4,0,0
BRDA:26,4,1,0
BRDA:26,5,0,0
BRDA:26,5,1,0
BRDA:28,6,0,0
BRDA:28,7,0,0
BRDA:28,7,1,0
BRDA:32,8,0,0
BRDA:36,9,0,0
BRDA:44,10,0,0
BRDA:44,10,1,0
BRDA:44,11,0,0
BRDA:44,11,1,0
BRDA:46,12,0,0
BRDA:50,13,0,0
BRDA:58,14,0,0
BRDA:58,14,1,0
BRDA:58,15,0,0
BRDA:58,15,1,0
BRDA:60,16,0,0
BRDA:64,17,0,0
BRDA:68,18,0,0
BRDA:76,19,0,0
BRDA:76,19,1,0
BRDA:76,20,0,0
BRDA:76,20,1,0
BRDA:78,21,0,0
BRDA:78,22,0,0
BRDA:78,22,1,0
BRDA:82,23,0,0
BRDA:86,24,0,0
BRDA:91,25,0,0
BRDA:102,26,0,0
BRDA:107,27,0,0
BRDA:111,28,0,0
BRDA:111,29,0,0
BRDA:111,29,1,0
BRDA:115,30,0,0
BRDA:129,31,0,0
BRDA:129,31,1,0
BRDA:129,32,0,0
BRDA:129,32,1,0
BRDA:131,33,0,0
BRDA:131,34,0,0
BRDA:131,34,1,0
BRDA:135,35,0,0
BRDA:139,36,0,0
BRDA:150,37,0,0
BRDA:162,38,0,0
BRDA:162,38,1,0
BRDA:162,39,0,0
BRDA:162,39,1,0
BRDA:164,40,0,0
BRDA:164,41,0,0
BRDA:164,41,1,0
BRDA:168,42,0,0
BRDA:172,43,0,0
BRDA:183,44,0,0
BRDA:195,45,0,0
BRDA:195,45,1,0
BRDA:195,46,0,0
BRDA:195,46,1,0
BRDA:197,47,0,0
BRDA:197,48,0,0
BRDA:197,48,1,0
BRDA:201,49,0,0
BRDA:205,50,0,0
BRDA:213,51,0,0
BRDA:213,51,1,0
BRDA:213,52,0,0
BRDA:213,52,1,0
BRDA:215,53,0,0
BRDA:219,54,0,0
BRDA:227,55,0,0
BRDA:227,55,1,0
BRDA:227,56,0,0
BRDA:227,56,1,0
BRDA:229,57,0,0
BRDA:229,58,0,0
BRDA:229,58,1,0
BRDA:233,59,0,0
BRDA:237,60,0,0
BRDA:245,61,0,0
BRDA:245,61,1,0
BRDA:245,62,0,0
BRDA:245,62,1,0
BRDA:247,63,0,0
BRDA:247,64,0,0
BRDA:247,64,1,0
BRDA:251,65,0,0
BRDA:255,66,0,0
BRDA:259,67,0,0
BRDA:259,68,0,0
BRDA:259,68,1,0
BRDA:270,69,0,0
BRDA:275,70,0,0
BRDA:280,71,0,0
BRDA:284,72,0,0
BRDA:284,73,0,0
BRDA:284,73,1,0
BRDA:288,74,0,0
BRDA:316,75,0,0
BRDA:317,76,0,0
BRDA:317,76,1,0
BRDA:317,77,0,0
BRDA:317,77,1,0
BRDA:319,78,0,0
BRDA:319,79,0,0
BRDA:319,79,1,0
BRDA:323,80,0,0
BRDA:327,81,0,0
BRDA:331,82,0,0
BRDA:331,83,0,0
BRDA:331,83,1,0
BRDA:336,84,0,0
BRDA:344,85,0,0
BRDA:344,85,1,0
BRDA:344,86,0,0
BRDA:344,86,1,0
BRDA:346,87,0,0
BRDA:346,88,0,0
BRDA:346,88,1,0
BRDA:353,89,0,0
BRDA:357,90,0,0
BRDA:361,91,0,0
BRDA:361,91,1,0
BRDA:362,92,0,0
BRDA:374,93,0,0
BRDA:374,94,0,0
BRDA:374,94,1,0
BRDA:381,95,0,0
BRDA:381,96,0,0
BRDA:381,96,1,0
BRDA:386,97,0,0
BRDA:393,98,0,0
BRDA:393,99,0,0
BRDA:393,99,1,0
BRDA:393,99,2,0
BRDA:398,100,0,0
BRDA:398,101,0,0
BRDA:398,101,1,0
BRDA:398,101,2,0
BRDA:398,101,3,0
BRDA:408,102,0,0
BRDA:408,103,0,0
BRDA:408,103,1,0
BRDA:413,104,0,0
BRDA:420,105,0,0
BRDA:420,106,0,0
BRDA:420,106,1,0
BRDA:420,106,2,0
BRDA:420,106,3,0
BRDA:431,107,0,0
BRDA:433,108,0,0
BRDA:438,109,0,0
BRDA:440,110,0,0
BRDA:446,111,0,0
BRDA:447,112,0,0
BRDA:452,113,0,0
BRDA:453,114,0,0
BRDA:459,115,0,0
BRDA:459,116,0,0
BRDA:459,116,1,0
BRDA:464,117,0,0
BRDA:464,117,1,0
BRDA:464,118,0,0
BRDA:464,118,1,0
BRDA:466,119,0,0
BRDA:478,120,0,0
BRDA:480,121,0,0
BRDA:480,122,0,0
BRDA:480,122,1,0
BRDA:485,123,0,0
BRDA:487,124,0,0
BRDA:487,125,0,0
BRDA:487,125,1,0
BRDA:493,126,0,0
BRDA:493,127,0,0
BRDA:493,127,1,0
BRDA:497,128,0,0
BRDA:497,129,0,0
BRDA:497,129,1,0
BRDA:502,130,0,0
BRDA:504,131,0,0
BRDA:504,132,0,0
BRDA:504,132,1,0
BRDA:509,133,0,0
BRDA:511,134,0,0
BRDA:511,135,0,0
BRDA:511,135,1,0
BRDA:511,135,2,0
BRDA:517,136,0,0
BRDA:518,137,0,0
BRDA:518,137,1,0
BRF:201
BRH:0
end_of_record
