TN:
SF:src/prisma.ts
FN:16,(anonymous_0)
FN:27,(anonymous_1)
FNF:2
FNH:0
FNDA:0,(anonymous_0)
FNDA:0,(anonymous_1)
DA:1,0
DA:10,0
DA:12,0
DA:13,0
DA:16,0
DA:17,0
DA:19,0
DA:20,0
DA:22,0
DA:23,0
DA:27,0
DA:28,0
LF:12
LH:0
BRDA:10,0,0,0
BRDA:10,0,1,0
BRDA:12,1,0,0
BRF:3
BRH:0
end_of_record
TN:
SF:src/router.ts
FN:28,(anonymous_1)
FNF:1
FNH:0
FNDA:0,(anonymous_1)
DA:1,0
DA:2,0
DA:3,0
DA:4,0
DA:5,0
DA:6,0
DA:7,0
DA:8,0
DA:9,0
DA:10,0
DA:11,0
DA:13,0
DA:16,0
DA:17,0
DA:18,0
DA:19,0
DA:20,0
DA:21,0
DA:22,0
DA:23,0
DA:24,0
DA:25,0
DA:28,0
DA:29,0
DA:32,0
LF:25
LH:0
BRF:0
BRH:0
end_of_record
TN:
SF:src/handlers/categories.ts
FN:8,(anonymous_1)
FN:25,(anonymous_2)
FN:49,(anonymous_3)
FN:73,(anonymous_4)
FN:99,(anonymous_5)
FNF:5
FNH:5
FNDA:2,(anonymous_1)
FNDA:2,(anonymous_2)
FNDA:1,(anonymous_3)
FNDA:1,(anonymous_4)
FNDA:2,(anonymous_5)
DA:1,1
DA:2,1
DA:5,1
DA:8,1
DA:9,2
DA:10,2
DA:17,1
DA:19,1
DA:20,1
DA:25,1
DA:26,2
DA:27,2
DA:28,2
DA:37,2
DA:38,1
DA:41,1
DA:43,0
DA:44,0
DA:49,1
DA:50,1
DA:51,1
DA:53,1
DA:65,1
DA:67,0
DA:68,0
DA:73,1
DA:74,1
DA:75,1
DA:76,1
DA:78,1
DA:91,1
DA:93,0
DA:94,0
DA:99,1
DA:100,2
DA:101,2
DA:104,2
DA:108,2
DA:109,1
DA:114,1
DA:118,1
DA:120,0
DA:121,0
DA:125,1
LF:44
LH:36
BRDA:37,0,0,1
BRDA:56,1,0,1
BRDA:56,1,1,0
BRDA:82,2,0,1
BRDA:82,2,1,0
BRDA:108,3,0,1
BRF:6
BRH:4
end_of_record
TN:
SF:src/handlers/orderActivityLogs.ts
FN:8,(anonymous_1)
FN:22,(anonymous_2)
FN:41,(anonymous_3)
FNF:3
FNH:3
FNDA:2,(anonymous_1)
FNDA:2,(anonymous_2)
FNDA:1,(anonymous_3)
DA:1,1
DA:2,1
DA:5,1
DA:8,1
DA:9,2
DA:10,2
DA:14,1
DA:16,1
DA:17,1
DA:22,1
DA:23,2
DA:24,2
DA:25,2
DA:29,2
DA:30,1
DA:33,1
DA:35,0
DA:36,0
DA:41,1
DA:42,1
DA:43,1
DA:45,1
DA:55,1
DA:57,0
DA:58,0
DA:62,1
LF:26
LH:22
BRDA:29,0,0,1
BRDA:48,1,0,1
BRDA:48,1,1,0
BRF:3
BRH:2
end_of_record
TN:
SF:src/handlers/products.ts
FN:8,(anonymous_1)
FN:27,(anonymous_2)
FN:53,(anonymous_3)
FN:62,(anonymous_4)
FN:69,(anonymous_5)
FN:94,(anonymous_6)
FN:110,(anonymous_7)
FN:117,(anonymous_8)
FN:142,(anonymous_9)
FNF:9
FNH:5
FNDA:2,(anonymous_1)
FNDA:2,(anonymous_2)
FNDA:1,(anonymous_3)
FNDA:0,(anonymous_4)
FNDA:0,(anonymous_5)
FNDA:1,(anonymous_6)
FNDA:0,(anonymous_7)
FNDA:0,(anonymous_8)
FNDA:1,(anonymous_9)
DA:1,1
DA:2,1
DA:5,1
DA:8,1
DA:9,2
DA:10,2
DA:19,1
DA:21,1
DA:22,1
DA:27,1
DA:28,2
DA:29,2
DA:30,2
DA:41,2
DA:42,1
DA:45,1
DA:47,0
DA:48,0
DA:53,1
DA:54,1
DA:55,1
DA:57,1
DA:62,0
DA:69,0
DA:86,1
DA:88,0
DA:89,0
DA:94,1
DA:95,1
DA:96,1
DA:97,1
DA:100,1
DA:104,1
DA:110,0
DA:117,0
DA:134,1
DA:136,0
DA:137,0
DA:142,1
DA:143,1
DA:144,1
DA:146,1
DA:150,1
DA:152,0
DA:153,0
DA:157,1
LF:46
LH:34
BRDA:41,0,0,1
BRDA:65,1,0,0
BRDA:65,1,1,0
BRDA:113,2,0,0
BRDA:113,2,1,0
BRF:5
BRH:1
end_of_record
TN:
SF:src/handlers/settings.ts
FN:8,(anonymous_1)
FN:44,(anonymous_2)
FNF:2
FNH:2
FNDA:3,(anonymous_1)
FNDA:2,(anonymous_2)
DA:1,1
DA:2,1
DA:5,1
DA:8,1
DA:9,3
DA:11,3
DA:13,2
DA:15,1
DA:22,1
DA:26,1
DA:36,1
DA:38,1
DA:39,1
DA:44,1
DA:45,2
DA:46,2
DA:49,2
DA:51,2
DA:53,1
DA:63,1
DA:73,2
DA:83,2
DA:85,0
DA:86,0
DA:90,1
LF:25
LH:23
BRDA:13,0,0,1
BRDA:32,1,0,1
BRDA:32,1,1,1
BRDA:51,2,0,1
BRDA:51,2,1,1
BRDA:58,3,0,0
BRDA:58,3,1,1
BRDA:67,4,0,0
BRDA:67,4,1,1
BRDA:79,5,0,2
BRDA:79,5,1,2
BRF:11
BRH:9
end_of_record
TN:
SF:src/handlers/stockAdjustments.ts
FN:8,(anonymous_1)
FN:21,(anonymous_2)
FN:40,(anonymous_3)
FNF:3
FNH:3
FNDA:2,(anonymous_1)
FNDA:2,(anonymous_2)
FNDA:1,(anonymous_3)
DA:1,1
DA:2,1
DA:5,1
DA:8,1
DA:9,2
DA:10,2
DA:13,1
DA:15,1
DA:16,1
DA:21,1
DA:22,2
DA:23,2
DA:24,2
DA:28,2
DA:29,1
DA:32,1
DA:34,0
DA:35,0
DA:40,1
DA:41,1
DA:42,1
DA:45,1
DA:55,1
DA:67,1
DA:69,0
DA:70,0
DA:74,1
LF:27
LH:23
BRDA:28,0,0,1
BRF:1
BRH:1
end_of_record
TN:
SF:src/handlers/stockItems.ts
FN:8,(anonymous_1)
FN:19,(anonymous_2)
FN:38,(anonymous_3)
FN:59,(anonymous_4)
FN:82,(anonymous_5)
FN:109,(anonymous_6)
FNF:6
FNH:5
FNDA:2,(anonymous_1)
FNDA:2,(anonymous_2)
FNDA:1,(anonymous_3)
FNDA:1,(anonymous_4)
FNDA:2,(anonymous_5)
FNDA:0,(anonymous_6)
DA:1,1
DA:2,1
DA:5,1
DA:8,1
DA:9,2
DA:10,2
DA:11,1
DA:13,1
DA:14,1
DA:19,1
DA:20,2
DA:21,2
DA:22,2
DA:26,2
DA:27,1
DA:30,1
DA:32,0
DA:33,0
DA:38,1
DA:39,1
DA:40,1
DA:42,1
DA:51,1
DA:53,0
DA:54,0
DA:59,1
DA:60,1
DA:61,1
DA:62,1
DA:64,1
DA:74,1
DA:76,0
DA:77,0
DA:82,1
DA:83,2
DA:84,2
DA:87,2
DA:91,2
DA:92,1
DA:97,1
DA:101,1
DA:103,0
DA:104,0
DA:109,1
DA:110,0
DA:111,0
DA:114,0
DA:115,0
DA:125,0
DA:127,0
DA:128,0
DA:132,1
LF:52
LH:37
BRDA:26,0,0,1
BRDA:47,1,0,0
BRDA:47,1,1,1
BRDA:70,2,0,0
BRDA:70,2,1,1
BRDA:91,3,0,1
BRF:6
BRH:4
end_of_record
TN:
SF:src/handlers/tabs.ts
FN:8,(anonymous_1)
FN:19,(anonymous_2)
FN:38,(anonymous_3)
FN:60,(anonymous_4)
FN:83,(anonymous_5)
FNF:5
FNH:5
FNDA:2,(anonymous_1)
FNDA:2,(anonymous_2)
FNDA:1,(anonymous_3)
FNDA:1,(anonymous_4)
FNDA:1,(anonymous_5)
DA:1,1
DA:2,1
DA:5,1
DA:8,1
DA:9,2
DA:10,2
DA:11,1
DA:13,1
DA:14,1
DA:19,1
DA:20,2
DA:21,2
DA:22,2
DA:26,2
DA:27,1
DA:30,1
DA:32,0
DA:33,0
DA:38,1
DA:39,1
DA:40,1
DA:42,1
DA:52,1
DA:54,0
DA:55,0
DA:60,1
DA:61,1
DA:62,1
DA:63,1
DA:65,1
DA:75,1
DA:77,0
DA:78,0
DA:83,1
DA:84,1
DA:85,1
DA:87,1
DA:91,1
DA:93,0
DA:94,0
DA:98,1
LF:41
LH:33
BRDA:26,0,0,1
BRF:1
BRH:1
end_of_record
TN:
SF:src/handlers/tills.ts
FN:8,(anonymous_1)
FN:19,(anonymous_2)
FN:38,(anonymous_3)
FN:56,(anonymous_4)
FN:76,(anonymous_5)
FNF:5
FNH:5
FNDA:2,(anonymous_1)
FNDA:2,(anonymous_2)
FNDA:1,(anonymous_3)
FNDA:1,(anonymous_4)
FNDA:1,(anonymous_5)
DA:1,1
DA:2,1
DA:5,1
DA:8,1
DA:9,2
DA:10,2
DA:11,1
DA:13,1
DA:14,1
DA:19,1
DA:20,2
DA:21,2
DA:22,2
DA:26,2
DA:27,1
DA:30,1
DA:32,0
DA:33,0
DA:38,1
DA:39,1
DA:40,1
DA:42,1
DA:48,1
DA:50,0
DA:51,0
DA:56,1
DA:57,1
DA:58,1
DA:59,1
DA:61,1
DA:68,1
DA:70,0
DA:71,0
DA:76,1
DA:77,1
DA:78,1
DA:81,1
DA:97,1
DA:101,1
DA:103,0
DA:104,0
DA:108,1
LF:42
LH:34
BRDA:26,0,0,1
BRF:1
BRH:1
end_of_record
TN:
SF:src/handlers/transactions.ts
FN:8,(anonymous_1)
FN:21,(anonymous_2)
FN:40,(anonymous_3)
FNF:3
FNH:3
FNDA:2,(anonymous_1)
FNDA:2,(anonymous_2)
FNDA:1,(anonymous_3)
DA:1,1
DA:2,1
DA:5,1
DA:8,1
DA:9,2
DA:10,2
DA:13,1
DA:15,1
DA:16,1
DA:21,1
DA:22,2
DA:23,2
DA:24,2
DA:28,2
DA:29,1
DA:32,1
DA:34,0
DA:35,0
DA:40,1
DA:41,1
DA:45,1
DA:47,1
DA:63,1
DA:65,0
DA:66,0
DA:70,1
LF:26
LH:22
BRDA:28,0,0,1
BRF:1
BRH:1
end_of_record
TN:
SF:src/handlers/users.ts
FN:8,(anonymous_1)
FN:19,(anonymous_2)
FN:38,(anonymous_3)
FN:68,(anonymous_4)
FN:91,(anonymous_5)
FN:107,(anonymous_6)
FNF:6
FNH:6
FNDA:2,(anonymous_1)
FNDA:2,(anonymous_2)
FNDA:2,(anonymous_3)
FNDA:1,(anonymous_4)
FNDA:1,(anonymous_5)
FNDA:3,(anonymous_6)
DA:1,1
DA:2,1
DA:5,1
DA:8,1
DA:9,2
DA:10,2
DA:11,1
DA:13,1
DA:14,1
DA:19,1
DA:20,2
DA:21,2
DA:22,2
DA:26,2
DA:27,1
DA:30,1
DA:32,0
DA:33,0
DA:38,1
DA:39,2
DA:40,2
DA:43,2
DA:47,2
DA:48,1
DA:51,1
DA:60,1
DA:62,0
DA:63,0
DA:68,1
DA:69,1
DA:70,1
DA:71,1
DA:73,1
DA:83,1
DA:85,0
DA:86,0
DA:91,1
DA:92,1
DA:93,1
DA:95,1
DA:99,1
DA:101,0
DA:102,0
DA:107,1
DA:108,3
DA:109,3
DA:111,3
DA:112,1
DA:115,2
DA:122,2
DA:123,1
DA:126,1
DA:128,0
DA:129,0
DA:133,1
LF:55
LH:45
BRDA:26,0,0,1
BRDA:47,1,0,1
BRDA:111,2,0,1
BRDA:111,3,0,3
BRDA:111,3,1,2
BRDA:122,4,0,1
BRF:6
BRH:6
end_of_record
